Copyright 1986-2022 Xilinx, Inc. All Rights Reserved. Copyright 2022-2023 Advanced Micro Devices, Inc. All Rights Reserved.
---------------------------------------------------------------------------------------------------------------------------------------------
| Tool Version : Vivado v.2023.2 (win64) Build 4029153 Fri Oct 13 20:14:34 MDT 2023
| Date         : Fri May 24 15:55:12 2024
| Host         : Beta running 64-bit major release  (build 9200)
| Command      : upgrade_ip
| Device       : xc7z020clg400-1
---------------------------------------------------------------------------------------------------------------------------------------------

Upgrade Log for IP 'design_1_applyConvolution_0_1'

1. Summary
----------

CAUTION (success, with warnings) in the upgrade of design_1_applyConvolution_0_1 (xilinx.com:hls:applyConvolution:1.0) from (Rev. 2113571659) to (Rev. 2113571804)

After upgrade, an IP may have parameter and port differences compared to the original customization. Please review the parameters within the IP customization GUI to ensure proper functionality. Also, please review the updated IP instantiation template to ensure proper connectivity, and update your design if required.

2. Interface Information
------------------------

Detected external interface differences while upgrading 'design_1_applyConvolution_0_1'.


-Upgrade has removed interface 's_axi_control_r'

-Upgrade has added interface 's_axi_conv' (xilinx.com:interface:aximm:1.0)


3. Connection Warnings
----------------------

Detected external port differences while upgrading 'design_1_applyConvolution_0_1'. These changes may impact your design.


-Upgrade has removed port 's_axi_control_r_ARADDR'

-Upgrade has removed port 's_axi_control_r_ARREADY'

-Upgrade has removed port 's_axi_control_r_ARVALID'

-Upgrade has removed port 's_axi_control_r_AWADDR'

-Upgrade has removed port 's_axi_control_r_AWREADY'

-Upgrade has removed port 's_axi_control_r_AWVALID'

-Upgrade has removed port 's_axi_control_r_BREADY'

-Upgrade has removed port 's_axi_control_r_BRESP'

-Upgrade has removed port 's_axi_control_r_BVALID'

-Upgrade has removed port 's_axi_control_r_RDATA'

-Upgrade has removed port 's_axi_control_r_RREADY'

-Upgrade has removed port 's_axi_control_r_RRESP'

-Upgrade has removed port 's_axi_control_r_RVALID'

-Upgrade has removed port 's_axi_control_r_WDATA'

-Upgrade has removed port 's_axi_control_r_WREADY'

-Upgrade has removed port 's_axi_control_r_WSTRB'

-Upgrade has removed port 's_axi_control_r_WVALID'

-Upgrade has added port 's_axi_conv_ARADDR'

-Upgrade has added port 's_axi_conv_ARREADY'

-Upgrade has added port 's_axi_conv_ARVALID'

-Upgrade has added port 's_axi_conv_AWADDR'

-Upgrade has added port 's_axi_conv_AWREADY'

-Upgrade has added port 's_axi_conv_AWVALID'

-Upgrade has added port 's_axi_conv_BREADY'

-Upgrade has added port 's_axi_conv_BRESP'

-Upgrade has added port 's_axi_conv_BVALID'

-Upgrade has added port 's_axi_conv_RDATA'

-Upgrade has added port 's_axi_conv_RREADY'

-Upgrade has added port 's_axi_conv_RRESP'

-Upgrade has added port 's_axi_conv_RVALID'

-Upgrade has added port 's_axi_conv_WDATA'

-Upgrade has added port 's_axi_conv_WREADY'

-Upgrade has added port 's_axi_conv_WSTRB'

-Upgrade has added port 's_axi_conv_WVALID'


4. Addressing Information
-------------------------

Detected addressing differences while upgrading 'design_1_applyConvolution_0_1'. These changes may impact your design.


-Upgrade has removed address block 's_axi_control_r/Reg'

-Upgrade has added address block 's_axi_conv/Reg'


