INFO: [SIM 2] *************** CSIM start ***************
INFO: [SIM 4] CSIM will launch GCC as the compiler.
   Compiling(apcc) ../../../source/hls_and_gate_tb.c in debug mode
ECHO is off.
ECHO is off.
INFO: [HLS 200-10] Running 'C:/Xilinx/Vitis_HLS/2023.2/bin/unwrapped/win64.o/apcc.exe'
INFO: [HLS 200-10] For user 'seppe' on host 'wheatley' (Windows NT_amd64 version 6.2) on Fri May 03 10:22:35 +0200 2024
INFO: [HLS 200-10] In directory 'C:/02_PXL/HAC_PXL_2024/HLS_Oefeningen/Labo1_Oef1/solution1/csim/build'
INFO: [APCC 202-3] Tmp directory is C:/02_PXL/HAC_PXL_2024/HLS_Oefeningen/Labo1_Oef1/solution1/csim/build/apcc_db_seppe/65201812233922
INFO: [APCC 202-1] APCC is done.
INFO: [HLS 200-112] Total CPU user time: 0 seconds. Total CPU system time: 0 seconds. Total elapsed time: 3.198 seconds; peak allocated memory: 7.777 MB.
   Compiling(apcc) ../../../source/hls_and_gate.c in debug mode
ECHO is off.
ECHO is off.
INFO: [HLS 200-10] Running 'C:/Xilinx/Vitis_HLS/2023.2/bin/unwrapped/win64.o/apcc.exe'
INFO: [HLS 200-10] For user 'seppe' on host 'wheatley' (Windows NT_amd64 version 6.2) on Fri May 03 10:22:40 +0200 2024
INFO: [HLS 200-10] In directory 'C:/02_PXL/HAC_PXL_2024/HLS_Oefeningen/Labo1_Oef1/solution1/csim/build'
INFO: [APCC 202-3] Tmp directory is C:/02_PXL/HAC_PXL_2024/HLS_Oefeningen/Labo1_Oef1/solution1/csim/build/apcc_db_seppe/148041817510977
INFO: [APCC 202-1] APCC is done.
INFO: [HLS 200-112] Total CPU user time: 0 seconds. Total CPU system time: 0 seconds. Total elapsed time: 0.82 seconds; peak allocated memory: 0.000 MB.
   Generating csim.exe
INFO: [SIM 1] CSim file generation done with 0 errors.
INFO: [SIM 3] *************** CSIM finish ***************
