

================================================================
== Vitis HLS Report for 'ImageTransform_Pipeline_VITIS_LOOP_34_3_VITIS_LOOP_35_4'
================================================================
* Date:           Fri Jun 14 11:19:39 2024

* Version:        2023.2 (Build 4023990 on Oct 11 2023)
* Project:        HLS_examen
* Solution:       solution1 (Vivado IP Flow Target)
* Product family: zynq
* Target device:  xc7z020-clg400-1


================================================================
== Performance Estimates
================================================================
+ Timing: 
    * Summary: 
    +--------+---------+----------+------------+
    |  Clock |  Target | Estimated| Uncertainty|
    +--------+---------+----------+------------+
    |ap_clk  |  8.00 ns|  5.840 ns|     2.16 ns|
    +--------+---------+----------+------------+

+ Latency: 
    * Summary: 
    +---------+---------+----------+----------+-----+-----+---------+
    |  Latency (cycles) |  Latency (absolute) |  Interval | Pipeline|
    |   min   |   max   |    min   |    max   | min | max |   Type  |
    +---------+---------+----------+----------+-----+-----+---------+
    |        ?|        ?|         ?|         ?|    ?|    ?|       no|
    +---------+---------+----------+----------+-----+-----+---------+

    + Detail: 
        * Instance: 
        N/A

        * Loop: 
        +-----------------------------------+---------+---------+----------+-----------+-----------+------+----------+
        |                                   |  Latency (cycles) | Iteration|  Initiation Interval  | Trip |          |
        |             Loop Name             |   min   |   max   |  Latency |  achieved |   target  | Count| Pipelined|
        +-----------------------------------+---------+---------+----------+-----------+-----------+------+----------+
        |- VITIS_LOOP_34_3_VITIS_LOOP_35_4  |        ?|        ?|        16|          3|          1|     ?|       yes|
        +-----------------------------------+---------+---------+----------+-----------+-----------+------+----------+

============================================================
+ Verbose Summary: Synthesis Manager
============================================================
InlineROM: 1
ExposeGlobal: 0
============================================================
+ Verbose Summary: CDFG Model
============================================================
IsTopModel: 0
ResetActiveHigh: 1
IsCombinational: 0
IsDatapathOnly: 0
HasWiredReturn: 1
HasMFsm: 2
HasVarLatency: 1
IsPipeline: 0
IsRtlPipelined: 0
IsInstanceOverlapped: 0
IsDontTouch: 0
HasImplIP: 0
IsGatedGlobalClock: 0

+ Individual pipeline summary: 
  * Pipeline-0: initiation interval (II) = 3, depth = 17


============================================================
+ Verbose Summary: Schedule
============================================================
* Number of FSM states : 17
* Pipeline : 1
  Pipeline-0 : II = 3, D = 17, States = { 1 2 3 4 5 6 7 8 9 10 11 12 13 14 15 16 17 }
* Dataflow Pipeline: 0

* FSM state transitions: 
1 --> 2 
2 --> 3 
3 --> 4 
4 --> 5 
5 --> 6 
6 --> 7 
7 --> 8 
8 --> 9 
9 --> 10 
10 --> 11 
11 --> 12 
12 --> 13 
13 --> 14 
14 --> 15 
15 --> 16 
16 --> 17 
17 --> 

* FSM state operations: 

State 1 <SV = 0> <Delay = 1.58>
ST_1 : Operation 19 [1/1] (0.00ns)   --->   "%sumB = alloca i32 1" [HLS_examen/sources/hls_examen.c:31]   --->   Operation 19 'alloca' 'sumB' <Predicate = true> <Delay = 0.00>
ST_1 : Operation 20 [1/1] (0.00ns)   --->   "%sumG = alloca i32 1" [HLS_examen/sources/hls_examen.c:31]   --->   Operation 20 'alloca' 'sumG' <Predicate = true> <Delay = 0.00>
ST_1 : Operation 21 [1/1] (0.00ns)   --->   "%sumR = alloca i32 1" [HLS_examen/sources/hls_examen.c:31]   --->   Operation 21 'alloca' 'sumR' <Predicate = true> <Delay = 0.00>
ST_1 : Operation 22 [1/1] (0.00ns)   --->   "%indvar19 = alloca i32 1"   --->   Operation 22 'alloca' 'indvar19' <Predicate = true> <Delay = 0.00>
ST_1 : Operation 23 [1/1] (0.00ns)   --->   "%indvar17 = alloca i32 1"   --->   Operation 23 'alloca' 'indvar17' <Predicate = true> <Delay = 0.00>
ST_1 : Operation 24 [1/1] (0.00ns)   --->   "%indvar_flatten = alloca i32 1"   --->   Operation 24 'alloca' 'indvar_flatten' <Predicate = true> <Delay = 0.00>
ST_1 : Operation 25 [1/1] (0.00ns)   --->   "%imageRGBA_read = read i64 @_ssdm_op_Read.ap_auto.i64, i64 %imageRGBA"   --->   Operation 25 'read' 'imageRGBA_read' <Predicate = true> <Delay = 0.00>
ST_1 : Operation 26 [1/1] (0.00ns)   --->   "%zext_ln28_1_read = read i21 @_ssdm_op_Read.ap_auto.i21, i21 %zext_ln28_1"   --->   Operation 26 'read' 'zext_ln28_1_read' <Predicate = true> <Delay = 0.00>
ST_1 : Operation 27 [1/1] (0.00ns)   --->   "%sext_ln27_read = read i11 @_ssdm_op_Read.ap_auto.i11, i11 %sext_ln27"   --->   Operation 27 'read' 'sext_ln27_read' <Predicate = true> <Delay = 0.00>
ST_1 : Operation 28 [1/1] (0.00ns)   --->   "%mul_ln31_read = read i128 @_ssdm_op_Read.ap_auto.i128, i128 %mul_ln31"   --->   Operation 28 'read' 'mul_ln31_read' <Predicate = true> <Delay = 0.00>
ST_1 : Operation 29 [1/1] (0.00ns)   --->   "%zext_ln28_1_cast = zext i21 %zext_ln28_1_read"   --->   Operation 29 'zext' 'zext_ln28_1_cast' <Predicate = true> <Delay = 0.00>
ST_1 : Operation 30 [1/1] (0.00ns)   --->   "%sext_ln27_cast = sext i11 %sext_ln27_read"   --->   Operation 30 'sext' 'sext_ln27_cast' <Predicate = true> <Delay = 0.00>
ST_1 : Operation 31 [1/1] (0.00ns)   --->   "%specinterface_ln0 = specinterface void @_ssdm_op_SpecInterface, i8 %input_r, void @empty_11, i32 0, i32 0, void @empty_12, i32 0, i32 65536, void @empty, void @empty_0, void @empty_12, i32 16, i32 16, i32 16, i32 16, void @empty_12, void @empty_12, i32 4294967295, i32 0"   --->   Operation 31 'specinterface' 'specinterface_ln0' <Predicate = true> <Delay = 0.00>
ST_1 : Operation 32 [1/1] (1.58ns)   --->   "%store_ln0 = store i128 0, i128 %indvar_flatten"   --->   Operation 32 'store' 'store_ln0' <Predicate = true> <Delay = 1.58>
ST_1 : Operation 33 [1/1] (1.58ns)   --->   "%store_ln0 = store i64 0, i64 %indvar17"   --->   Operation 33 'store' 'store_ln0' <Predicate = true> <Delay = 1.58>
ST_1 : Operation 34 [1/1] (1.58ns)   --->   "%store_ln0 = store i64 0, i64 %indvar19"   --->   Operation 34 'store' 'store_ln0' <Predicate = true> <Delay = 1.58>
ST_1 : Operation 35 [1/1] (1.58ns)   --->   "%store_ln31 = store i32 0, i32 %sumR" [HLS_examen/sources/hls_examen.c:31]   --->   Operation 35 'store' 'store_ln31' <Predicate = true> <Delay = 1.58>
ST_1 : Operation 36 [1/1] (1.58ns)   --->   "%store_ln31 = store i32 0, i32 %sumG" [HLS_examen/sources/hls_examen.c:31]   --->   Operation 36 'store' 'store_ln31' <Predicate = true> <Delay = 1.58>
ST_1 : Operation 37 [1/1] (1.58ns)   --->   "%store_ln31 = store i32 0, i32 %sumB" [HLS_examen/sources/hls_examen.c:31]   --->   Operation 37 'store' 'store_ln31' <Predicate = true> <Delay = 1.58>
ST_1 : Operation 38 [1/1] (0.00ns)   --->   "%br_ln0 = br void %for.cond17"   --->   Operation 38 'br' 'br_ln0' <Predicate = true> <Delay = 0.00>

State 2 <SV = 1> <Delay = 5.35>
ST_2 : Operation 39 [1/1] (0.00ns)   --->   "%indvar_flatten_load = load i128 %indvar_flatten" [HLS_examen/sources/hls_examen.c:34]   --->   Operation 39 'load' 'indvar_flatten_load' <Predicate = true> <Delay = 0.00>
ST_2 : Operation 40 [1/1] (0.00ns)   --->   "%specbitsmap_ln0 = specbitsmap void @_ssdm_op_SpecBitsMap, i8 %input_r"   --->   Operation 40 'specbitsmap' 'specbitsmap_ln0' <Predicate = true> <Delay = 0.00>
ST_2 : Operation 41 [1/1] (5.35ns)   --->   "%icmp_ln34 = icmp_eq  i128 %indvar_flatten_load, i128 %mul_ln31_read" [HLS_examen/sources/hls_examen.c:34]   --->   Operation 41 'icmp' 'icmp_ln34' <Predicate = true> <Delay = 5.35> <CoreInst = "Cmp">   --->   Core 9 'Cmp' <Latency = 0> <II = 1> <Delay = 5.35> <FuncUnit> <Opcode : 'icmp'> <InPorts = 2> <OutPorts = 1>
ST_2 : Operation 42 [1/1] (5.35ns)   --->   "%add_ln34 = add i128 %indvar_flatten_load, i128 1" [HLS_examen/sources/hls_examen.c:34]   --->   Operation 42 'add' 'add_ln34' <Predicate = true> <Delay = 5.35> <CoreInst = "Adder">   --->   Core 1 'Adder' <Latency = 0> <II = 1> <Delay = 5.35> <FuncUnit> <Opcode : 'add' 'sub'> <InPorts = 2> <OutPorts = 1>
ST_2 : Operation 43 [1/1] (0.00ns)   --->   "%br_ln34 = br i1 %icmp_ln34, void %for.inc42, void %VITIS_LOOP_52_5.exitStub" [HLS_examen/sources/hls_examen.c:34]   --->   Operation 43 'br' 'br_ln34' <Predicate = true> <Delay = 0.00>
ST_2 : Operation 44 [1/1] (0.00ns)   --->   "%indvar19_load = load i64 %indvar19" [HLS_examen/sources/hls_examen.c:35]   --->   Operation 44 'load' 'indvar19_load' <Predicate = (!icmp_ln34)> <Delay = 0.00>
ST_2 : Operation 45 [1/1] (0.00ns)   --->   "%indvar17_load = load i64 %indvar17" [HLS_examen/sources/hls_examen.c:34]   --->   Operation 45 'load' 'indvar17_load' <Predicate = (!icmp_ln34)> <Delay = 0.00>
ST_2 : Operation 46 [1/1] (3.52ns)   --->   "%icmp_ln35 = icmp_eq  i64 %indvar19_load, i64 %sext_ln27_cast" [HLS_examen/sources/hls_examen.c:35]   --->   Operation 46 'icmp' 'icmp_ln35' <Predicate = (!icmp_ln34)> <Delay = 3.52> <CoreInst = "Cmp">   --->   Core 9 'Cmp' <Latency = 0> <II = 1> <Delay = 3.52> <FuncUnit> <Opcode : 'icmp'> <InPorts = 2> <OutPorts = 1>
ST_2 : Operation 47 [1/1] (3.52ns)   --->   "%add_ln34_1 = add i64 %indvar17_load, i64 1" [HLS_examen/sources/hls_examen.c:34]   --->   Operation 47 'add' 'add_ln34_1' <Predicate = (!icmp_ln34)> <Delay = 3.52> <CoreInst = "Adder">   --->   Core 1 'Adder' <Latency = 0> <II = 1> <Delay = 3.52> <FuncUnit> <Opcode : 'add' 'sub'> <InPorts = 2> <OutPorts = 1>

State 3 <SV = 2> <Delay = 5.00>
ST_3 : Operation 48 [1/1] (1.48ns)   --->   "%select_ln31 = select i1 %icmp_ln35, i64 0, i64 %indvar19_load" [HLS_examen/sources/hls_examen.c:31]   --->   Operation 48 'select' 'select_ln31' <Predicate = (!icmp_ln34)> <Delay = 1.48> <CoreInst = "Sel">   --->   Core 73 'Sel' <Latency = 0> <II = 1> <Delay = 1.48> <FuncUnit> <Opcode : 'select'> <InPorts = 3> <OutPorts = 1>
ST_3 : Operation 49 [1/1] (1.48ns)   --->   "%select_ln34 = select i1 %icmp_ln35, i64 %add_ln34_1, i64 %indvar17_load" [HLS_examen/sources/hls_examen.c:34]   --->   Operation 49 'select' 'select_ln34' <Predicate = (!icmp_ln34)> <Delay = 1.48> <CoreInst = "Sel">   --->   Core 73 'Sel' <Latency = 0> <II = 1> <Delay = 1.48> <FuncUnit> <Opcode : 'select'> <InPorts = 3> <OutPorts = 1>
ST_3 : Operation 50 [1/1] (0.00ns) (grouped into LUT with out node sub_ln34)   --->   "%shl_ln34 = shl i64 %select_ln34, i64 11" [HLS_examen/sources/hls_examen.c:34]   --->   Operation 50 'shl' 'shl_ln34' <Predicate = (!icmp_ln34)> <Delay = 0.00>
ST_3 : Operation 51 [1/1] (0.00ns) (grouped into LUT with out node sub_ln34)   --->   "%shl_ln34_1 = shl i64 %select_ln34, i64 7" [HLS_examen/sources/hls_examen.c:34]   --->   Operation 51 'shl' 'shl_ln34_1' <Predicate = (!icmp_ln34)> <Delay = 0.00>
ST_3 : Operation 52 [1/1] (3.52ns) (out node of the LUT)   --->   "%sub_ln34 = sub i64 %shl_ln34, i64 %shl_ln34_1" [HLS_examen/sources/hls_examen.c:34]   --->   Operation 52 'sub' 'sub_ln34' <Predicate = (!icmp_ln34)> <Delay = 3.52> <CoreInst = "Adder">   --->   Core 1 'Adder' <Latency = 0> <II = 1> <Delay = 3.52> <FuncUnit> <Opcode : 'add' 'sub'> <InPorts = 2> <OutPorts = 1>
ST_3 : Operation 53 [1/1] (1.58ns)   --->   "%store_ln34 = store i128 %add_ln34, i128 %indvar_flatten" [HLS_examen/sources/hls_examen.c:34]   --->   Operation 53 'store' 'store_ln34' <Predicate = (!icmp_ln34)> <Delay = 1.58>
ST_3 : Operation 54 [1/1] (1.58ns)   --->   "%store_ln34 = store i64 %select_ln34, i64 %indvar17" [HLS_examen/sources/hls_examen.c:34]   --->   Operation 54 'store' 'store_ln34' <Predicate = (!icmp_ln34)> <Delay = 1.58>

State 4 <SV = 3> <Delay = 5.30>
ST_4 : Operation 55 [1/1] (0.00ns)   --->   "%shl_ln35 = shl i64 %select_ln31, i64 2" [HLS_examen/sources/hls_examen.c:35]   --->   Operation 55 'shl' 'shl_ln35' <Predicate = (!icmp_ln34)> <Delay = 0.00>
ST_4 : Operation 56 [1/1] (0.00ns) (grouped into TernaryAdder)   --->   "%sub_ln35 = sub i64 %shl_ln35, i64 %select_ln31" [HLS_examen/sources/hls_examen.c:35]   --->   Operation 56 'sub' 'sub_ln35' <Predicate = (!icmp_ln34)> <Delay = 0.00> <CoreInst = "TAddSub">   --->   Core 10 'TAddSub' <Latency = 0> <II = 1> <Delay = 2.65> <IPBlock> <Opcode : '' 'add' 'sub'> <InPorts = 3> <OutPorts = 1> <Sync> <CReg>
ST_4 : Operation 57 [1/1] (5.30ns) (root node of TernaryAdder)   --->   "%add_ln35_3 = add i64 %sub_ln34, i64 %sub_ln35" [HLS_examen/sources/hls_examen.c:35]   --->   Operation 57 'add' 'add_ln35_3' <Predicate = (!icmp_ln34)> <Delay = 5.30> <CoreInst = "TAddSub">   --->   Core 10 'TAddSub' <Latency = 0> <II = 1> <Delay = 2.65> <IPBlock> <Opcode : '' 'add' 'sub'> <InPorts = 3> <OutPorts = 1> <Sync> <CReg>
ST_4 : Operation 58 [1/1] (3.52ns)   --->   "%add_ln35_2 = add i64 %select_ln31, i64 1" [HLS_examen/sources/hls_examen.c:35]   --->   Operation 58 'add' 'add_ln35_2' <Predicate = (!icmp_ln34)> <Delay = 3.52> <CoreInst = "Adder">   --->   Core 1 'Adder' <Latency = 0> <II = 1> <Delay = 3.52> <FuncUnit> <Opcode : 'add' 'sub'> <InPorts = 2> <OutPorts = 1>
ST_4 : Operation 59 [1/1] (1.58ns)   --->   "%store_ln35 = store i64 %add_ln35_2, i64 %indvar19" [HLS_examen/sources/hls_examen.c:35]   --->   Operation 59 'store' 'store_ln35' <Predicate = (!icmp_ln34)> <Delay = 1.58>

State 5 <SV = 4> <Delay = 5.30>
ST_5 : Operation 60 [1/1] (0.00ns) (grouped into TernaryAdder)   --->   "%add_ln35 = add i64 %zext_ln28_1_cast, i64 %imageRGBA_read" [HLS_examen/sources/hls_examen.c:35]   --->   Operation 60 'add' 'add_ln35' <Predicate = true> <Delay = 0.00> <CoreInst = "TAddSub">   --->   Core 10 'TAddSub' <Latency = 0> <II = 1> <Delay = 2.65> <IPBlock> <Opcode : '' 'add' 'sub'> <InPorts = 3> <OutPorts = 1> <Sync> <CReg>
ST_5 : Operation 61 [1/1] (5.30ns) (root node of TernaryAdder)   --->   "%add_ln35_1 = add i64 %add_ln35_3, i64 %add_ln35" [HLS_examen/sources/hls_examen.c:35]   --->   Operation 61 'add' 'add_ln35_1' <Predicate = true> <Delay = 5.30> <CoreInst = "TAddSub">   --->   Core 10 'TAddSub' <Latency = 0> <II = 1> <Delay = 2.65> <IPBlock> <Opcode : '' 'add' 'sub'> <InPorts = 3> <OutPorts = 1> <Sync> <CReg>
ST_5 : Operation 62 [1/1] (0.00ns)   --->   "%input_r_addr = getelementptr i8 %input_r, i64 %add_ln35_1" [HLS_examen/sources/hls_examen.c:37]   --->   Operation 62 'getelementptr' 'input_r_addr' <Predicate = true> <Delay = 0.00>

State 6 <SV = 5> <Delay = 5.84>
ST_6 : Operation 63 [8/8] (5.84ns)   --->   "%empty = readreq i1 @_ssdm_op_ReadReq.m_axi.p1i8, i8 %input_r_addr, i32 3" [HLS_examen/sources/hls_examen.c:37]   --->   Operation 63 'readreq' 'empty' <Predicate = true> <Delay = 5.84> <CoreInst = "m_axi">   --->   Core 113 'm_axi' <Latency = 0> <II = 1> <Delay = 1.00> <Adapter> <Opcode : 'read' 'write' 'readreq' 'writereq' 'writeresp'>

State 7 <SV = 6> <Delay = 5.84>
ST_7 : Operation 64 [7/8] (5.84ns)   --->   "%empty = readreq i1 @_ssdm_op_ReadReq.m_axi.p1i8, i8 %input_r_addr, i32 3" [HLS_examen/sources/hls_examen.c:37]   --->   Operation 64 'readreq' 'empty' <Predicate = true> <Delay = 5.84> <CoreInst = "m_axi">   --->   Core 113 'm_axi' <Latency = 0> <II = 1> <Delay = 1.00> <Adapter> <Opcode : 'read' 'write' 'readreq' 'writereq' 'writeresp'>

State 8 <SV = 7> <Delay = 5.84>
ST_8 : Operation 65 [6/8] (5.84ns)   --->   "%empty = readreq i1 @_ssdm_op_ReadReq.m_axi.p1i8, i8 %input_r_addr, i32 3" [HLS_examen/sources/hls_examen.c:37]   --->   Operation 65 'readreq' 'empty' <Predicate = true> <Delay = 5.84> <CoreInst = "m_axi">   --->   Core 113 'm_axi' <Latency = 0> <II = 1> <Delay = 1.00> <Adapter> <Opcode : 'read' 'write' 'readreq' 'writereq' 'writeresp'>

State 9 <SV = 8> <Delay = 5.84>
ST_9 : Operation 66 [5/8] (5.84ns)   --->   "%empty = readreq i1 @_ssdm_op_ReadReq.m_axi.p1i8, i8 %input_r_addr, i32 3" [HLS_examen/sources/hls_examen.c:37]   --->   Operation 66 'readreq' 'empty' <Predicate = true> <Delay = 5.84> <CoreInst = "m_axi">   --->   Core 113 'm_axi' <Latency = 0> <II = 1> <Delay = 1.00> <Adapter> <Opcode : 'read' 'write' 'readreq' 'writereq' 'writeresp'>

State 10 <SV = 9> <Delay = 5.84>
ST_10 : Operation 67 [4/8] (5.84ns)   --->   "%empty = readreq i1 @_ssdm_op_ReadReq.m_axi.p1i8, i8 %input_r_addr, i32 3" [HLS_examen/sources/hls_examen.c:37]   --->   Operation 67 'readreq' 'empty' <Predicate = true> <Delay = 5.84> <CoreInst = "m_axi">   --->   Core 113 'm_axi' <Latency = 0> <II = 1> <Delay = 1.00> <Adapter> <Opcode : 'read' 'write' 'readreq' 'writereq' 'writeresp'>

State 11 <SV = 10> <Delay = 5.84>
ST_11 : Operation 68 [3/8] (5.84ns)   --->   "%empty = readreq i1 @_ssdm_op_ReadReq.m_axi.p1i8, i8 %input_r_addr, i32 3" [HLS_examen/sources/hls_examen.c:37]   --->   Operation 68 'readreq' 'empty' <Predicate = true> <Delay = 5.84> <CoreInst = "m_axi">   --->   Core 113 'm_axi' <Latency = 0> <II = 1> <Delay = 1.00> <Adapter> <Opcode : 'read' 'write' 'readreq' 'writereq' 'writeresp'>

State 12 <SV = 11> <Delay = 5.84>
ST_12 : Operation 69 [2/8] (5.84ns)   --->   "%empty = readreq i1 @_ssdm_op_ReadReq.m_axi.p1i8, i8 %input_r_addr, i32 3" [HLS_examen/sources/hls_examen.c:37]   --->   Operation 69 'readreq' 'empty' <Predicate = true> <Delay = 5.84> <CoreInst = "m_axi">   --->   Core 113 'm_axi' <Latency = 0> <II = 1> <Delay = 1.00> <Adapter> <Opcode : 'read' 'write' 'readreq' 'writereq' 'writeresp'>

State 13 <SV = 12> <Delay = 5.84>
ST_13 : Operation 70 [1/8] (5.84ns)   --->   "%empty = readreq i1 @_ssdm_op_ReadReq.m_axi.p1i8, i8 %input_r_addr, i32 3" [HLS_examen/sources/hls_examen.c:37]   --->   Operation 70 'readreq' 'empty' <Predicate = true> <Delay = 5.84> <CoreInst = "m_axi">   --->   Core 113 'm_axi' <Latency = 0> <II = 1> <Delay = 1.00> <Adapter> <Opcode : 'read' 'write' 'readreq' 'writereq' 'writeresp'>

State 14 <SV = 13> <Delay = 5.84>
ST_14 : Operation 71 [1/1] (5.84ns)   --->   "%input_r_addr_read = read i8 @_ssdm_op_Read.m_axi.p1i8, i8 %input_r_addr" [HLS_examen/sources/hls_examen.c:37]   --->   Operation 71 'read' 'input_r_addr_read' <Predicate = true> <Delay = 5.84> <CoreInst = "m_axi">   --->   Core 113 'm_axi' <Latency = 0> <II = 1> <Delay = 1.00> <Adapter> <Opcode : 'read' 'write' 'readreq' 'writereq' 'writeresp'>
ST_14 : Operation 89 [1/1] (0.00ns)   --->   "%sumB_load_1 = load i32 %sumB"   --->   Operation 89 'load' 'sumB_load_1' <Predicate = (icmp_ln34)> <Delay = 0.00>
ST_14 : Operation 90 [1/1] (0.00ns)   --->   "%sumG_load_1 = load i32 %sumG"   --->   Operation 90 'load' 'sumG_load_1' <Predicate = (icmp_ln34)> <Delay = 0.00>
ST_14 : Operation 91 [1/1] (0.00ns)   --->   "%sumR_load_1 = load i32 %sumR"   --->   Operation 91 'load' 'sumR_load_1' <Predicate = (icmp_ln34)> <Delay = 0.00>
ST_14 : Operation 92 [1/1] (0.00ns)   --->   "%write_ln0 = write void @_ssdm_op_Write.ap_auto.i32P0A, i32 %sumR_out, i32 %sumR_load_1"   --->   Operation 92 'write' 'write_ln0' <Predicate = (icmp_ln34)> <Delay = 0.00>
ST_14 : Operation 93 [1/1] (0.00ns)   --->   "%write_ln0 = write void @_ssdm_op_Write.ap_auto.i32P0A, i32 %sumG_out, i32 %sumG_load_1"   --->   Operation 93 'write' 'write_ln0' <Predicate = (icmp_ln34)> <Delay = 0.00>
ST_14 : Operation 94 [1/1] (0.00ns)   --->   "%write_ln0 = write void @_ssdm_op_Write.ap_auto.i32P0A, i32 %sumB_out, i32 %sumB_load_1"   --->   Operation 94 'write' 'write_ln0' <Predicate = (icmp_ln34)> <Delay = 0.00>
ST_14 : Operation 95 [1/1] (0.00ns)   --->   "%ret_ln0 = ret"   --->   Operation 95 'ret' 'ret_ln0' <Predicate = (icmp_ln34)> <Delay = 0.00>

State 15 <SV = 14> <Delay = 5.84>
ST_15 : Operation 72 [1/1] (0.00ns)   --->   "%sumR_load = load i32 %sumR" [HLS_examen/sources/hls_examen.c:37]   --->   Operation 72 'load' 'sumR_load' <Predicate = true> <Delay = 0.00>
ST_15 : Operation 73 [1/1] (5.84ns)   --->   "%input_r_addr_read_1 = read i8 @_ssdm_op_Read.m_axi.p1i8, i8 %input_r_addr" [HLS_examen/sources/hls_examen.c:37]   --->   Operation 73 'read' 'input_r_addr_read_1' <Predicate = true> <Delay = 5.84> <CoreInst = "m_axi">   --->   Core 113 'm_axi' <Latency = 0> <II = 1> <Delay = 1.00> <Adapter> <Opcode : 'read' 'write' 'readreq' 'writereq' 'writeresp'>
ST_15 : Operation 74 [1/1] (0.00ns)   --->   "%zext_ln37 = zext i8 %input_r_addr_read" [HLS_examen/sources/hls_examen.c:37]   --->   Operation 74 'zext' 'zext_ln37' <Predicate = true> <Delay = 0.00>
ST_15 : Operation 75 [1/1] (2.55ns)   --->   "%sumR_1 = add i32 %zext_ln37, i32 %sumR_load" [HLS_examen/sources/hls_examen.c:37]   --->   Operation 75 'add' 'sumR_1' <Predicate = true> <Delay = 2.55> <CoreInst = "Adder">   --->   Core 1 'Adder' <Latency = 0> <II = 1> <Delay = 2.55> <FuncUnit> <Opcode : 'add' 'sub'> <InPorts = 2> <OutPorts = 1>
ST_15 : Operation 76 [1/1] (1.58ns)   --->   "%store_ln31 = store i32 %sumR_1, i32 %sumR" [HLS_examen/sources/hls_examen.c:31]   --->   Operation 76 'store' 'store_ln31' <Predicate = true> <Delay = 1.58>

State 16 <SV = 15> <Delay = 5.84>
ST_16 : Operation 77 [1/1] (0.00ns)   --->   "%sumG_load = load i32 %sumG" [HLS_examen/sources/hls_examen.c:38]   --->   Operation 77 'load' 'sumG_load' <Predicate = true> <Delay = 0.00>
ST_16 : Operation 78 [1/1] (5.84ns)   --->   "%input_r_addr_read_2 = read i8 @_ssdm_op_Read.m_axi.p1i8, i8 %input_r_addr" [HLS_examen/sources/hls_examen.c:37]   --->   Operation 78 'read' 'input_r_addr_read_2' <Predicate = true> <Delay = 5.84> <CoreInst = "m_axi">   --->   Core 113 'm_axi' <Latency = 0> <II = 1> <Delay = 1.00> <Adapter> <Opcode : 'read' 'write' 'readreq' 'writereq' 'writeresp'>
ST_16 : Operation 79 [1/1] (0.00ns)   --->   "%zext_ln38 = zext i8 %input_r_addr_read_1" [HLS_examen/sources/hls_examen.c:38]   --->   Operation 79 'zext' 'zext_ln38' <Predicate = true> <Delay = 0.00>
ST_16 : Operation 80 [1/1] (2.55ns)   --->   "%sumG_1 = add i32 %zext_ln38, i32 %sumG_load" [HLS_examen/sources/hls_examen.c:38]   --->   Operation 80 'add' 'sumG_1' <Predicate = true> <Delay = 2.55> <CoreInst = "Adder">   --->   Core 1 'Adder' <Latency = 0> <II = 1> <Delay = 2.55> <FuncUnit> <Opcode : 'add' 'sub'> <InPorts = 2> <OutPorts = 1>
ST_16 : Operation 81 [1/1] (1.58ns)   --->   "%store_ln31 = store i32 %sumG_1, i32 %sumG" [HLS_examen/sources/hls_examen.c:31]   --->   Operation 81 'store' 'store_ln31' <Predicate = true> <Delay = 1.58>

State 17 <SV = 16> <Delay = 4.14>
ST_17 : Operation 82 [1/1] (0.00ns)   --->   "%sumB_load = load i32 %sumB" [HLS_examen/sources/hls_examen.c:39]   --->   Operation 82 'load' 'sumB_load' <Predicate = true> <Delay = 0.00>
ST_17 : Operation 83 [1/1] (0.00ns)   --->   "%specloopname_ln0 = specloopname void @_ssdm_op_SpecLoopName, void @VITIS_LOOP_34_3_VITIS_LOOP_35_4_str"   --->   Operation 83 'specloopname' 'specloopname_ln0' <Predicate = true> <Delay = 0.00>
ST_17 : Operation 84 [1/1] (0.00ns)   --->   "%specpipeline_ln37 = specpipeline void @_ssdm_op_SpecPipeline, i32 4294967295, i32 0, i32 0, i32 0, void @empty_12" [HLS_examen/sources/hls_examen.c:37]   --->   Operation 84 'specpipeline' 'specpipeline_ln37' <Predicate = true> <Delay = 0.00>
ST_17 : Operation 85 [1/1] (0.00ns)   --->   "%zext_ln39 = zext i8 %input_r_addr_read_2" [HLS_examen/sources/hls_examen.c:39]   --->   Operation 85 'zext' 'zext_ln39' <Predicate = true> <Delay = 0.00>
ST_17 : Operation 86 [1/1] (2.55ns)   --->   "%sumB_1 = add i32 %zext_ln39, i32 %sumB_load" [HLS_examen/sources/hls_examen.c:39]   --->   Operation 86 'add' 'sumB_1' <Predicate = true> <Delay = 2.55> <CoreInst = "Adder">   --->   Core 1 'Adder' <Latency = 0> <II = 1> <Delay = 2.55> <FuncUnit> <Opcode : 'add' 'sub'> <InPorts = 2> <OutPorts = 1>
ST_17 : Operation 87 [1/1] (1.58ns)   --->   "%store_ln31 = store i32 %sumB_1, i32 %sumB" [HLS_examen/sources/hls_examen.c:31]   --->   Operation 87 'store' 'store_ln31' <Predicate = true> <Delay = 1.58>
ST_17 : Operation 88 [1/1] (0.00ns)   --->   "%br_ln35 = br void %for.cond17" [HLS_examen/sources/hls_examen.c:35]   --->   Operation 88 'br' 'br_ln35' <Predicate = true> <Delay = 0.00>


============================================================
+ Verbose Summary: Timing violations
============================================================
Target clock period: 8.000ns, clock uncertainty: 2.160ns.

 <State 1>: 1.588ns
The critical path consists of the following:
	'alloca' operation 128 bit ('indvar_flatten') [14]  (0.000 ns)
	'store' operation 0 bit ('store_ln0') of constant 0 on local variable 'indvar_flatten' [22]  (1.588 ns)

 <State 2>: 5.352ns
The critical path consists of the following:
	'load' operation 128 bit ('indvar_flatten_load', HLS_examen/sources/hls_examen.c:34) on local variable 'indvar_flatten' [30]  (0.000 ns)
	'icmp' operation 1 bit ('icmp_ln34', HLS_examen/sources/hls_examen.c:34) [32]  (5.352 ns)

 <State 3>: 5.001ns
The critical path consists of the following:
	'select' operation 64 bit ('select_ln34', HLS_examen/sources/hls_examen.c:34) [45]  (1.481 ns)
	'shl' operation 64 bit ('shl_ln34_1', HLS_examen/sources/hls_examen.c:34) [47]  (0.000 ns)
	'sub' operation 64 bit ('sub_ln34', HLS_examen/sources/hls_examen.c:34) [48]  (3.520 ns)

 <State 4>: 5.307ns
The critical path consists of the following:
	'shl' operation 64 bit ('shl_ln35', HLS_examen/sources/hls_examen.c:35) [49]  (0.000 ns)
	'sub' operation 64 bit ('sub_ln35', HLS_examen/sources/hls_examen.c:35) [50]  (0.000 ns)
	'add' operation 64 bit ('add_ln35_3', HLS_examen/sources/hls_examen.c:35) [52]  (5.307 ns)

 <State 5>: 5.307ns
The critical path consists of the following:
	'add' operation 64 bit ('add_ln35', HLS_examen/sources/hls_examen.c:35) [51]  (0.000 ns)
	'add' operation 64 bit ('add_ln35_1', HLS_examen/sources/hls_examen.c:35) [53]  (5.307 ns)

 <State 6>: 5.840ns
The critical path consists of the following:
	bus request operation ('empty', HLS_examen/sources/hls_examen.c:37) on port 'input_r' (HLS_examen/sources/hls_examen.c:37) [56]  (5.840 ns)

 <State 7>: 5.840ns
The critical path consists of the following:
	bus request operation ('empty', HLS_examen/sources/hls_examen.c:37) on port 'input_r' (HLS_examen/sources/hls_examen.c:37) [56]  (5.840 ns)

 <State 8>: 5.840ns
The critical path consists of the following:
	bus request operation ('empty', HLS_examen/sources/hls_examen.c:37) on port 'input_r' (HLS_examen/sources/hls_examen.c:37) [56]  (5.840 ns)

 <State 9>: 5.840ns
The critical path consists of the following:
	bus request operation ('empty', HLS_examen/sources/hls_examen.c:37) on port 'input_r' (HLS_examen/sources/hls_examen.c:37) [56]  (5.840 ns)

 <State 10>: 5.840ns
The critical path consists of the following:
	bus request operation ('empty', HLS_examen/sources/hls_examen.c:37) on port 'input_r' (HLS_examen/sources/hls_examen.c:37) [56]  (5.840 ns)

 <State 11>: 5.840ns
The critical path consists of the following:
	bus request operation ('empty', HLS_examen/sources/hls_examen.c:37) on port 'input_r' (HLS_examen/sources/hls_examen.c:37) [56]  (5.840 ns)

 <State 12>: 5.840ns
The critical path consists of the following:
	bus request operation ('empty', HLS_examen/sources/hls_examen.c:37) on port 'input_r' (HLS_examen/sources/hls_examen.c:37) [56]  (5.840 ns)

 <State 13>: 5.840ns
The critical path consists of the following:
	bus request operation ('empty', HLS_examen/sources/hls_examen.c:37) on port 'input_r' (HLS_examen/sources/hls_examen.c:37) [56]  (5.840 ns)

 <State 14>: 5.840ns
The critical path consists of the following:
	bus read operation ('input_r_addr_read', HLS_examen/sources/hls_examen.c:37) on port 'input_r' (HLS_examen/sources/hls_examen.c:37) [57]  (5.840 ns)

 <State 15>: 5.840ns
The critical path consists of the following:
	bus read operation ('input_r_addr_read_1', HLS_examen/sources/hls_examen.c:37) on port 'input_r' (HLS_examen/sources/hls_examen.c:37) [58]  (5.840 ns)

 <State 16>: 5.840ns
The critical path consists of the following:
	bus read operation ('input_r_addr_read_2', HLS_examen/sources/hls_examen.c:37) on port 'input_r' (HLS_examen/sources/hls_examen.c:37) [59]  (5.840 ns)

 <State 17>: 4.140ns
The critical path consists of the following:
	'load' operation 32 bit ('sumB_load', HLS_examen/sources/hls_examen.c:39) on local variable 'sumB', HLS_examen/sources/hls_examen.c:31 [36]  (0.000 ns)
	'add' operation 32 bit ('sumB', HLS_examen/sources/hls_examen.c:39) [65]  (2.552 ns)
	'store' operation 0 bit ('store_ln31', HLS_examen/sources/hls_examen.c:31) of variable 'sumB', HLS_examen/sources/hls_examen.c:39 on local variable 'sumB', HLS_examen/sources/hls_examen.c:31 [72]  (1.588 ns)


============================================================
+ Verbose Summary: Binding
============================================================
N/A
* FSMD analyzer results:
  - Output states:
 - Input state : 
  - Chain level:
	State 1
	State 2
	State 3
	State 4
	State 5
	State 6
	State 7
	State 8
	State 9
	State 10
	State 11
	State 12
	State 13
	State 14
	State 15
	State 16
	State 17


============================================================
+ Verbose Summary: Datapath Resource usage 
============================================================
N/A
