INFO: [SIM 2] *************** CSIM start ***************
INFO: [SIM 4] CSIM will launch GCC as the compiler.
   Compiling(apcc) ../../../source/hls_Custom_Gate_tb.c in debug mode
ECHO is off.
ECHO is off.
INFO: [HLS 200-10] Running 'C:/Xilinx/Vitis_HLS/2023.2/bin/unwrapped/win64.o/apcc.exe'
INFO: [HLS 200-10] For user 'seppe' on host 'wheatley' (Windows NT_amd64 version 6.2) on Fri May 03 10:45:42 +0200 2024
INFO: [HLS 200-10] In directory 'C:/02_PXL/HAC_PXL_2024/HLS_Oefeningen/Labo1_Oef2/solution1/csim/build'
INFO: [APCC 202-3] Tmp directory is C:/02_PXL/HAC_PXL_2024/HLS_Oefeningen/Labo1_Oef2/solution1/csim/build/apcc_db_seppe/125083198880091
INFO: [APCC 202-1] APCC is done.
INFO: [HLS 200-112] Total CPU user time: 0 seconds. Total CPU system time: 0 seconds. Total elapsed time: 0.824 seconds; peak allocated memory: 0.000 MB.
   Compiling(apcc) ../../../source/hls_Custom_Gate.c in debug mode
ECHO is off.
ECHO is off.
INFO: [HLS 200-10] Running 'C:/Xilinx/Vitis_HLS/2023.2/bin/unwrapped/win64.o/apcc.exe'
INFO: [HLS 200-10] For user 'seppe' on host 'wheatley' (Windows NT_amd64 version 6.2) on Fri May 03 10:45:44 +0200 2024
INFO: [HLS 200-10] In directory 'C:/02_PXL/HAC_PXL_2024/HLS_Oefeningen/Labo1_Oef2/solution1/csim/build'
INFO: [APCC 202-3] Tmp directory is C:/02_PXL/HAC_PXL_2024/HLS_Oefeningen/Labo1_Oef2/solution1/csim/build/apcc_db_seppe/178403201630068
INFO: [APCC 202-1] APCC is done.
INFO: [HLS 200-112] Total CPU user time: 0 seconds. Total CPU system time: 0 seconds. Total elapsed time: 0.798 seconds; peak allocated memory: 0.000 MB.
   Generating csim.exe
INFO: [SIM 1] CSim file generation done with 0 errors.
INFO: [SIM 3] *************** CSIM finish ***************
