INFO: [SIM 2] *************** CSIM start ***************
INFO: [SIM 4] CSIM will launch GCC as the compiler.
   Compiling(apcc) ../../../source/Convolutie_TB.c in debug mode
ECHO is off.
ECHO is off.
INFO: [HLS 200-10] Running 'C:/Xilinx/Vitis_HLS/2023.2/bin/unwrapped/win64.o/apcc.exe'
INFO: [HLS 200-10] For user 'kobed' on host 'beta' (Windows NT_amd64 version 6.2) on Wed May 22 21:26:19 +0200 2024
INFO: [HLS 200-10] In directory 'C:/XilinxDev/HACPXL2024/Image_filter_taak/HLS/Convolutie/solution1/csim/build'
../../../source/Convolutie_TB.c:32:26: warning: passing 'int8_t [36]' to parameter of type 'char *' converts between pointers to integer types with different sign [-Wpointer-sign]
        applyConvolution(Input, outputImg);
                         ^~~~~
../../../source/Convolutie.h:5:30: note: passing argument to parameter 'image' here
void applyConvolution( char* image,  char* output);
                             ^
1 warning generated.
../../../source/Convolutie_TB.c:32:26: warning: passing 'int8_t [36]' to parameter of type 'char *' converts between pointers to integer types with different sign [-Wpointer-sign]
        applyConvolution(Input, outputImg);
                         ^~~~~
../../../source/Convolutie.h:5:30: note: passing argument to parameter 'image' here
void applyConvolution( char* image,  char* output);
                             ^
1 warning generated.
INFO: [APCC 202-3] Tmp directory is C:/XilinxDev/HACPXL2024/Image_filter_taak/HLS/Convolutie/solution1/csim/build/apcc_db_kobed/207883903776398
INFO: [APCC 202-1] APCC is done.
INFO: [HLS 200-112] Total CPU user time: 0 seconds. Total CPU system time: 0 seconds. Total elapsed time: 50.562 seconds; peak allocated memory: 7.742 MB.
   Compiling(apcc) ../../../source/Convolutie.c in debug mode
ECHO is off.
ECHO is off.
INFO: [HLS 200-10] Running 'C:/Xilinx/Vitis_HLS/2023.2/bin/unwrapped/win64.o/apcc.exe'
INFO: [HLS 200-10] For user 'kobed' on host 'beta' (Windows NT_amd64 version 6.2) on Wed May 22 21:27:11 +0200 2024
INFO: [HLS 200-10] In directory 'C:/XilinxDev/HACPXL2024/Image_filter_taak/HLS/Convolutie/solution1/csim/build'
INFO: [APCC 202-3] Tmp directory is C:/XilinxDev/HACPXL2024/Image_filter_taak/HLS/Convolutie/solution1/csim/build/apcc_db_kobed/10843956365632
INFO: [APCC 202-1] APCC is done.
INFO: [HLS 200-112] Total CPU user time: 0 seconds. Total CPU system time: 0 seconds. Total elapsed time: 0.9 seconds; peak allocated memory: 1.691 MB.
   Generating csim.exe
INFO: [SIM 1] CSim file generation done with 0 errors.
INFO: [SIM 3] *************** CSIM finish ***************
