

================================================================
== Vitis HLS Report for 'applyConvolution_Pipeline_VITIS_LOOP_41_6'
================================================================
* Date:           Fri May 24 11:24:38 2024

* Version:        2023.2 (Build 4023990 on Oct 11 2023)
* Project:        Convolutie
* Solution:       solution1 (Vivado IP Flow Target)
* Product family: zynq
* Target device:  xc7z020-clg400-1


================================================================
== Performance Estimates
================================================================
+ Timing: 
    * Summary: 
    +--------+---------+----------+------------+
    |  Clock |  Target | Estimated| Uncertainty|
    +--------+---------+----------+------------+
    |ap_clk  |  8.00 ns|  6.178 ns|     2.16 ns|
    +--------+---------+----------+------------+

+ Latency: 
    * Summary: 
    +---------+---------+----------+----------+-----+-----+---------+
    |  Latency (cycles) |  Latency (absolute) |  Interval | Pipeline|
    |   min   |   max   |    min   |    max   | min | max |   Type  |
    +---------+---------+----------+----------+-----+-----+---------+
    |        ?|        ?|         ?|         ?|    ?|    ?|       no|
    +---------+---------+----------+----------+-----+-----+---------+

    + Detail: 
        * Instance: 
        N/A

        * Loop: 
        +-------------------+---------+---------+----------+-----------+-----------+------+----------+
        |                   |  Latency (cycles) | Iteration|  Initiation Interval  | Trip |          |
        |     Loop Name     |   min   |   max   |  Latency |  achieved |   target  | Count| Pipelined|
        +-------------------+---------+---------+----------+-----------+-----------+------+----------+
        |- VITIS_LOOP_41_6  |        ?|        ?|         4|          1|          1|     ?|       yes|
        +-------------------+---------+---------+----------+-----------+-----------+------+----------+

============================================================
+ Verbose Summary: Synthesis Manager
============================================================
InlineROM: 1
ExposeGlobal: 0
============================================================
+ Verbose Summary: CDFG Model
============================================================
IsTopModel: 0
ResetActiveHigh: 1
IsCombinational: 0
IsDatapathOnly: 0
HasWiredReturn: 1
HasMFsm: 2
HasVarLatency: 1
IsPipeline: 0
IsRtlPipelined: 0
IsInstanceOverlapped: 0
IsDontTouch: 0
HasImplIP: 0
IsGatedGlobalClock: 0

+ Individual pipeline summary: 
  * Pipeline-0: initiation interval (II) = 1, depth = 4


============================================================
+ Verbose Summary: Schedule
============================================================
* Number of FSM states : 4
* Pipeline : 1
  Pipeline-0 : II = 1, D = 4, States = { 1 2 3 4 }
* Dataflow Pipeline: 0

* FSM state transitions: 
1 --> 2 
2 --> 3 
3 --> 4 
4 --> 

* FSM state operations: 

State 1 <SV = 0> <Delay = 6.17>
ST_1 : Operation 7 [1/1] (0.00ns)   --->   "%ch = alloca i32 1" [Convolutie/source/Convolutie.c:41]   --->   Operation 7 'alloca' 'ch' <Predicate = true> <Delay = 0.00>
ST_1 : Operation 8 [1/1] (0.00ns)   --->   "%specinterface_ln0 = specinterface void @_ssdm_op_SpecInterface, i32 %output_r, void @empty_0, i32 0, i32 0, void @empty_1, i32 0, i32 0, void @empty, void @empty, void @empty, i32 0, i32 0, i32 0, i32 0, void @empty, void @empty, i32 4294967295, i32 0"   --->   Operation 8 'specinterface' 'specinterface_ln0' <Predicate = true> <Delay = 0.00>
ST_1 : Operation 9 [1/1] (0.00ns)   --->   "%specinterface_ln0 = specinterface void @_ssdm_op_SpecInterface, i32 %image_r, void @empty_0, i32 0, i32 0, void @empty_1, i32 0, i32 0, void @empty, void @empty, void @empty, i32 0, i32 0, i32 0, i32 0, void @empty, void @empty, i32 4294967295, i32 0"   --->   Operation 9 'specinterface' 'specinterface_ln0' <Predicate = true> <Delay = 0.00>
ST_1 : Operation 10 [1/1] (0.00ns)   --->   "%sum_2_5_read = read i32 @_ssdm_op_Read.ap_auto.float, i32 %sum_2_5"   --->   Operation 10 'read' 'sum_2_5_read' <Predicate = true> <Delay = 0.00>
ST_1 : Operation 11 [1/1] (0.00ns)   --->   "%sum_1_5_read = read i32 @_ssdm_op_Read.ap_auto.float, i32 %sum_1_5"   --->   Operation 11 'read' 'sum_1_5_read' <Predicate = true> <Delay = 0.00>
ST_1 : Operation 12 [1/1] (0.00ns)   --->   "%sum_0_5_read = read i32 @_ssdm_op_Read.ap_auto.float, i32 %sum_0_5"   --->   Operation 12 'read' 'sum_0_5_read' <Predicate = true> <Delay = 0.00>
ST_1 : Operation 13 [1/1] (0.00ns)   --->   "%channels_read = read i32 @_ssdm_op_Read.ap_auto.i32, i32 %channels"   --->   Operation 13 'read' 'channels_read' <Predicate = true> <Delay = 0.00>
ST_1 : Operation 14 [1/1] (1.58ns)   --->   "%store_ln41 = store i31 0, i31 %ch" [Convolutie/source/Convolutie.c:41]   --->   Operation 14 'store' 'store_ln41' <Predicate = true> <Delay = 1.58>
ST_1 : Operation 15 [1/1] (0.00ns)   --->   "%br_ln0 = br void %for.body51"   --->   Operation 15 'br' 'br_ln0' <Predicate = true> <Delay = 0.00>
ST_1 : Operation 16 [1/1] (0.00ns)   --->   "%ch_1 = load i31 %ch" [Convolutie/source/Convolutie.c:43]   --->   Operation 16 'load' 'ch_1' <Predicate = true> <Delay = 0.00>
ST_1 : Operation 17 [1/1] (0.00ns)   --->   "%zext_ln41 = zext i31 %ch_1" [Convolutie/source/Convolutie.c:41]   --->   Operation 17 'zext' 'zext_ln41' <Predicate = true> <Delay = 0.00>
ST_1 : Operation 18 [1/1] (2.55ns)   --->   "%icmp_ln41 = icmp_slt  i32 %zext_ln41, i32 %channels_read" [Convolutie/source/Convolutie.c:41]   --->   Operation 18 'icmp' 'icmp_ln41' <Predicate = true> <Delay = 2.55> <CoreInst = "Cmp">   --->   Core 9 'Cmp' <Latency = 0> <II = 1> <Delay = 2.55> <FuncUnit> <Opcode : 'icmp'> <InPorts = 2> <OutPorts = 1>
ST_1 : Operation 19 [1/1] (2.52ns)   --->   "%add_ln41 = add i31 %ch_1, i31 1" [Convolutie/source/Convolutie.c:41]   --->   Operation 19 'add' 'add_ln41' <Predicate = true> <Delay = 2.52> <CoreInst = "Adder">   --->   Core 1 'Adder' <Latency = 0> <II = 1> <Delay = 2.52> <FuncUnit> <Opcode : 'add' 'sub'> <InPorts = 2> <OutPorts = 1>
ST_1 : Operation 20 [1/1] (0.00ns)   --->   "%br_ln41 = br i1 %icmp_ln41, void %for.inc89.loopexit.exitStub, void %for.body51.split" [Convolutie/source/Convolutie.c:41]   --->   Operation 20 'br' 'br_ln41' <Predicate = true> <Delay = 0.00>
ST_1 : Operation 21 [1/1] (0.00ns)   --->   "%specpipeline_ln41 = specpipeline void @_ssdm_op_SpecPipeline, i32 4294967295, i32 0, i32 0, i32 0, void @empty" [Convolutie/source/Convolutie.c:41]   --->   Operation 21 'specpipeline' 'specpipeline_ln41' <Predicate = (icmp_ln41)> <Delay = 0.00>
ST_1 : Operation 22 [1/1] (0.00ns)   --->   "%specloopname_ln41 = specloopname void @_ssdm_op_SpecLoopName, void @empty_11" [Convolutie/source/Convolutie.c:41]   --->   Operation 22 'specloopname' 'specloopname_ln41' <Predicate = (icmp_ln41)> <Delay = 0.00>
ST_1 : Operation 23 [1/1] (2.52ns)   --->   "%icmp_ln42 = icmp_ult  i31 %ch_1, i31 3" [Convolutie/source/Convolutie.c:42]   --->   Operation 23 'icmp' 'icmp_ln42' <Predicate = (icmp_ln41)> <Delay = 2.52> <CoreInst = "Cmp">   --->   Core 9 'Cmp' <Latency = 0> <II = 1> <Delay = 2.52> <FuncUnit> <Opcode : 'icmp'> <InPorts = 2> <OutPorts = 1>
ST_1 : Operation 24 [1/1] (0.00ns)   --->   "%br_ln42 = br i1 %icmp_ln42, void %if.else, void %if.then53" [Convolutie/source/Convolutie.c:42]   --->   Operation 24 'br' 'br_ln42' <Predicate = (icmp_ln41)> <Delay = 0.00>
ST_1 : Operation 25 [1/1] (1.00ns)   --->   "%image_r_read = read i32 @_ssdm_op_Read.axis.volatile.i32P128A, i32 %image_r" [Convolutie/source/Convolutie.c:47]   --->   Operation 25 'read' 'image_r_read' <Predicate = (icmp_ln41 & !icmp_ln42)> <Delay = 1.00> <CoreInst = "axis">   --->   Core 115 'axis' <Latency = 0> <II = 1> <Delay = 1.00> <Adapter> <Opcode : >
ST_1 : Operation 26 [1/1] (0.00ns)   --->   "%trunc_ln43 = trunc i31 %ch_1" [Convolutie/source/Convolutie.c:43]   --->   Operation 26 'trunc' 'trunc_ln43' <Predicate = (icmp_ln41 & icmp_ln42)> <Delay = 0.00>
ST_1 : Operation 27 [1/1] (1.70ns)   --->   "%dc = mux i32 @_ssdm_op_Mux.ap_auto.3float.i2, i32 %sum_0_5_read, i32 %sum_1_5_read, i32 %sum_2_5_read, i2 %trunc_ln43" [Convolutie/source/Convolutie.c:43]   --->   Operation 27 'mux' 'dc' <Predicate = (icmp_ln41 & icmp_ln42)> <Delay = 1.70> <CoreInst = "Multiplexer">   --->   Core 76 'Multiplexer' <Latency = 0> <II = 1> <Delay = 1.70> <FuncUnit> <Opcode : 'mux'> <InPorts = 2> <OutPorts = 1>
ST_1 : Operation 28 [1/1] (0.00ns)   --->   "%data = bitcast i32 %dc" [C:\scratch\2023.2\hls_product\689\2023.2\src\shared\hls\clib/src/hls\utils/x_hls_utils.h:288->C:\scratch\2023.2\hls_product\689\2023.2\src\shared\hls\clib/hlsmath/include/FloatingPoint\hls_case_IEEE754.h:13->C:\scratch\2023.2\hls_product\689\2023.2\src\shared\hls\clib/hlsmath/include/FloatingPoint\hls_case_IEEE754.h:117->C:\scratch\2023.2\hls_product\689\2023.2\src\shared\hls\clib\hlsmath\src\lib_floatconversion.cpp:51->Convolutie/source/Convolutie.c:43]   --->   Operation 28 'bitcast' 'data' <Predicate = (icmp_ln41 & icmp_ln42)> <Delay = 0.00>
ST_1 : Operation 29 [1/1] (0.00ns)   --->   "%xs_sign = bitselect i1 @_ssdm_op_BitSelect.i1.i32.i32, i32 %data, i32 31" [C:\scratch\2023.2\hls_product\689\2023.2\src\shared\hls\clib/src/hls\utils/x_hls_utils.h:294->C:\scratch\2023.2\hls_product\689\2023.2\src\shared\hls\clib/hlsmath/include/FloatingPoint\hls_case_IEEE754.h:13->C:\scratch\2023.2\hls_product\689\2023.2\src\shared\hls\clib/hlsmath/include/FloatingPoint\hls_case_IEEE754.h:117->C:\scratch\2023.2\hls_product\689\2023.2\src\shared\hls\clib\hlsmath\src\lib_floatconversion.cpp:51->Convolutie/source/Convolutie.c:43]   --->   Operation 29 'bitselect' 'xs_sign' <Predicate = (icmp_ln41 & icmp_ln42)> <Delay = 0.00>
ST_1 : Operation 30 [1/1] (0.00ns)   --->   "%xs_exp = partselect i8 @_ssdm_op_PartSelect.i8.i32.i32.i32, i32 %data, i32 23, i32 30" [C:\scratch\2023.2\hls_product\689\2023.2\src\shared\hls\clib/src/hls\utils/x_hls_utils.h:295->C:\scratch\2023.2\hls_product\689\2023.2\src\shared\hls\clib/hlsmath/include/FloatingPoint\hls_case_IEEE754.h:13->C:\scratch\2023.2\hls_product\689\2023.2\src\shared\hls\clib/hlsmath/include/FloatingPoint\hls_case_IEEE754.h:117->C:\scratch\2023.2\hls_product\689\2023.2\src\shared\hls\clib\hlsmath\src\lib_floatconversion.cpp:51->Convolutie/source/Convolutie.c:43]   --->   Operation 30 'partselect' 'xs_exp' <Predicate = (icmp_ln41 & icmp_ln42)> <Delay = 0.00>
ST_1 : Operation 31 [1/1] (0.00ns)   --->   "%trunc_ln342 = trunc i32 %data" [C:\scratch\2023.2\hls_product\689\2023.2\src\shared\hls\clib/src/hls\utils/x_hls_utils.h:342->C:\scratch\2023.2\hls_product\689\2023.2\src\shared\hls\clib/hlsmath/include/FloatingPoint\hls_case_IEEE754.h:15->C:\scratch\2023.2\hls_product\689\2023.2\src\shared\hls\clib/hlsmath/include/FloatingPoint\hls_case_IEEE754.h:117->C:\scratch\2023.2\hls_product\689\2023.2\src\shared\hls\clib\hlsmath\src\lib_floatconversion.cpp:51->Convolutie/source/Convolutie.c:43]   --->   Operation 31 'trunc' 'trunc_ln342' <Predicate = (icmp_ln41 & icmp_ln42)> <Delay = 0.00>
ST_1 : Operation 32 [1/1] (0.00ns)   --->   "%zext_ln317 = zext i8 %xs_exp" [C:\scratch\2023.2\hls_product\689\2023.2\src\shared\hls\clib/src/hls\utils/x_hls_utils.h:317->C:\scratch\2023.2\hls_product\689\2023.2\src\shared\hls\clib/hlsmath/include/FloatingPoint\hls_case_IEEE754.h:18->C:\scratch\2023.2\hls_product\689\2023.2\src\shared\hls\clib/hlsmath/include/FloatingPoint\hls_case_IEEE754.h:117->C:\scratch\2023.2\hls_product\689\2023.2\src\shared\hls\clib\hlsmath\src\lib_floatconversion.cpp:51->Convolutie/source/Convolutie.c:43]   --->   Operation 32 'zext' 'zext_ln317' <Predicate = (icmp_ln41 & icmp_ln42)> <Delay = 0.00>
ST_1 : Operation 33 [1/1] (1.91ns)   --->   "%add_ln317 = add i9 %zext_ln317, i9 385" [C:\scratch\2023.2\hls_product\689\2023.2\src\shared\hls\clib/src/hls\utils/x_hls_utils.h:317->C:\scratch\2023.2\hls_product\689\2023.2\src\shared\hls\clib/hlsmath/include/FloatingPoint\hls_case_IEEE754.h:18->C:\scratch\2023.2\hls_product\689\2023.2\src\shared\hls\clib/hlsmath/include/FloatingPoint\hls_case_IEEE754.h:117->C:\scratch\2023.2\hls_product\689\2023.2\src\shared\hls\clib\hlsmath\src\lib_floatconversion.cpp:51->Convolutie/source/Convolutie.c:43]   --->   Operation 33 'add' 'add_ln317' <Predicate = (icmp_ln41 & icmp_ln42)> <Delay = 1.91> <CoreInst = "Adder">   --->   Core 1 'Adder' <Latency = 0> <II = 1> <Delay = 1.91> <FuncUnit> <Opcode : 'add' 'sub'> <InPorts = 2> <OutPorts = 1>
ST_1 : Operation 34 [1/1] (0.00ns)   --->   "%tmp = bitselect i1 @_ssdm_op_BitSelect.i1.i9.i32, i9 %add_ln317, i32 8" [C:\scratch\2023.2\hls_product\689\2023.2\src\shared\hls\clib/hlsmath/include/FloatingPoint\hls_case_IEEE754.h:18->C:\scratch\2023.2\hls_product\689\2023.2\src\shared\hls\clib/hlsmath/include/FloatingPoint\hls_case_IEEE754.h:117->C:\scratch\2023.2\hls_product\689\2023.2\src\shared\hls\clib\hlsmath\src\lib_floatconversion.cpp:51->Convolutie/source/Convolutie.c:43]   --->   Operation 34 'bitselect' 'tmp' <Predicate = (icmp_ln41 & icmp_ln42)> <Delay = 0.00>
ST_1 : Operation 35 [1/1] (1.91ns)   --->   "%sub_ln18 = sub i8 127, i8 %xs_exp" [C:\scratch\2023.2\hls_product\689\2023.2\src\shared\hls\clib/hlsmath/include/FloatingPoint\hls_case_IEEE754.h:18->C:\scratch\2023.2\hls_product\689\2023.2\src\shared\hls\clib/hlsmath/include/FloatingPoint\hls_case_IEEE754.h:117->C:\scratch\2023.2\hls_product\689\2023.2\src\shared\hls\clib\hlsmath\src\lib_floatconversion.cpp:51->Convolutie/source/Convolutie.c:43]   --->   Operation 35 'sub' 'sub_ln18' <Predicate = (icmp_ln41 & icmp_ln42)> <Delay = 1.91> <CoreInst = "Adder">   --->   Core 1 'Adder' <Latency = 0> <II = 1> <Delay = 1.91> <FuncUnit> <Opcode : 'add' 'sub'> <InPorts = 2> <OutPorts = 1>
ST_1 : Operation 36 [1/1] (0.00ns)   --->   "%sext_ln18 = sext i8 %sub_ln18" [C:\scratch\2023.2\hls_product\689\2023.2\src\shared\hls\clib/hlsmath/include/FloatingPoint\hls_case_IEEE754.h:18->C:\scratch\2023.2\hls_product\689\2023.2\src\shared\hls\clib/hlsmath/include/FloatingPoint\hls_case_IEEE754.h:117->C:\scratch\2023.2\hls_product\689\2023.2\src\shared\hls\clib\hlsmath\src\lib_floatconversion.cpp:51->Convolutie/source/Convolutie.c:43]   --->   Operation 36 'sext' 'sext_ln18' <Predicate = (icmp_ln41 & icmp_ln42)> <Delay = 0.00>
ST_1 : Operation 37 [1/1] (0.96ns)   --->   "%select_ln18 = select i1 %tmp, i9 %sext_ln18, i9 %add_ln317" [C:\scratch\2023.2\hls_product\689\2023.2\src\shared\hls\clib/hlsmath/include/FloatingPoint\hls_case_IEEE754.h:18->C:\scratch\2023.2\hls_product\689\2023.2\src\shared\hls\clib/hlsmath/include/FloatingPoint\hls_case_IEEE754.h:117->C:\scratch\2023.2\hls_product\689\2023.2\src\shared\hls\clib\hlsmath\src\lib_floatconversion.cpp:51->Convolutie/source/Convolutie.c:43]   --->   Operation 37 'select' 'select_ln18' <Predicate = (icmp_ln41 & icmp_ln42)> <Delay = 0.96> <CoreInst = "Sel">   --->   Core 73 'Sel' <Latency = 0> <II = 1> <Delay = 0.96> <FuncUnit> <Opcode : 'select'> <InPorts = 3> <OutPorts = 1>
ST_1 : Operation 38 [1/1] (1.58ns)   --->   "%store_ln41 = store i31 %add_ln41, i31 %ch" [Convolutie/source/Convolutie.c:41]   --->   Operation 38 'store' 'store_ln41' <Predicate = (icmp_ln41)> <Delay = 1.58>
ST_1 : Operation 39 [1/1] (0.00ns)   --->   "%br_ln41 = br void %for.body51" [Convolutie/source/Convolutie.c:41]   --->   Operation 39 'br' 'br_ln41' <Predicate = (icmp_ln41)> <Delay = 0.00>

State 2 <SV = 1> <Delay = 5.11>
ST_2 : Operation 40 [1/1] (0.00ns)   --->   "%mantissa = bitconcatenate i25 @_ssdm_op_BitConcatenate.i25.i1.i23.i1, i1 1, i23 %trunc_ln342, i1 0" [C:\scratch\2023.2\hls_product\689\2023.2\src\shared\hls\clib/hlsmath/include/FloatingPoint\hls_case_IEEE754.h:15->C:\scratch\2023.2\hls_product\689\2023.2\src\shared\hls\clib/hlsmath/include/FloatingPoint\hls_case_IEEE754.h:117->C:\scratch\2023.2\hls_product\689\2023.2\src\shared\hls\clib\hlsmath\src\lib_floatconversion.cpp:51->Convolutie/source/Convolutie.c:43]   --->   Operation 40 'bitconcatenate' 'mantissa' <Predicate = (icmp_ln42)> <Delay = 0.00>
ST_2 : Operation 41 [1/1] (0.00ns)   --->   "%zext_ln15 = zext i25 %mantissa" [C:\scratch\2023.2\hls_product\689\2023.2\src\shared\hls\clib/hlsmath/include/FloatingPoint\hls_case_IEEE754.h:15->C:\scratch\2023.2\hls_product\689\2023.2\src\shared\hls\clib/hlsmath/include/FloatingPoint\hls_case_IEEE754.h:117->C:\scratch\2023.2\hls_product\689\2023.2\src\shared\hls\clib\hlsmath\src\lib_floatconversion.cpp:51->Convolutie/source/Convolutie.c:43]   --->   Operation 41 'zext' 'zext_ln15' <Predicate = (icmp_ln42)> <Delay = 0.00>
ST_2 : Operation 42 [1/1] (0.00ns)   --->   "%sext_ln18_1 = sext i9 %select_ln18" [C:\scratch\2023.2\hls_product\689\2023.2\src\shared\hls\clib/hlsmath/include/FloatingPoint\hls_case_IEEE754.h:18->C:\scratch\2023.2\hls_product\689\2023.2\src\shared\hls\clib/hlsmath/include/FloatingPoint\hls_case_IEEE754.h:117->C:\scratch\2023.2\hls_product\689\2023.2\src\shared\hls\clib\hlsmath\src\lib_floatconversion.cpp:51->Convolutie/source/Convolutie.c:43]   --->   Operation 42 'sext' 'sext_ln18_1' <Predicate = (icmp_ln42)> <Delay = 0.00>
ST_2 : Operation 43 [1/1] (0.00ns)   --->   "%zext_ln18 = zext i32 %sext_ln18_1" [C:\scratch\2023.2\hls_product\689\2023.2\src\shared\hls\clib/hlsmath/include/FloatingPoint\hls_case_IEEE754.h:18->C:\scratch\2023.2\hls_product\689\2023.2\src\shared\hls\clib/hlsmath/include/FloatingPoint\hls_case_IEEE754.h:117->C:\scratch\2023.2\hls_product\689\2023.2\src\shared\hls\clib\hlsmath\src\lib_floatconversion.cpp:51->Convolutie/source/Convolutie.c:43]   --->   Operation 43 'zext' 'zext_ln18' <Predicate = (icmp_ln42)> <Delay = 0.00>
ST_2 : Operation 44 [1/1] (4.42ns)   --->   "%lshr_ln18 = lshr i79 %zext_ln15, i79 %zext_ln18" [C:\scratch\2023.2\hls_product\689\2023.2\src\shared\hls\clib/hlsmath/include/FloatingPoint\hls_case_IEEE754.h:18->C:\scratch\2023.2\hls_product\689\2023.2\src\shared\hls\clib/hlsmath/include/FloatingPoint\hls_case_IEEE754.h:117->C:\scratch\2023.2\hls_product\689\2023.2\src\shared\hls\clib\hlsmath\src\lib_floatconversion.cpp:51->Convolutie/source/Convolutie.c:43]   --->   Operation 44 'lshr' 'lshr_ln18' <Predicate = (icmp_ln42 & tmp)> <Delay = 4.42> <CoreInst = "Shifter">   --->   Core 75 'Shifter' <Latency = 0> <II = 1> <Delay = 4.42> <FuncUnit> <Opcode : 'shl' 'lshr' 'ashr'> <InPorts = 2> <OutPorts = 1>
ST_2 : Operation 45 [1/1] (4.42ns)   --->   "%shl_ln18 = shl i79 %zext_ln15, i79 %zext_ln18" [C:\scratch\2023.2\hls_product\689\2023.2\src\shared\hls\clib/hlsmath/include/FloatingPoint\hls_case_IEEE754.h:18->C:\scratch\2023.2\hls_product\689\2023.2\src\shared\hls\clib/hlsmath/include/FloatingPoint\hls_case_IEEE754.h:117->C:\scratch\2023.2\hls_product\689\2023.2\src\shared\hls\clib\hlsmath\src\lib_floatconversion.cpp:51->Convolutie/source/Convolutie.c:43]   --->   Operation 45 'shl' 'shl_ln18' <Predicate = (icmp_ln42 & !tmp)> <Delay = 4.42> <CoreInst = "Shifter">   --->   Core 75 'Shifter' <Latency = 0> <II = 1> <Delay = 4.42> <FuncUnit> <Opcode : 'shl' 'lshr' 'ashr'> <InPorts = 2> <OutPorts = 1>
ST_2 : Operation 46 [1/1] (0.00ns)   --->   "%tmp_3 = partselect i32 @_ssdm_op_PartSelect.i32.i79.i32.i32, i79 %lshr_ln18, i32 24, i32 55" [C:\scratch\2023.2\hls_product\689\2023.2\src\shared\hls\clib/hlsmath/include/FloatingPoint\hls_case_IEEE754.h:21->C:\scratch\2023.2\hls_product\689\2023.2\src\shared\hls\clib/hlsmath/include/FloatingPoint\hls_case_IEEE754.h:117->C:\scratch\2023.2\hls_product\689\2023.2\src\shared\hls\clib\hlsmath\src\lib_floatconversion.cpp:51->Convolutie/source/Convolutie.c:43]   --->   Operation 46 'partselect' 'tmp_3' <Predicate = (icmp_ln42 & tmp)> <Delay = 0.00>
ST_2 : Operation 47 [1/1] (0.00ns)   --->   "%tmp_4 = partselect i32 @_ssdm_op_PartSelect.i32.i79.i32.i32, i79 %shl_ln18, i32 24, i32 55" [C:\scratch\2023.2\hls_product\689\2023.2\src\shared\hls\clib/hlsmath/include/FloatingPoint\hls_case_IEEE754.h:21->C:\scratch\2023.2\hls_product\689\2023.2\src\shared\hls\clib/hlsmath/include/FloatingPoint\hls_case_IEEE754.h:117->C:\scratch\2023.2\hls_product\689\2023.2\src\shared\hls\clib\hlsmath\src\lib_floatconversion.cpp:51->Convolutie/source/Convolutie.c:43]   --->   Operation 47 'partselect' 'tmp_4' <Predicate = (icmp_ln42 & !tmp)> <Delay = 0.00>
ST_2 : Operation 48 [1/1] (0.69ns)   --->   "%val_1 = select i1 %tmp, i32 %tmp_3, i32 %tmp_4" [C:\scratch\2023.2\hls_product\689\2023.2\src\shared\hls\clib/hlsmath/include/FloatingPoint\hls_case_IEEE754.h:18->C:\scratch\2023.2\hls_product\689\2023.2\src\shared\hls\clib/hlsmath/include/FloatingPoint\hls_case_IEEE754.h:117->C:\scratch\2023.2\hls_product\689\2023.2\src\shared\hls\clib\hlsmath\src\lib_floatconversion.cpp:51->Convolutie/source/Convolutie.c:43]   --->   Operation 48 'select' 'val_1' <Predicate = (icmp_ln42)> <Delay = 0.69> <CoreInst = "Sel">   --->   Core 73 'Sel' <Latency = 0> <II = 1> <Delay = 0.69> <FuncUnit> <Opcode : 'select'> <InPorts = 3> <OutPorts = 1>

State 3 <SV = 2> <Delay = 2.55>
ST_3 : Operation 49 [1/1] (2.55ns)   --->   "%result_2 = sub i32 0, i32 %val_1" [C:\scratch\2023.2\hls_product\689\2023.2\src\shared\hls\clib/hlsmath/include/FloatingPoint\hls_case_IEEE754.h:59->C:\scratch\2023.2\hls_product\689\2023.2\src\shared\hls\clib/hlsmath/include/FloatingPoint\hls_case_IEEE754.h:117->C:\scratch\2023.2\hls_product\689\2023.2\src\shared\hls\clib\hlsmath\src\lib_floatconversion.cpp:51->Convolutie/source/Convolutie.c:43]   --->   Operation 49 'sub' 'result_2' <Predicate = (icmp_ln42 & xs_sign)> <Delay = 2.55> <CoreInst = "Adder">   --->   Core 1 'Adder' <Latency = 0> <II = 1> <Delay = 2.55> <FuncUnit> <Opcode : 'add' 'sub'> <InPorts = 2> <OutPorts = 1>
ST_3 : Operation 63 [1/1] (0.00ns)   --->   "%ret_ln0 = ret"   --->   Operation 63 'ret' 'ret_ln0' <Predicate = (!icmp_ln41)> <Delay = 0.00>

State 4 <SV = 3> <Delay = 5.26>
ST_4 : Operation 50 [1/1] (1.00ns)   --->   "%write_ln47 = write void @_ssdm_op_Write.axis.volatile.i32P128A, i32 %output_r, i32 %image_r_read" [Convolutie/source/Convolutie.c:47]   --->   Operation 50 'write' 'write_ln47' <Predicate = (!icmp_ln42)> <Delay = 1.00> <CoreInst = "axis">   --->   Core 115 'axis' <Latency = 0> <II = 1> <Delay = 1.00> <Adapter> <Opcode : >
ST_4 : Operation 51 [1/1] (0.00ns)   --->   "%br_ln0 = br void %for.inc86"   --->   Operation 51 'br' 'br_ln0' <Predicate = (!icmp_ln42)> <Delay = 0.00>
ST_4 : Operation 52 [1/1] (0.69ns)   --->   "%result = select i1 %xs_sign, i32 %result_2, i32 %val_1" [C:\scratch\2023.2\hls_product\689\2023.2\src\shared\hls\clib/hlsmath/include/FloatingPoint\hls_case_IEEE754.h:59->C:\scratch\2023.2\hls_product\689\2023.2\src\shared\hls\clib/hlsmath/include/FloatingPoint\hls_case_IEEE754.h:117->C:\scratch\2023.2\hls_product\689\2023.2\src\shared\hls\clib\hlsmath\src\lib_floatconversion.cpp:51->Convolutie/source/Convolutie.c:43]   --->   Operation 52 'select' 'result' <Predicate = (icmp_ln42)> <Delay = 0.69> <CoreInst = "Sel">   --->   Core 73 'Sel' <Latency = 0> <II = 1> <Delay = 0.69> <FuncUnit> <Opcode : 'select'> <InPorts = 3> <OutPorts = 1>
ST_4 : Operation 53 [1/1] (0.00ns)   --->   "%tmp_1 = partselect i24 @_ssdm_op_PartSelect.i24.i32.i32.i32, i32 %result, i32 8, i32 31" [Convolutie/source/Convolutie.c:44]   --->   Operation 53 'partselect' 'tmp_1' <Predicate = (icmp_ln42)> <Delay = 0.00>
ST_4 : Operation 54 [1/1] (2.31ns)   --->   "%icmp_ln44 = icmp_sgt  i24 %tmp_1, i24 0" [Convolutie/source/Convolutie.c:44]   --->   Operation 54 'icmp' 'icmp_ln44' <Predicate = (icmp_ln42)> <Delay = 2.31> <CoreInst = "Cmp">   --->   Core 9 'Cmp' <Latency = 0> <II = 1> <Delay = 2.31> <FuncUnit> <Opcode : 'icmp'> <InPorts = 2> <OutPorts = 1>
ST_4 : Operation 55 [1/1] (0.00ns) (grouped into LUT with out node select_ln44)   --->   "%tmp_2 = bitselect i1 @_ssdm_op_BitSelect.i1.i32.i32, i32 %result, i32 31" [Convolutie/source/Convolutie.c:44]   --->   Operation 55 'bitselect' 'tmp_2' <Predicate = (icmp_ln42)> <Delay = 0.00>
ST_4 : Operation 56 [1/1] (0.00ns) (grouped into LUT with out node select_ln44)   --->   "%trunc_ln44 = trunc i32 %result" [Convolutie/source/Convolutie.c:44]   --->   Operation 56 'trunc' 'trunc_ln44' <Predicate = (icmp_ln42)> <Delay = 0.00>
ST_4 : Operation 57 [1/1] (0.00ns) (grouped into LUT with out node select_ln44)   --->   "%select_ln44_1 = select i1 %icmp_ln44, i8 255, i8 0" [Convolutie/source/Convolutie.c:44]   --->   Operation 57 'select' 'select_ln44_1' <Predicate = (icmp_ln42)> <Delay = 0.00> <CoreInst = "Sel">   --->   Core 73 'Sel' <Latency = 0> <II = 1> <Delay = 0.99> <FuncUnit> <Opcode : 'select'> <InPorts = 3> <OutPorts = 1>
ST_4 : Operation 58 [1/1] (0.00ns) (grouped into LUT with out node select_ln44)   --->   "%or_ln44 = or i1 %icmp_ln44, i1 %tmp_2" [Convolutie/source/Convolutie.c:44]   --->   Operation 58 'or' 'or_ln44' <Predicate = (icmp_ln42)> <Delay = 0.00> <CoreInst = "LogicGate">   --->   Core 74 'LogicGate' <Latency = 0> <II = 1> <Delay = 0.97> <FuncUnit> <Opcode : 'and' 'or' 'xor'> <InPorts = 2> <OutPorts = 1>
ST_4 : Operation 59 [1/1] (1.24ns) (out node of the LUT)   --->   "%select_ln44 = select i1 %or_ln44, i8 %select_ln44_1, i8 %trunc_ln44" [Convolutie/source/Convolutie.c:44]   --->   Operation 59 'select' 'select_ln44' <Predicate = (icmp_ln42)> <Delay = 1.24> <CoreInst = "Sel">   --->   Core 73 'Sel' <Latency = 0> <II = 1> <Delay = 1.24> <FuncUnit> <Opcode : 'select'> <InPorts = 3> <OutPorts = 1>
ST_4 : Operation 60 [1/1] (0.00ns)   --->   "%zext_ln44 = zext i8 %select_ln44" [Convolutie/source/Convolutie.c:44]   --->   Operation 60 'zext' 'zext_ln44' <Predicate = (icmp_ln42)> <Delay = 0.00>
ST_4 : Operation 61 [1/1] (1.00ns)   --->   "%write_ln44 = write void @_ssdm_op_Write.axis.volatile.i32P128A, i32 %output_r, i32 %zext_ln44" [Convolutie/source/Convolutie.c:44]   --->   Operation 61 'write' 'write_ln44' <Predicate = (icmp_ln42)> <Delay = 1.00> <CoreInst = "axis">   --->   Core 115 'axis' <Latency = 0> <II = 1> <Delay = 1.00> <Adapter> <Opcode : >
ST_4 : Operation 62 [1/1] (0.00ns)   --->   "%br_ln45 = br void %for.inc86" [Convolutie/source/Convolutie.c:45]   --->   Operation 62 'br' 'br_ln45' <Predicate = (icmp_ln42)> <Delay = 0.00>


============================================================
+ Verbose Summary: Timing violations
============================================================
Target clock period: 8.000ns, clock uncertainty: 2.160ns.

 <State 1>: 6.178ns
The critical path consists of the following:
	'store' operation 0 bit ('store_ln41', Convolutie/source/Convolutie.c:41) of constant 0 on local variable 'ch', Convolutie/source/Convolutie.c:41 [14]  (1.588 ns)
	'load' operation 31 bit ('ch', Convolutie/source/Convolutie.c:43) on local variable 'ch', Convolutie/source/Convolutie.c:41 [17]  (0.000 ns)
	'mux' operation 32 bit ('x', Convolutie/source/Convolutie.c:43) [33]  (1.707 ns)
	'sub' operation 8 bit ('sub_ln18', C:\scratch\2023.2\hls_product\689\2023.2\src\shared\hls\clib/hlsmath/include/FloatingPoint\hls_case_IEEE754.h:18->C:\scratch\2023.2\hls_product\689\2023.2\src\shared\hls\clib/hlsmath/include/FloatingPoint\hls_case_IEEE754.h:117->C:\scratch\2023.2\hls_product\689\2023.2\src\shared\hls\clib\hlsmath\src\lib_floatconversion.cpp:51->Convolutie/source/Convolutie.c:43) [43]  (1.915 ns)
	'select' operation 9 bit ('select_ln18', C:\scratch\2023.2\hls_product\689\2023.2\src\shared\hls\clib/hlsmath/include/FloatingPoint\hls_case_IEEE754.h:18->C:\scratch\2023.2\hls_product\689\2023.2\src\shared\hls\clib/hlsmath/include/FloatingPoint\hls_case_IEEE754.h:117->C:\scratch\2023.2\hls_product\689\2023.2\src\shared\hls\clib\hlsmath\src\lib_floatconversion.cpp:51->Convolutie/source/Convolutie.c:43) [45]  (0.968 ns)

 <State 2>: 5.118ns
The critical path consists of the following:
	'lshr' operation 79 bit ('lshr_ln18', C:\scratch\2023.2\hls_product\689\2023.2\src\shared\hls\clib/hlsmath/include/FloatingPoint\hls_case_IEEE754.h:18->C:\scratch\2023.2\hls_product\689\2023.2\src\shared\hls\clib/hlsmath/include/FloatingPoint\hls_case_IEEE754.h:117->C:\scratch\2023.2\hls_product\689\2023.2\src\shared\hls\clib\hlsmath\src\lib_floatconversion.cpp:51->Convolutie/source/Convolutie.c:43) [48]  (4.420 ns)
	'select' operation 32 bit ('val', C:\scratch\2023.2\hls_product\689\2023.2\src\shared\hls\clib/hlsmath/include/FloatingPoint\hls_case_IEEE754.h:18->C:\scratch\2023.2\hls_product\689\2023.2\src\shared\hls\clib/hlsmath/include/FloatingPoint\hls_case_IEEE754.h:117->C:\scratch\2023.2\hls_product\689\2023.2\src\shared\hls\clib\hlsmath\src\lib_floatconversion.cpp:51->Convolutie/source/Convolutie.c:43) [52]  (0.698 ns)

 <State 3>: 2.552ns
The critical path consists of the following:
	'sub' operation 32 bit ('result', C:\scratch\2023.2\hls_product\689\2023.2\src\shared\hls\clib/hlsmath/include/FloatingPoint\hls_case_IEEE754.h:59->C:\scratch\2023.2\hls_product\689\2023.2\src\shared\hls\clib/hlsmath/include/FloatingPoint\hls_case_IEEE754.h:117->C:\scratch\2023.2\hls_product\689\2023.2\src\shared\hls\clib\hlsmath\src\lib_floatconversion.cpp:51->Convolutie/source/Convolutie.c:43) [53]  (2.552 ns)

 <State 4>: 5.260ns
The critical path consists of the following:
	'select' operation 32 bit ('result', C:\scratch\2023.2\hls_product\689\2023.2\src\shared\hls\clib/hlsmath/include/FloatingPoint\hls_case_IEEE754.h:59->C:\scratch\2023.2\hls_product\689\2023.2\src\shared\hls\clib/hlsmath/include/FloatingPoint\hls_case_IEEE754.h:117->C:\scratch\2023.2\hls_product\689\2023.2\src\shared\hls\clib\hlsmath\src\lib_floatconversion.cpp:51->Convolutie/source/Convolutie.c:43) [54]  (0.698 ns)
	'icmp' operation 1 bit ('icmp_ln44', Convolutie/source/Convolutie.c:44) [56]  (2.314 ns)
	'select' operation 8 bit ('select_ln44_1', Convolutie/source/Convolutie.c:44) [59]  (0.000 ns)
	'select' operation 8 bit ('select_ln44', Convolutie/source/Convolutie.c:44) [61]  (1.248 ns)
	axis write operation ('write_ln44', Convolutie/source/Convolutie.c:44) on port 'output_r' (Convolutie/source/Convolutie.c:44) [63]  (1.000 ns)


============================================================
+ Verbose Summary: Binding
============================================================
N/A
* FSMD analyzer results:
  - Output states:
 - Input state : 
  - Chain level:
	State 1
	State 2
	State 3
	State 4


============================================================
+ Verbose Summary: Datapath Resource usage 
============================================================
N/A
