

================================================================
== Vitis HLS Report for 'applyConvolution_Pipeline_VITIS_LOOP_33_5'
================================================================
* Date:           Fri May 24 11:24:38 2024

* Version:        2023.2 (Build 4023990 on Oct 11 2023)
* Project:        Convolutie
* Solution:       solution1 (Vivado IP Flow Target)
* Product family: zynq
* Target device:  xc7z020-clg400-1


================================================================
== Performance Estimates
================================================================
+ Timing: 
    * Summary: 
    +--------+---------+----------+------------+
    |  Clock |  Target | Estimated| Uncertainty|
    +--------+---------+----------+------------+
    |ap_clk  |  8.00 ns|  6.312 ns|     2.16 ns|
    +--------+---------+----------+------------+

+ Latency: 
    * Summary: 
    +---------+---------+----------+----------+-----+-----+---------+
    |  Latency (cycles) |  Latency (absolute) |  Interval | Pipeline|
    |   min   |   max   |    min   |    max   | min | max |   Type  |
    +---------+---------+----------+----------+-----+-----+---------+
    |        ?|        ?|         ?|         ?|    ?|    ?|       no|
    +---------+---------+----------+----------+-----+-----+---------+

    + Detail: 
        * Instance: 
        N/A

        * Loop: 
        +-------------------+---------+---------+----------+-----------+-----------+------+----------+
        |                   |  Latency (cycles) | Iteration|  Initiation Interval  | Trip |          |
        |     Loop Name     |   min   |   max   |  Latency |  achieved |   target  | Count| Pipelined|
        +-------------------+---------+---------+----------+-----------+-----------+------+----------+
        |- VITIS_LOOP_33_5  |        ?|        ?|        22|          9|          1|     ?|       yes|
        +-------------------+---------+---------+----------+-----------+-----------+------+----------+

============================================================
+ Verbose Summary: Synthesis Manager
============================================================
InlineROM: 1
ExposeGlobal: 0
============================================================
+ Verbose Summary: CDFG Model
============================================================
IsTopModel: 0
ResetActiveHigh: 1
IsCombinational: 0
IsDatapathOnly: 0
HasWiredReturn: 1
HasMFsm: 2
HasVarLatency: 1
IsPipeline: 0
IsRtlPipelined: 0
IsInstanceOverlapped: 0
IsDontTouch: 0
HasImplIP: 0
IsGatedGlobalClock: 0

+ Individual pipeline summary: 
  * Pipeline-0: initiation interval (II) = 9, depth = 22


============================================================
+ Verbose Summary: Schedule
============================================================
* Number of FSM states : 22
* Pipeline : 1
  Pipeline-0 : II = 9, D = 22, States = { 1 2 3 4 5 6 7 8 9 10 11 12 13 14 15 16 17 18 19 20 21 22 }
* Dataflow Pipeline: 0

* FSM state transitions: 
1 --> 2 
2 --> 3 
3 --> 4 
4 --> 5 
5 --> 6 
6 --> 7 
7 --> 8 
8 --> 9 
9 --> 10 
10 --> 11 
11 --> 12 
12 --> 13 
13 --> 14 
14 --> 15 
15 --> 16 
16 --> 17 
17 --> 18 
18 --> 19 
19 --> 20 
20 --> 21 
21 --> 22 
22 --> 

* FSM state operations: 

State 1 <SV = 0> <Delay = 4.14>
ST_1 : Operation 25 [1/1] (0.00ns)   --->   "%ch_1 = alloca i32 1" [Convolutie/source/Convolutie.c:33]   --->   Operation 25 'alloca' 'ch_1' <Predicate = true> <Delay = 0.00>
ST_1 : Operation 26 [1/1] (0.00ns)   --->   "%sum_0_6 = alloca i32 1"   --->   Operation 26 'alloca' 'sum_0_6' <Predicate = true> <Delay = 0.00>
ST_1 : Operation 27 [1/1] (0.00ns)   --->   "%sum_1_6 = alloca i32 1"   --->   Operation 27 'alloca' 'sum_1_6' <Predicate = true> <Delay = 0.00>
ST_1 : Operation 28 [1/1] (0.00ns)   --->   "%sum_2_6 = alloca i32 1"   --->   Operation 28 'alloca' 'sum_2_6' <Predicate = true> <Delay = 0.00>
ST_1 : Operation 29 [1/1] (0.00ns)   --->   "%specinterface_ln0 = specinterface void @_ssdm_op_SpecInterface, i32 %image_r, void @empty_0, i32 0, i32 0, void @empty_1, i32 0, i32 0, void @empty, void @empty, void @empty, i32 0, i32 0, i32 0, i32 0, void @empty, void @empty, i32 4294967295, i32 0"   --->   Operation 29 'specinterface' 'specinterface_ln0' <Predicate = true> <Delay = 0.00>
ST_1 : Operation 30 [1/1] (0.00ns)   --->   "%kernel_load_read = read i32 @_ssdm_op_Read.ap_auto.float, i32 %kernel_load"   --->   Operation 30 'read' 'kernel_load_read' <Predicate = true> <Delay = 0.00>
ST_1 : Operation 31 [1/1] (0.00ns)   --->   "%channels_read = read i32 @_ssdm_op_Read.ap_auto.i32, i32 %channels"   --->   Operation 31 'read' 'channels_read' <Predicate = true> <Delay = 0.00>
ST_1 : Operation 32 [1/1] (0.00ns)   --->   "%sum_0_5_read = read i32 @_ssdm_op_Read.ap_auto.float, i32 %sum_0_5"   --->   Operation 32 'read' 'sum_0_5_read' <Predicate = true> <Delay = 0.00>
ST_1 : Operation 33 [1/1] (0.00ns)   --->   "%sum_1_5_read = read i32 @_ssdm_op_Read.ap_auto.float, i32 %sum_1_5"   --->   Operation 33 'read' 'sum_1_5_read' <Predicate = true> <Delay = 0.00>
ST_1 : Operation 34 [1/1] (0.00ns)   --->   "%sum_2_5_read = read i32 @_ssdm_op_Read.ap_auto.float, i32 %sum_2_5"   --->   Operation 34 'read' 'sum_2_5_read' <Predicate = true> <Delay = 0.00>
ST_1 : Operation 35 [1/1] (1.58ns)   --->   "%store_ln0 = store i32 %sum_2_5_read, i32 %sum_2_6"   --->   Operation 35 'store' 'store_ln0' <Predicate = true> <Delay = 1.58>
ST_1 : Operation 36 [1/1] (1.58ns)   --->   "%store_ln0 = store i32 %sum_1_5_read, i32 %sum_1_6"   --->   Operation 36 'store' 'store_ln0' <Predicate = true> <Delay = 1.58>
ST_1 : Operation 37 [1/1] (1.58ns)   --->   "%store_ln0 = store i32 %sum_0_5_read, i32 %sum_0_6"   --->   Operation 37 'store' 'store_ln0' <Predicate = true> <Delay = 1.58>
ST_1 : Operation 38 [1/1] (1.58ns)   --->   "%store_ln33 = store i31 0, i31 %ch_1" [Convolutie/source/Convolutie.c:33]   --->   Operation 38 'store' 'store_ln33' <Predicate = true> <Delay = 1.58>
ST_1 : Operation 39 [1/1] (0.00ns)   --->   "%br_ln0 = br void %for.body24"   --->   Operation 39 'br' 'br_ln0' <Predicate = true> <Delay = 0.00>
ST_1 : Operation 40 [1/1] (0.00ns)   --->   "%ch = load i31 %ch_1" [Convolutie/source/Convolutie.c:35]   --->   Operation 40 'load' 'ch' <Predicate = true> <Delay = 0.00>
ST_1 : Operation 41 [1/1] (0.00ns)   --->   "%zext_ln33 = zext i31 %ch" [Convolutie/source/Convolutie.c:33]   --->   Operation 41 'zext' 'zext_ln33' <Predicate = true> <Delay = 0.00>
ST_1 : Operation 42 [1/1] (2.55ns)   --->   "%icmp_ln33 = icmp_slt  i32 %zext_ln33, i32 %channels_read" [Convolutie/source/Convolutie.c:33]   --->   Operation 42 'icmp' 'icmp_ln33' <Predicate = true> <Delay = 2.55> <CoreInst = "Cmp">   --->   Core 9 'Cmp' <Latency = 0> <II = 1> <Delay = 2.55> <FuncUnit> <Opcode : 'icmp'> <InPorts = 2> <OutPorts = 1>
ST_1 : Operation 43 [1/1] (0.00ns)   --->   "%br_ln33 = br i1 %icmp_ln33, void %for.inc41.loopexit.exitStub, void %for.body24.split" [Convolutie/source/Convolutie.c:33]   --->   Operation 43 'br' 'br_ln33' <Predicate = true> <Delay = 0.00>
ST_1 : Operation 44 [1/1] (0.00ns)   --->   "%specpipeline_ln33 = specpipeline void @_ssdm_op_SpecPipeline, i32 4294967295, i32 0, i32 0, i32 0, void @empty" [Convolutie/source/Convolutie.c:33]   --->   Operation 44 'specpipeline' 'specpipeline_ln33' <Predicate = (icmp_ln33)> <Delay = 0.00>
ST_1 : Operation 45 [1/1] (0.00ns)   --->   "%specloopname_ln33 = specloopname void @_ssdm_op_SpecLoopName, void @empty_10" [Convolutie/source/Convolutie.c:33]   --->   Operation 45 'specloopname' 'specloopname_ln33' <Predicate = (icmp_ln33)> <Delay = 0.00>
ST_1 : Operation 46 [1/1] (2.52ns)   --->   "%icmp_ln34 = icmp_ult  i31 %ch, i31 3" [Convolutie/source/Convolutie.c:34]   --->   Operation 46 'icmp' 'icmp_ln34' <Predicate = (icmp_ln33)> <Delay = 2.52> <CoreInst = "Cmp">   --->   Core 9 'Cmp' <Latency = 0> <II = 1> <Delay = 2.52> <FuncUnit> <Opcode : 'icmp'> <InPorts = 2> <OutPorts = 1>
ST_1 : Operation 47 [1/1] (0.00ns)   --->   "%br_ln34 = br i1 %icmp_ln34, void %for.inc, void %if.then26_ifconv" [Convolutie/source/Convolutie.c:34]   --->   Operation 47 'br' 'br_ln34' <Predicate = (icmp_ln33)> <Delay = 0.00>

State 2 <SV = 1> <Delay = 1.00>
ST_2 : Operation 48 [1/1] (1.00ns)   --->   "%image_r_read = read i32 @_ssdm_op_Read.axis.volatile.i32P128A, i32 %image_r" [Convolutie/source/Convolutie.c:35]   --->   Operation 48 'read' 'image_r_read' <Predicate = (icmp_ln33 & icmp_ln34)> <Delay = 1.00> <CoreInst = "axis">   --->   Core 115 'axis' <Latency = 0> <II = 1> <Delay = 1.00> <Adapter> <Opcode : >

State 3 <SV = 2> <Delay = 6.31>
ST_3 : Operation 49 [7/7] (6.31ns)   --->   "%conv = sitofp i32 %image_r_read" [Convolutie/source/Convolutie.c:35]   --->   Operation 49 'sitofp' 'conv' <Predicate = (icmp_ln33 & icmp_ln34)> <Delay = 6.31> <CoreInst = "Int2Float">   --->   Core 62 'Int2Float' <Latency = 6> <II = 1> <Delay = 6.31> <FuncUnit> <Opcode : 'uitofp' 'sitofp'> <InPorts = 1> <OutPorts = 1>

State 4 <SV = 3> <Delay = 6.31>
ST_4 : Operation 50 [6/7] (6.31ns)   --->   "%conv = sitofp i32 %image_r_read" [Convolutie/source/Convolutie.c:35]   --->   Operation 50 'sitofp' 'conv' <Predicate = (icmp_ln33 & icmp_ln34)> <Delay = 6.31> <CoreInst = "Int2Float">   --->   Core 62 'Int2Float' <Latency = 6> <II = 1> <Delay = 6.31> <FuncUnit> <Opcode : 'uitofp' 'sitofp'> <InPorts = 1> <OutPorts = 1>

State 5 <SV = 4> <Delay = 6.31>
ST_5 : Operation 51 [5/7] (6.31ns)   --->   "%conv = sitofp i32 %image_r_read" [Convolutie/source/Convolutie.c:35]   --->   Operation 51 'sitofp' 'conv' <Predicate = (icmp_ln33 & icmp_ln34)> <Delay = 6.31> <CoreInst = "Int2Float">   --->   Core 62 'Int2Float' <Latency = 6> <II = 1> <Delay = 6.31> <FuncUnit> <Opcode : 'uitofp' 'sitofp'> <InPorts = 1> <OutPorts = 1>

State 6 <SV = 5> <Delay = 6.31>
ST_6 : Operation 52 [4/7] (6.31ns)   --->   "%conv = sitofp i32 %image_r_read" [Convolutie/source/Convolutie.c:35]   --->   Operation 52 'sitofp' 'conv' <Predicate = (icmp_ln33 & icmp_ln34)> <Delay = 6.31> <CoreInst = "Int2Float">   --->   Core 62 'Int2Float' <Latency = 6> <II = 1> <Delay = 6.31> <FuncUnit> <Opcode : 'uitofp' 'sitofp'> <InPorts = 1> <OutPorts = 1>

State 7 <SV = 6> <Delay = 6.31>
ST_7 : Operation 53 [3/7] (6.31ns)   --->   "%conv = sitofp i32 %image_r_read" [Convolutie/source/Convolutie.c:35]   --->   Operation 53 'sitofp' 'conv' <Predicate = (icmp_ln33 & icmp_ln34)> <Delay = 6.31> <CoreInst = "Int2Float">   --->   Core 62 'Int2Float' <Latency = 6> <II = 1> <Delay = 6.31> <FuncUnit> <Opcode : 'uitofp' 'sitofp'> <InPorts = 1> <OutPorts = 1>

State 8 <SV = 7> <Delay = 6.31>
ST_8 : Operation 54 [2/7] (6.31ns)   --->   "%conv = sitofp i32 %image_r_read" [Convolutie/source/Convolutie.c:35]   --->   Operation 54 'sitofp' 'conv' <Predicate = (icmp_ln33 & icmp_ln34)> <Delay = 6.31> <CoreInst = "Int2Float">   --->   Core 62 'Int2Float' <Latency = 6> <II = 1> <Delay = 6.31> <FuncUnit> <Opcode : 'uitofp' 'sitofp'> <InPorts = 1> <OutPorts = 1>

State 9 <SV = 8> <Delay = 6.31>
ST_9 : Operation 55 [1/1] (2.52ns)   --->   "%add_ln33 = add i31 %ch, i31 1" [Convolutie/source/Convolutie.c:33]   --->   Operation 55 'add' 'add_ln33' <Predicate = true> <Delay = 2.52> <CoreInst = "Adder">   --->   Core 1 'Adder' <Latency = 0> <II = 1> <Delay = 2.52> <FuncUnit> <Opcode : 'add' 'sub'> <InPorts = 2> <OutPorts = 1>
ST_9 : Operation 56 [1/7] (6.31ns)   --->   "%conv = sitofp i32 %image_r_read" [Convolutie/source/Convolutie.c:35]   --->   Operation 56 'sitofp' 'conv' <Predicate = (icmp_ln33 & icmp_ln34)> <Delay = 6.31> <CoreInst = "Int2Float">   --->   Core 62 'Int2Float' <Latency = 6> <II = 1> <Delay = 6.31> <FuncUnit> <Opcode : 'uitofp' 'sitofp'> <InPorts = 1> <OutPorts = 1>
ST_9 : Operation 57 [1/1] (0.00ns)   --->   "%trunc_ln35 = trunc i31 %ch" [Convolutie/source/Convolutie.c:35]   --->   Operation 57 'trunc' 'trunc_ln35' <Predicate = (icmp_ln33 & icmp_ln34)> <Delay = 0.00>
ST_9 : Operation 58 [1/1] (1.58ns)   --->   "%store_ln33 = store i31 %add_ln33, i31 %ch_1" [Convolutie/source/Convolutie.c:33]   --->   Operation 58 'store' 'store_ln33' <Predicate = (icmp_ln33)> <Delay = 1.58>
ST_9 : Operation 59 [1/1] (0.00ns)   --->   "%br_ln33 = br void %for.body24" [Convolutie/source/Convolutie.c:33]   --->   Operation 59 'br' 'br_ln33' <Predicate = (icmp_ln33)> <Delay = 0.00>

State 10 <SV = 9> <Delay = 5.70>
ST_10 : Operation 60 [4/4] (5.70ns)   --->   "%mul = fmul i32 %kernel_load_read, i32 %conv" [Convolutie/source/Convolutie.c:35]   --->   Operation 60 'fmul' 'mul' <Predicate = (icmp_ln34)> <Delay = 5.70> <CoreInst = "FMul_maxdsp">   --->   Core 30 'FMul_maxdsp' <Latency = 3> <II = 1> <Delay = 5.70> <FuncUnit> <Opcode : 'fmul'> <InPorts = 2> <OutPorts = 1>

State 11 <SV = 10> <Delay = 5.70>
ST_11 : Operation 61 [3/4] (5.70ns)   --->   "%mul = fmul i32 %kernel_load_read, i32 %conv" [Convolutie/source/Convolutie.c:35]   --->   Operation 61 'fmul' 'mul' <Predicate = (icmp_ln34)> <Delay = 5.70> <CoreInst = "FMul_maxdsp">   --->   Core 30 'FMul_maxdsp' <Latency = 3> <II = 1> <Delay = 5.70> <FuncUnit> <Opcode : 'fmul'> <InPorts = 2> <OutPorts = 1>

State 12 <SV = 11> <Delay = 5.70>
ST_12 : Operation 62 [2/4] (5.70ns)   --->   "%mul = fmul i32 %kernel_load_read, i32 %conv" [Convolutie/source/Convolutie.c:35]   --->   Operation 62 'fmul' 'mul' <Predicate = (icmp_ln34)> <Delay = 5.70> <CoreInst = "FMul_maxdsp">   --->   Core 30 'FMul_maxdsp' <Latency = 3> <II = 1> <Delay = 5.70> <FuncUnit> <Opcode : 'fmul'> <InPorts = 2> <OutPorts = 1>

State 13 <SV = 12> <Delay = 5.70>
ST_13 : Operation 63 [1/1] (0.00ns)   --->   "%sum_0_6_load_1 = load i32 %sum_0_6" [Convolutie/source/Convolutie.c:35]   --->   Operation 63 'load' 'sum_0_6_load_1' <Predicate = (icmp_ln34)> <Delay = 0.00>
ST_13 : Operation 64 [1/1] (0.00ns)   --->   "%sum_1_6_load_1 = load i32 %sum_1_6" [Convolutie/source/Convolutie.c:35]   --->   Operation 64 'load' 'sum_1_6_load_1' <Predicate = (icmp_ln34)> <Delay = 0.00>
ST_13 : Operation 65 [1/1] (0.00ns)   --->   "%sum_2_6_load_1 = load i32 %sum_2_6" [Convolutie/source/Convolutie.c:35]   --->   Operation 65 'load' 'sum_2_6_load_1' <Predicate = (icmp_ln34)> <Delay = 0.00>
ST_13 : Operation 66 [1/4] (5.70ns)   --->   "%mul = fmul i32 %kernel_load_read, i32 %conv" [Convolutie/source/Convolutie.c:35]   --->   Operation 66 'fmul' 'mul' <Predicate = (icmp_ln34)> <Delay = 5.70> <CoreInst = "FMul_maxdsp">   --->   Core 30 'FMul_maxdsp' <Latency = 3> <II = 1> <Delay = 5.70> <FuncUnit> <Opcode : 'fmul'> <InPorts = 2> <OutPorts = 1>
ST_13 : Operation 67 [1/1] (1.70ns)   --->   "%tmp_2 = mux i32 @_ssdm_op_Mux.ap_auto.3float.i2, i32 %sum_0_6_load_1, i32 %sum_1_6_load_1, i32 %sum_2_6_load_1, i2 %trunc_ln35" [Convolutie/source/Convolutie.c:35]   --->   Operation 67 'mux' 'tmp_2' <Predicate = (icmp_ln34)> <Delay = 1.70> <CoreInst = "Multiplexer">   --->   Core 76 'Multiplexer' <Latency = 0> <II = 1> <Delay = 1.70> <FuncUnit> <Opcode : 'mux'> <InPorts = 2> <OutPorts = 1>
ST_13 : Operation 86 [1/1] (0.00ns)   --->   "%sum_0_6_load = load i32 %sum_0_6"   --->   Operation 86 'load' 'sum_0_6_load' <Predicate = (!icmp_ln33)> <Delay = 0.00>
ST_13 : Operation 87 [1/1] (0.00ns)   --->   "%sum_1_6_load = load i32 %sum_1_6"   --->   Operation 87 'load' 'sum_1_6_load' <Predicate = (!icmp_ln33)> <Delay = 0.00>
ST_13 : Operation 88 [1/1] (0.00ns)   --->   "%sum_2_6_load = load i32 %sum_2_6"   --->   Operation 88 'load' 'sum_2_6_load' <Predicate = (!icmp_ln33)> <Delay = 0.00>
ST_13 : Operation 89 [1/1] (0.00ns)   --->   "%write_ln0 = write void @_ssdm_op_Write.ap_auto.floatP0A, i32 %sum_2_6_out, i32 %sum_2_6_load"   --->   Operation 89 'write' 'write_ln0' <Predicate = (!icmp_ln33)> <Delay = 0.00>
ST_13 : Operation 90 [1/1] (0.00ns)   --->   "%write_ln0 = write void @_ssdm_op_Write.ap_auto.floatP0A, i32 %sum_1_6_out, i32 %sum_1_6_load"   --->   Operation 90 'write' 'write_ln0' <Predicate = (!icmp_ln33)> <Delay = 0.00>
ST_13 : Operation 91 [1/1] (0.00ns)   --->   "%write_ln0 = write void @_ssdm_op_Write.ap_auto.floatP0A, i32 %sum_0_6_out, i32 %sum_0_6_load"   --->   Operation 91 'write' 'write_ln0' <Predicate = (!icmp_ln33)> <Delay = 0.00>
ST_13 : Operation 92 [1/1] (0.00ns)   --->   "%ret_ln0 = ret"   --->   Operation 92 'ret' 'ret_ln0' <Predicate = (!icmp_ln33)> <Delay = 0.00>

State 14 <SV = 13> <Delay = 5.39>
ST_14 : Operation 68 [8/8] (5.39ns)   --->   "%sum_2_4 = fadd i32 %tmp_2, i32 %mul" [Convolutie/source/Convolutie.c:35]   --->   Operation 68 'fadd' 'sum_2_4' <Predicate = (icmp_ln34)> <Delay = 5.39> <CoreInst = "FAddSub_fulldsp">   --->   Core 18 'FAddSub_fulldsp' <Latency = 7> <II = 1> <Delay = 5.39> <FuncUnit> <Opcode : 'fadd' 'fsub'> <InPorts = 2> <OutPorts = 1>

State 15 <SV = 14> <Delay = 5.39>
ST_15 : Operation 69 [7/8] (5.39ns)   --->   "%sum_2_4 = fadd i32 %tmp_2, i32 %mul" [Convolutie/source/Convolutie.c:35]   --->   Operation 69 'fadd' 'sum_2_4' <Predicate = (icmp_ln34)> <Delay = 5.39> <CoreInst = "FAddSub_fulldsp">   --->   Core 18 'FAddSub_fulldsp' <Latency = 7> <II = 1> <Delay = 5.39> <FuncUnit> <Opcode : 'fadd' 'fsub'> <InPorts = 2> <OutPorts = 1>

State 16 <SV = 15> <Delay = 5.39>
ST_16 : Operation 70 [6/8] (5.39ns)   --->   "%sum_2_4 = fadd i32 %tmp_2, i32 %mul" [Convolutie/source/Convolutie.c:35]   --->   Operation 70 'fadd' 'sum_2_4' <Predicate = (icmp_ln34)> <Delay = 5.39> <CoreInst = "FAddSub_fulldsp">   --->   Core 18 'FAddSub_fulldsp' <Latency = 7> <II = 1> <Delay = 5.39> <FuncUnit> <Opcode : 'fadd' 'fsub'> <InPorts = 2> <OutPorts = 1>

State 17 <SV = 16> <Delay = 5.39>
ST_17 : Operation 71 [5/8] (5.39ns)   --->   "%sum_2_4 = fadd i32 %tmp_2, i32 %mul" [Convolutie/source/Convolutie.c:35]   --->   Operation 71 'fadd' 'sum_2_4' <Predicate = (icmp_ln34)> <Delay = 5.39> <CoreInst = "FAddSub_fulldsp">   --->   Core 18 'FAddSub_fulldsp' <Latency = 7> <II = 1> <Delay = 5.39> <FuncUnit> <Opcode : 'fadd' 'fsub'> <InPorts = 2> <OutPorts = 1>

State 18 <SV = 17> <Delay = 5.39>
ST_18 : Operation 72 [4/8] (5.39ns)   --->   "%sum_2_4 = fadd i32 %tmp_2, i32 %mul" [Convolutie/source/Convolutie.c:35]   --->   Operation 72 'fadd' 'sum_2_4' <Predicate = (icmp_ln34)> <Delay = 5.39> <CoreInst = "FAddSub_fulldsp">   --->   Core 18 'FAddSub_fulldsp' <Latency = 7> <II = 1> <Delay = 5.39> <FuncUnit> <Opcode : 'fadd' 'fsub'> <InPorts = 2> <OutPorts = 1>

State 19 <SV = 18> <Delay = 5.39>
ST_19 : Operation 73 [3/8] (5.39ns)   --->   "%sum_2_4 = fadd i32 %tmp_2, i32 %mul" [Convolutie/source/Convolutie.c:35]   --->   Operation 73 'fadd' 'sum_2_4' <Predicate = (icmp_ln34)> <Delay = 5.39> <CoreInst = "FAddSub_fulldsp">   --->   Core 18 'FAddSub_fulldsp' <Latency = 7> <II = 1> <Delay = 5.39> <FuncUnit> <Opcode : 'fadd' 'fsub'> <InPorts = 2> <OutPorts = 1>

State 20 <SV = 19> <Delay = 5.39>
ST_20 : Operation 74 [2/8] (5.39ns)   --->   "%sum_2_4 = fadd i32 %tmp_2, i32 %mul" [Convolutie/source/Convolutie.c:35]   --->   Operation 74 'fadd' 'sum_2_4' <Predicate = (icmp_ln34)> <Delay = 5.39> <CoreInst = "FAddSub_fulldsp">   --->   Core 18 'FAddSub_fulldsp' <Latency = 7> <II = 1> <Delay = 5.39> <FuncUnit> <Opcode : 'fadd' 'fsub'> <InPorts = 2> <OutPorts = 1>

State 21 <SV = 20> <Delay = 5.39>
ST_21 : Operation 75 [1/8] (5.39ns)   --->   "%sum_2_4 = fadd i32 %tmp_2, i32 %mul" [Convolutie/source/Convolutie.c:35]   --->   Operation 75 'fadd' 'sum_2_4' <Predicate = (icmp_ln34)> <Delay = 5.39> <CoreInst = "FAddSub_fulldsp">   --->   Core 18 'FAddSub_fulldsp' <Latency = 7> <II = 1> <Delay = 5.39> <FuncUnit> <Opcode : 'fadd' 'fsub'> <InPorts = 2> <OutPorts = 1>

State 22 <SV = 21> <Delay = 4.13>
ST_22 : Operation 76 [1/1] (1.56ns)   --->   "%icmp_ln35 = icmp_eq  i2 %trunc_ln35, i2 0" [Convolutie/source/Convolutie.c:35]   --->   Operation 76 'icmp' 'icmp_ln35' <Predicate = (icmp_ln34)> <Delay = 1.56> <CoreInst = "Cmp">   --->   Core 9 'Cmp' <Latency = 0> <II = 1> <Delay = 1.56> <FuncUnit> <Opcode : 'icmp'> <InPorts = 2> <OutPorts = 1>
ST_22 : Operation 77 [1/1] (1.56ns)   --->   "%icmp_ln35_1 = icmp_eq  i2 %trunc_ln35, i2 1" [Convolutie/source/Convolutie.c:35]   --->   Operation 77 'icmp' 'icmp_ln35_1' <Predicate = (icmp_ln34)> <Delay = 1.56> <CoreInst = "Cmp">   --->   Core 9 'Cmp' <Latency = 0> <II = 1> <Delay = 1.56> <FuncUnit> <Opcode : 'icmp'> <InPorts = 2> <OutPorts = 1>
ST_22 : Operation 78 [1/1] (0.00ns) (grouped into LUT with out node sum_2)   --->   "%or_ln35 = or i1 %icmp_ln35, i1 %icmp_ln35_1" [Convolutie/source/Convolutie.c:35]   --->   Operation 78 'or' 'or_ln35' <Predicate = (icmp_ln34)> <Delay = 0.00> <CoreInst = "LogicGate">   --->   Core 74 'LogicGate' <Latency = 0> <II = 1> <Delay = 0.97> <FuncUnit> <Opcode : 'and' 'or' 'xor'> <InPorts = 2> <OutPorts = 1>
ST_22 : Operation 79 [1/1] (0.97ns) (out node of the LUT)   --->   "%sum_2 = select i1 %or_ln35, i32 %sum_2_6_load_1, i32 %sum_2_4" [Convolutie/source/Convolutie.c:35]   --->   Operation 79 'select' 'sum_2' <Predicate = (icmp_ln34)> <Delay = 0.97> <CoreInst = "Sel">   --->   Core 73 'Sel' <Latency = 0> <II = 1> <Delay = 0.69> <FuncUnit> <Opcode : 'select'> <InPorts = 3> <OutPorts = 1>
ST_22 : Operation 80 [1/1] (0.69ns)   --->   "%sum_2_2 = select i1 %icmp_ln35_1, i32 %sum_2_4, i32 %sum_1_6_load_1" [Convolutie/source/Convolutie.c:35]   --->   Operation 80 'select' 'sum_2_2' <Predicate = (icmp_ln34)> <Delay = 0.69> <CoreInst = "Sel">   --->   Core 73 'Sel' <Latency = 0> <II = 1> <Delay = 0.69> <FuncUnit> <Opcode : 'select'> <InPorts = 3> <OutPorts = 1>
ST_22 : Operation 81 [1/1] (0.69ns)   --->   "%sum_2_3 = select i1 %icmp_ln35, i32 %sum_2_4, i32 %sum_0_6_load_1" [Convolutie/source/Convolutie.c:35]   --->   Operation 81 'select' 'sum_2_3' <Predicate = (icmp_ln34)> <Delay = 0.69> <CoreInst = "Sel">   --->   Core 73 'Sel' <Latency = 0> <II = 1> <Delay = 0.69> <FuncUnit> <Opcode : 'select'> <InPorts = 3> <OutPorts = 1>
ST_22 : Operation 82 [1/1] (1.58ns)   --->   "%store_ln35 = store i32 %sum_2, i32 %sum_2_6" [Convolutie/source/Convolutie.c:35]   --->   Operation 82 'store' 'store_ln35' <Predicate = (icmp_ln34)> <Delay = 1.58>
ST_22 : Operation 83 [1/1] (1.58ns)   --->   "%store_ln35 = store i32 %sum_2_2, i32 %sum_1_6" [Convolutie/source/Convolutie.c:35]   --->   Operation 83 'store' 'store_ln35' <Predicate = (icmp_ln34)> <Delay = 1.58>
ST_22 : Operation 84 [1/1] (1.58ns)   --->   "%store_ln35 = store i32 %sum_2_3, i32 %sum_0_6" [Convolutie/source/Convolutie.c:35]   --->   Operation 84 'store' 'store_ln35' <Predicate = (icmp_ln34)> <Delay = 1.58>
ST_22 : Operation 85 [1/1] (0.00ns)   --->   "%br_ln36 = br void %for.inc" [Convolutie/source/Convolutie.c:36]   --->   Operation 85 'br' 'br_ln36' <Predicate = (icmp_ln34)> <Delay = 0.00>


============================================================
+ Verbose Summary: Timing violations
============================================================
Target clock period: 8.000ns, clock uncertainty: 2.160ns.

 <State 1>: 4.140ns
The critical path consists of the following:
	'store' operation 0 bit ('store_ln33', Convolutie/source/Convolutie.c:33) of constant 0 on local variable 'ch', Convolutie/source/Convolutie.c:33 [23]  (1.588 ns)
	'load' operation 31 bit ('ch', Convolutie/source/Convolutie.c:35) on local variable 'ch', Convolutie/source/Convolutie.c:33 [26]  (0.000 ns)
	'icmp' operation 1 bit ('icmp_ln33', Convolutie/source/Convolutie.c:33) [28]  (2.552 ns)

 <State 2>: 1.000ns
The critical path consists of the following:
	axis read operation ('image_r_read', Convolutie/source/Convolutie.c:35) on port 'image_r' (Convolutie/source/Convolutie.c:35) [40]  (1.000 ns)

 <State 3>: 6.312ns
The critical path consists of the following:
	'sitofp' operation 32 bit ('conv', Convolutie/source/Convolutie.c:35) [41]  (6.312 ns)

 <State 4>: 6.312ns
The critical path consists of the following:
	'sitofp' operation 32 bit ('conv', Convolutie/source/Convolutie.c:35) [41]  (6.312 ns)

 <State 5>: 6.312ns
The critical path consists of the following:
	'sitofp' operation 32 bit ('conv', Convolutie/source/Convolutie.c:35) [41]  (6.312 ns)

 <State 6>: 6.312ns
The critical path consists of the following:
	'sitofp' operation 32 bit ('conv', Convolutie/source/Convolutie.c:35) [41]  (6.312 ns)

 <State 7>: 6.312ns
The critical path consists of the following:
	'sitofp' operation 32 bit ('conv', Convolutie/source/Convolutie.c:35) [41]  (6.312 ns)

 <State 8>: 6.312ns
The critical path consists of the following:
	'sitofp' operation 32 bit ('conv', Convolutie/source/Convolutie.c:35) [41]  (6.312 ns)

 <State 9>: 6.312ns
The critical path consists of the following:
	'sitofp' operation 32 bit ('conv', Convolutie/source/Convolutie.c:35) [41]  (6.312 ns)

 <State 10>: 5.702ns
The critical path consists of the following:
	'fmul' operation 32 bit ('mul', Convolutie/source/Convolutie.c:35) [42]  (5.702 ns)

 <State 11>: 5.702ns
The critical path consists of the following:
	'fmul' operation 32 bit ('mul', Convolutie/source/Convolutie.c:35) [42]  (5.702 ns)

 <State 12>: 5.702ns
The critical path consists of the following:
	'fmul' operation 32 bit ('mul', Convolutie/source/Convolutie.c:35) [42]  (5.702 ns)

 <State 13>: 5.702ns
The critical path consists of the following:
	'fmul' operation 32 bit ('mul', Convolutie/source/Convolutie.c:35) [42]  (5.702 ns)

 <State 14>: 5.394ns
The critical path consists of the following:
	'fadd' operation 32 bit ('sum[2]', Convolutie/source/Convolutie.c:35) [45]  (5.394 ns)

 <State 15>: 5.394ns
The critical path consists of the following:
	'fadd' operation 32 bit ('sum[2]', Convolutie/source/Convolutie.c:35) [45]  (5.394 ns)

 <State 16>: 5.394ns
The critical path consists of the following:
	'fadd' operation 32 bit ('sum[2]', Convolutie/source/Convolutie.c:35) [45]  (5.394 ns)

 <State 17>: 5.394ns
The critical path consists of the following:
	'fadd' operation 32 bit ('sum[2]', Convolutie/source/Convolutie.c:35) [45]  (5.394 ns)

 <State 18>: 5.394ns
The critical path consists of the following:
	'fadd' operation 32 bit ('sum[2]', Convolutie/source/Convolutie.c:35) [45]  (5.394 ns)

 <State 19>: 5.394ns
The critical path consists of the following:
	'fadd' operation 32 bit ('sum[2]', Convolutie/source/Convolutie.c:35) [45]  (5.394 ns)

 <State 20>: 5.394ns
The critical path consists of the following:
	'fadd' operation 32 bit ('sum[2]', Convolutie/source/Convolutie.c:35) [45]  (5.394 ns)

 <State 21>: 5.394ns
The critical path consists of the following:
	'fadd' operation 32 bit ('sum[2]', Convolutie/source/Convolutie.c:35) [45]  (5.394 ns)

 <State 22>: 4.131ns
The critical path consists of the following:
	'icmp' operation 1 bit ('icmp_ln35', Convolutie/source/Convolutie.c:35) [46]  (1.565 ns)
	'or' operation 1 bit ('or_ln35', Convolutie/source/Convolutie.c:35) [48]  (0.000 ns)
	'select' operation 32 bit ('sum[2]', Convolutie/source/Convolutie.c:35) [49]  (0.978 ns)
	'store' operation 0 bit ('store_ln35', Convolutie/source/Convolutie.c:35) of variable 'sum[2]', Convolutie/source/Convolutie.c:35 on local variable 'sum_2_6' [52]  (1.588 ns)


============================================================
+ Verbose Summary: Binding
============================================================
N/A
* FSMD analyzer results:
  - Output states:
 - Input state : 
  - Chain level:
	State 1
	State 2
	State 3
	State 4
	State 5
	State 6
	State 7
	State 8
	State 9
	State 10
	State 11
	State 12
	State 13
	State 14
	State 15
	State 16
	State 17
	State 18
	State 19
	State 20
	State 21
	State 22


============================================================
+ Verbose Summary: Datapath Resource usage 
============================================================
N/A
