

================================================================
== Vitis HLS Report for 'applyConvolution_Pipeline_VITIS_LOOP_33_5'
================================================================
* Date:           Fri May 24 11:24:38 2024

* Version:        2023.2 (Build 4023990 on Oct 11 2023)
* Project:        Convolutie
* Solution:       solution1 (Vivado IP Flow Target)
* Product family: zynq
* Target device:  xc7z020-clg400-1


================================================================
== Performance Estimates
================================================================
+ Timing: 
    * Summary: 
    +--------+---------+----------+------------+
    |  Clock |  Target | Estimated| Uncertainty|
    +--------+---------+----------+------------+
    |ap_clk  |  8.00 ns|  6.312 ns|     2.16 ns|
    +--------+---------+----------+------------+

+ Latency: 
    * Summary: 
    +---------+---------+----------+----------+-----+-----+---------+
    |  Latency (cycles) |  Latency (absolute) |  Interval | Pipeline|
    |   min   |   max   |    min   |    max   | min | max |   Type  |
    +---------+---------+----------+----------+-----+-----+---------+
    |        ?|        ?|         ?|         ?|    ?|    ?|       no|
    +---------+---------+----------+----------+-----+-----+---------+

    + Detail: 
        * Instance: 
        N/A

        * Loop: 
        +-------------------+---------+---------+----------+-----------+-----------+------+----------+
        |                   |  Latency (cycles) | Iteration|  Initiation Interval  | Trip |          |
        |     Loop Name     |   min   |   max   |  Latency |  achieved |   target  | Count| Pipelined|
        +-------------------+---------+---------+----------+-----------+-----------+------+----------+
        |- VITIS_LOOP_33_5  |        ?|        ?|        22|          9|          1|     ?|       yes|
        +-------------------+---------+---------+----------+-----------+-----------+------+----------+

============================================================
+ Verbose Summary: Synthesis Manager
============================================================
InlineROM: 1
ExposeGlobal: 0
============================================================
+ Verbose Summary: CDFG Model
============================================================
IsTopModel: 0
ResetActiveHigh: 1
IsCombinational: 0
IsDatapathOnly: 0
HasWiredReturn: 1
HasMFsm: 2
HasVarLatency: 1
IsPipeline: 0
IsRtlPipelined: 0
IsInstanceOverlapped: 0
IsDontTouch: 0
HasImplIP: 0
IsGatedGlobalClock: 0

+ Individual pipeline summary: 
  * Pipeline-0: initiation interval (II) = 9, depth = 22


============================================================
+ Verbose Summary: Schedule
============================================================
* Number of FSM states : 22
* Pipeline : 1
  Pipeline-0 : II = 9, D = 22, States = { 1 2 3 4 5 6 7 8 9 10 11 12 13 14 15 16 17 18 19 20 21 22 }
* Dataflow Pipeline: 0

* FSM state transitions: 
1 --> 2 
2 --> 3 
3 --> 4 
4 --> 5 
5 --> 6 
6 --> 7 
7 --> 8 
8 --> 9 
9 --> 10 
10 --> 11 
11 --> 12 
12 --> 13 
13 --> 14 
14 --> 15 
15 --> 16 
16 --> 17 
17 --> 18 
18 --> 19 
19 --> 20 
20 --> 21 
21 --> 22 
22 --> 

* FSM state operations: 

State 1 <SV = 0> <Delay = 4.14>
ST_1 : Operation 25 [1/1] (0.00ns)   --->   "%ch_1 = alloca i32 1" [Convolutie/source/Convolutie.c:33]   --->   Operation 25 'alloca' 'ch_1' <Predicate = true> <Delay = 0.00>
ST_1 : Operation 26 [1/1] (0.00ns)   --->   "%sum_0_6 = alloca i32 1"   --->   Operation 26 'alloca' 'sum_0_6' <Predicate = true> <Delay = 0.00>
ST_1 : Operation 27 [1/1] (0.00ns)   --->   "%sum_1_6 = alloca i32 1"   --->   Operation 27 'alloca' 'sum_1_6' <Predicate = true> <Delay = 0.00>
ST_1 : Operation 28 [1/1] (0.00ns)   --->   "%sum_2_6 = alloca i32 1"   --->   Operation 28 'alloca' 'sum_2_6' <Predicate = true> <Delay = 0.00>
ST_1 : Operation 29 [1/1] (0.00ns)   --->   "%specinterface_ln0 = specinterface void @_ssdm_op_SpecInterface, i32 %image_r, void @empty_0, i32 0, i32 0, void @empty_1, i32 0, i32 0, void @empty, void @empty, void @empty, i32 0, i32 0, i32 0, i32 0, void @empty, void @empty, i32 4294967295, i32 0"   --->   Operation 29 'specinterface' 'specinterface_ln0' <Predicate = true> <Delay = 0.00>
ST_1 : Operation 30 [1/1] (0.00ns)   --->   "%kernel_load_read = read i32 @_ssdm_op_Read.ap_auto.float, i32 %kernel_load"   --->   Operation 30 'read' 'kernel_load_read' <Predicate = true> <Delay = 0.00>
ST_1 : Operation 31 [1/1] (0.00ns)   --->   "%channels_read = read i32 @_ssdm_op_Read.ap_auto.i32, i32 %channels"   --->   Operation 31 'read' 'channels_read' <Predicate = true> <Delay = 0.00>
ST_1 : Operation 32 [1/1] (0.00ns)   --->   "%sum_0_5_read = read i32 @_ssdm_op_Read.ap_auto.float, i32 %sum_0_5"   --->   Operation 32 'read' 'sum_0_5_read' <Predicate = true> <Delay = 0.00>
ST_1 : Operation 33 [1/1] (0.00ns)   --->   "%sum_1_5_read = read i32 @_ssdm_op_Read.ap_auto.float, i32 %sum_1_5"   --->   Operation 33 'read' 'sum_1_5_read' <Predicate = true> <Delay = 0.00>
ST_1 : Operation 34 [1/1] (0.00ns)   --->   "%sum_2_5_read = read i32 @_ssdm_op_Read.ap_auto.float, i32 %sum_2_5"   --->   Operation 34 'read' 'sum_2_5_read' <Predicate = true> <Delay = 0.00>
ST_1 : Operation 35 [1/1] (1.58ns)   --->   "%store_ln0 = store i32 %sum_2_5_read, i32 %sum_2_6"   --->   Operation 35 'store' 'store_ln0' <Predicate = true> <Delay = 1.58>
ST_1 : Operation 36 [1/1] (1.58ns)   --->   "%store_ln0 = store i32 %sum_1_5_read, i32 %sum_1_6"   --->   Operation 36 'store' 'store_ln0' <Predicate = true> <Delay = 1.58>
ST_1 : Operation 37 [1/1] (1.58ns)   --->   "%store_ln0 = store i32 %sum_0_5_read, i32 %sum_0_6"   --->   Operation 37 'store' 'store_ln0' <Predicate = true> <Delay = 1.58>
ST_1 : Operation 38 [1/1] (1.58ns)   --->   "%store_ln33 = store i31 0, i31 %ch_1" [Convolutie/source/Convolutie.c:33]   --->   Operation 38 'store' 'store_ln33' <Predicate = true> <Delay = 1.58>
ST_1 : Operation 39 [1/1] (0.00ns)   --->   "%br_ln0 = br void %for.body24"   --->   Operation 39 'br' 'br_ln0' <Predicate = true> <Delay = 0.00>
ST_1 : Operation 40 [1/1] (0.00ns)   --->   "%ch = load i31 %ch_1" [Convolutie/source/Convolutie.c:35]   --->   Operation 40 'load' 'ch' <Predicate = true> <Delay = 0.00>
ST_1 : Operation 41 [1/1] (0.00ns)   --->   "%zext_ln33 = zext i31 %ch" [Convolutie/source/Convolutie.c:33]   --->   Operation 41 'zext' 'zext_ln33' <Predicate = true> <Delay = 0.00>
ST_1 : Operation 42 [1/1] (2.55ns)   --->   "%icmp_ln33 = icmp_slt  i32 %zext_ln33, i32 %channels_read" [Convolutie/source/Convolutie.c:33]   --->   Operation 42 'icmp' 'icmp_ln33' <Predicate = true> <Delay = 2.55> <CoreInst = "Cmp">   --->   Core 9 'Cmp' <Latency = 0> <II = 1> <Delay = 2.55> <FuncUnit> <Opcode : 'icmp'> <InPorts = 2> <OutPorts = 1>
ST_1 : Operation 43 [1/1] (0.00ns)   --->   "%br_ln33 = br i1 %icmp_ln33, void %for.inc41.loopexit.exitStub, void %for.body24.split" [Convolutie/source/Convolutie.c:33]   --->   Operation 43 'br' 'br_ln33' <Predicate = true> <Delay = 0.00>
ST_1 : Operation 44 [1/1] (0.00ns)   --->   "%specpipeline_ln33 = specpipeline void @_ssdm_op_SpecPipeline, i32 4294967295, i32 0, i32 0, i32 0, void @empty" [Convolutie/source/Convolutie.c:33]   --->   Operation 44 'specpipeline' 'specpipeline_ln33' <Predicate = (icmp_ln33)> <Delay = 0.00>
ST_1 : Operation 45 [1/1] (0.00ns)   --->   "%specloopname_ln33 = specloopname void @_ssdm_op_SpecLoopName, void @empty_10" [Convolutie/source/Convolutie.c:33]   --->   Operation 45 'specloopname' 'specloopname_ln33' <Predicate = (icmp_ln33)> <Delay = 0.00>
ST_1 : Operation 46 [1/1] (2.52ns)   --->   "%icmp_ln34 = icmp_ult  i31 %ch, i31 3" [Convolutie/source/Convolutie.c:34]   --->   Operation 46 'icmp' 'icmp_ln34' <Predicate = (icmp_ln33)> <Delay = 2.52> <CoreInst = "Cmp">   --->   Core 9 'Cmp' <Latency = 0> <II = 1> <Delay = 2.52> <FuncUnit> <Opcode : 'icmp'> <InPorts = 2> <OutPorts = 1>
ST_1 : Operation 47 [1/1] (0.00ns)   --->   "%br_ln34 = br i1 %icmp_ln34, void %for.inc, void %if.then26_ifconv" [Convolutie/source/Convolutie.c:34]   --->   Operation 47 'br' 'br_ln34' <Predicate = (icmp_ln33)> <Delay = 0.00>

State 2 <SV = 1> <Delay = 1.00>
ST_2 : Operation 48 [1/1] (1.00ns)   --->   "%image_r_read = read i32 @_ssdm_op_Read.axis.volatile.i32P128A, i32 %image_r" [Convolutie/source/Convolutie.c:35]   --->   Operation 48 'read' 'image_r_read' <Predicate = (icmp_ln33 & icmp_ln34)> <Delay = 1.00> <CoreInst = "axis">   --->   Core 115 'axis' <Latency = 0> <II = 1> <Delay = 1.00> <Adapter> <Opcode : >

State 3 <SV = 2> <Delay = 6.31>
ST_3 : Operation 49 [7/7] (6.31ns)   --->   "%conv = sitofp i32 %image_r_read" [Convolutie/source/Convolutie.c:35]   --->   Operation 49 'sitofp' 'conv' <Predicate = (icmp_ln33 & icmp_ln34)> <Delay = 6.31> <CoreInst = "Int2Float">   --->   Core 62 'Int2Float' <Latency = 6> <II = 1> <Delay = 6.31> <FuncUnit> <Opcode : 'uitofp' 'sitofp'> <InPorts = 1> <OutPorts = 1>

State 4 <SV = 3> <Delay = 6.31>
ST_4 : Operation 50 [6/7] (6.31ns)   --->   "%conv = sitofp i32 %image_r_read" [Convolutie/source/Convolutie.c:35]   --->   Operation 50 'sitofp' 'conv' <Predicate = (icmp_ln33 & icmp_ln34)> <Delay = 6.31> <CoreInst = "Int2Float">   --->   Core 62 'Int2Float' <Latency = 6> <II = 1> <Delay = 6.31> <FuncUnit> <Opcode : 'uitofp' 'sitofp'> <InPorts = 1> <OutPorts = 1>

State 5 <SV = 4> <Delay = 6.31>
ST_5 : Operation 51 [5/7] (6.31ns)   --->   "%conv = sitofp i32 %image_r_read" [Convolutie/source/Convolutie.c:35]   --->   Operation 51 'sitofp' 'conv' <Predicate = (icmp_ln33 & icmp_ln34)> <Delay = 6.31> <CoreInst = "Int2Float">   --->   Core 62 'Int2Float' <Latency = 6> <II = 1> <Delay = 6.31> <FuncUnit> <Opcode : 'uitofp' 'sitofp'> <InPorts = 1> <OutPorts = 1>

State 6 <SV = 5> <Delay = 6.31>
ST_6 : Operation 52 [4/7] (6.31ns)   --->   "%conv = sitofp i32 %image_r_read" [Convolutie/source/Convolutie.c:35]   --->   Operation 52 'sitofp' 'conv' <Predicate = (icmp_ln33 & icmp_ln34)> <Delay = 6.31> <CoreInst = "Int2Float">   --->   Core 62 'Int2Float' <Latency = 6> <II = 1> <Delay = 6.31> <FuncUnit> <Opcode : 'uitofp' 'sitofp'> <InPorts = 1> <OutPorts = 1>

State 7 <SV = 6> <Delay = 6.31>
ST_7 : Operation 53 [3/7] (6.31ns)   --->   "%conv = sitofp i32 %image_r_read" [Convolutie/source/Convolutie.c:35]   --->   Operation 53 'sitofp' 'conv' <Predicate = (icmp_ln33 & icmp_ln34)> <Delay = 6.31> <CoreInst = "Int2Float">   --->   Core 62 'Int2Float' <Latency = 6> <II = 1> <Delay = 6.31> <FuncUnit> <Opcode : 'uitofp' 'sitofp'> <InPorts = 1> <OutPorts = 1>

State 8 <SV = 7> <Delay = 6.31>
ST_8 : Operation 54 [2/7] (6.31ns)   --->   "%conv = sitofp i32 %image_r_read" [Convolutie/source/Convolutie.c:35]   --->   Operation 54 'sitofp' 'conv' <Predicate = (icmp_ln33 & icmp_ln34)> <Delay = 6.31> <CoreInst = "Int2Float">   --->   Core 62 'Int2Float' <Latency = 6> <II = 1> <Delay = 6.31> <FuncUnit> <Opcode : 'uitofp' 'sitofp'> <InPorts = 1> <OutPorts = 1>

State 9 <SV = 8> <Delay = 6.31>
ST_9 : Operation 55 [1/1] (2.52ns)   --->   "%add_ln33 = add i31 %ch, i31 1" [Convolutie/source/Convolutie.c:33]   --->   Operation 55 'add' 'add_ln33' <Predicate = true> <Delay = 2.52> <CoreInst = "Adder">   --->   Core 1 'Adder' <Latency = 0> <II = 1> <Delay = 2.52> <FuncUnit> <Opcode : 'add' 'sub'> <InPorts = 2> <OutPorts = 1>
ST_9 : Operation 56 [1/7] (6.31ns)   --->   "%conv = sitofp i32 %image_r_read" [Convolutie/source/Convolutie.c:35]   --->   Operation 56 'sitofp' 'conv' <Predicate = (icmp_ln33 & icmp_ln34)> <Delay = 6.31> <CoreInst = "Int2Float">   --->   Core 62 'Int2Float' <Latency = 6> <II = 1> <Delay = 6.31> <FuncUnit> <Opcode : 'uitofp' 'sitofp'> <InPorts = 1> <OutPorts = 1>
ST_9 : Operation 57 [1/1] (0.00ns)   --->   "%trunc_ln35 = trunc i31 %ch" [Convolutie/source/Convolutie.c:35]   --->   Operation 57 'trunc' 'trunc_ln35' <Predicate = (icmp_ln33 & icmp_ln34)> <Delay = 0.00>
ST_9 : Operation 58 [1/1] (1.58ns)   --->   "%store_ln33 = store i31 %add_ln33, i31 %ch_1" [Convolutie/source/Convolutie.c:33]   --->   Operation 58 'store' 'store_ln33' <Predicate = (icmp_ln33)> <Delay = 1.58>
ST_9 : Operation 59 [1/1] (0.00ns)   --->   "%br_ln33 = br void %for.body24" [Convolutie/source/Convolutie.c:33]   --->   Operation 59 'br' 'br_ln33' <Predicate = (icmp_ln33)> <Delay = 0.00>

State 10 <SV = 9> <Delay = 5.70>
ST_10 : Operation 60 [4/4] (5.70ns)   --->   "%mul = fmul i32 %kernel_load_read, i32 %conv" [Convolutie/source/Convolutie.c:35]   --->   Operation 60 'fmul' 'mul' <Predicate = (icmp_ln34)> <Delay = 5.70> <CoreInst = "FMul_maxdsp">   --->   Core 30 'FMul_maxdsp' <Latency = 3> <II = 1> <Delay = 5.70> <FuncUnit> <Opcode : 'fmul'> <InPorts = 2> <OutPorts = 1>

State 11 <SV = 10> <Delay = 5.70>
ST_11 : Operation 61 [3/4] (5.70ns)   --->   "%mul = fmul i32 %kernel_load_read, i32 %conv" [Convolutie/source/Convolutie.c:35]   --->   Operation 61 'fmul' 'mul' <Predicate = (icmp_ln34)> <Delay = 5.70> <CoreInst = "FMul_maxdsp">   --->   Core 30 'FMul_maxdsp' <Latency = 3> <II = 1> <Delay = 5.70> <FuncUnit> <Opcode : 'fmul'> <InPorts = 2> <OutPorts = 1>

State 12 <SV = 11> <Delay = 5.70>
ST_12 : Operation 62 [2/4] (5.70ns)   --->   "%mul = fmul i32 %kernel_load_read, i32 %conv" [Convolutie/source/Convolutie.c:35]   --->   Operation 62 'fmul' 'mul' <Predicate = (icmp_ln34)> <Delay = 5.70> <CoreInst = "FMul_maxdsp">   --->   Core 30 'FMul_maxdsp' <Latency = 3> <II = 1> <Delay = 5.70> <FuncUnit> <Opcode : 'fmul'> <InPorts = 2> <OutPorts = 1>

State 13 <SV = 12> <Delay = 5.70>
ST_13 : Operation 63 [1/1] (0.00ns)   --->   "%sum_0_6_load_1 = load i32 %sum_0_6" [Convolutie/source/Convolutie.c:35]   --->   Operation 63 'load' 'sum_0_6_load_1' <Predicate = (icmp_ln34)> <Delay = 0.00>
ST_13 : Operation 64 [1/1] (0.00ns)   --->   "%sum_1_6_load_1 = load i32 %sum_1_6" [Convolutie/source/Convolutie.c:35]   --->   Operation 64 'load' 'sum_1_6_load_1' <Predicate = (icmp_ln34)> <Delay = 0.00>
ST_13 : Operation 65 [1/1] (0.00ns)   --->   "%sum_2_6_load_1 = load i32 %sum_2_6" [Convolutie/source/Convolutie.c:35]   --->   Operation 65 'load' 'sum_2_6_load_1' <Predicate = (icmp_ln34)> <Delay = 0.00>
ST_13 : Operation 66 [1/4] (5.70ns)   --->   "%mul = fmul i32 %kernel_load_read, i32 %conv" [Convolutie/source/Convolutie.c:35]   --->   Operation 66 'fmul' 'mul' <Predicate = (icmp_ln34)> <Delay = 5.70> <CoreInst = "FMul_maxdsp">   --->   Core 30 'FMul_maxdsp' <Latency = 3> <II = 1> <Delay = 5.70> <FuncUnit> <Opcode : 'fmul'> <InPorts = 2> <OutPorts = 1>
ST_13 : Operation 67 [1/1] (1.70ns)   --->   "%tmp_2 = mux i32 @_ssdm_op_Mux.ap_auto.3float.i2, i32 %sum_0_6_load_1, i32 %sum_1_6_load_1, i32 %sum_2_6_load_1, i2 %trunc_ln35" [Convolutie/source/Convolutie.c:35]   --->   Operation 67 'mux' 'tmp_2' <Predicate = (icmp_ln34)> <Delay = 1.70> <CoreInst = "Multiplexer">   --->   Core 76 'Multiplexer' <Latency = 0> <II = 1> <Delay = 1.70> <FuncUnit> <Opcode : 'mux'> <InPorts = 2> <OutPorts = 1>
ST_13 : Operation 86 [1/1] (0.00ns)   --->   "%sum_0_6_load = load i32 %sum_0_6"   --->   Operation 86 'load' 'sum_0_6_load' <Predicate = (!icmp_ln33)> <Delay = 0.00>
ST_13 : Operation 87 [1/1] (0.00ns)   --->   "%sum_1_6_load = load i32 %sum_1_6"   --->   Operation 87 'load' 'sum_1_6_load' <Predicate = (!icmp_ln33)> <Delay = 0.00>
ST_13 : Operation 88 [1/1] (0.00ns)   --->   "%sum_2_6_load = load i32 %sum_2_6"   --->   Operation 88 'load' 'sum_2_6_load' <Predicate = (!icmp_ln33)> <Delay = 0.00>
ST_13 : Operation 89 [1/1] (0.00ns)   --->   "%write_ln0 = write void @_ssdm_op_Write.ap_auto.floatP0A, i32 %sum_2_6_out, i32 %sum_2_6_load"   --->   Operation 89 'write' 'write_ln0' <Predicate = (!icmp_ln33)> <Delay = 0.00>
ST_13 : Operation 90 [1/1] (0.00ns)   --->   "%write_ln0 = write void @_ssdm_op_Write.ap_auto.floatP0A, i32 %sum_1_6_out, i32 %sum_1_6_load"   --->   Operation 90 'write' 'write_ln0' <Predicate = (!icmp_ln33)> <Delay = 0.00>
ST_13 : Operation 91 [1/1] (0.00ns)   --->   "%write_ln0 = write void @_ssdm_op_Write.ap_auto.floatP0A, i32 %sum_0_6_out, i32 %sum_0_6_load"   --->   Operation 91 'write' 'write_ln0' <Predicate = (!icmp_ln33)> <Delay = 0.00>
ST_13 : Operation 92 [1/1] (0.00ns)   --->   "%ret_ln0 = ret"   --->   Operation 92 'ret' 'ret_ln0' <Predicate = (!icmp_ln33)> <Delay = 0.00>

State 14 <SV = 13> <Delay = 5.39>
ST_14 : Operation 68 [8/8] (5.39ns)   --->   "%sum_2_4 = fadd i32 %tmp_2, i32 %mul" [Convolutie/source/Convolutie.c:35]   --->   Operation 68 'fadd' 'sum_2_4' <Predicate = (icmp_ln34)> <Delay = 5.39> <CoreInst = "FAddSub_fulldsp">   --->   Core 18 'FAddSub_fulldsp' <Latency = 7> <II = 1> <Delay = 5.39> <FuncUnit> <Opcode : 'fadd' 'fsub'> <InPorts = 2> <OutPorts = 1>

State 15 <SV = 14> <Delay = 5.39>
ST_15 : Operation 69 [7/8] (5.39ns)   --->   "%sum_2_4 = fadd i32 %tmp_2, i32 %mul" [Convolutie/source/Convolutie.c:35]   --->   Operation 69 'fadd' 'sum_2_4' <Predicate = (icmp_ln34)> <Delay = 5.39> <CoreInst = "FAddSub_fulldsp">   --->   Core 18 'FAddSub_fulldsp' <Latency = 7> <II = 1> <Delay = 5.39> <FuncUnit> <Opcode : 'fadd' 'fsub'> <InPorts = 2> <OutPorts = 1>

State 16 <SV = 15> <Delay = 5.39>
ST_16 : Operation 70 [6/8] (5.39ns)   --->   "%sum_2_4 = fadd i32 %tmp_2, i32 %mul" [Convolutie/source/Convolutie.c:35]   --->   Operation 70 'fadd' 'sum_2_4' <Predicate = (icmp_ln34)> <Delay = 5.39> <CoreInst = "FAddSub_fulldsp">   --->   Core 18 'FAddSub_fulldsp' <Latency = 7> <II = 1> <Delay = 5.39> <FuncUnit> <Opcode : 'fadd' 'fsub'> <InPorts = 2> <OutPorts = 1>

State 17 <SV = 16> <Delay = 5.39>
ST_17 : Operation 71 [5/8] (5.39ns)   --->   "%sum_2_4 = fadd i32 %tmp_2, i32 %mul" [Convolutie/source/Convolutie.c:35]   --->   Operation 71 'fadd' 'sum_2_4' <Predicate = (icmp_ln34)> <Delay = 5.39> <CoreInst = "FAddSub_fulldsp">   --->   Core 18 'FAddSub_fulldsp' <Latency = 7> <II = 1> <Delay = 5.39> <FuncUnit> <Opcode : 'fadd' 'fsub'> <InPorts = 2> <OutPorts = 1>

State 18 <SV = 17> <Delay = 5.39>
ST_18 : Operation 72 [4/8] (5.39ns)   --->   "%sum_2_4 = fadd i32 %tmp_2, i32 %mul" [Convolutie/source/Convolutie.c:35]   --->   Operation 72 'fadd' 'sum_2_4' <Predicate = (icmp_ln34)> <Delay = 5.39> <CoreInst = "FAddSub_fulldsp">   --->   Core 18 'FAddSub_fulldsp' <Latency = 7> <II = 1> <Delay = 5.39> <FuncUnit> <Opcode : 'fadd' 'fsub'> <InPorts = 2> <OutPorts = 1>

State 19 <SV = 18> <Delay = 5.39>
ST_19 : Operation 73 [3/8] (5.39ns)   --->   "%sum_2_4 = fadd i32 %tmp_2, i32 %mul" [Convolutie/source/Convolutie.c:35]   --->   Operation 73 'fadd' 'sum_2_4' <Predicate = (icmp_ln34)> <Delay = 5.39> <CoreInst = "FAddSub_fulldsp">   --->   Core 18 'FAddSub_fulldsp' <Latency = 7> <II = 1> <Delay = 5.39> <FuncUnit> <Opcode : 'fadd' 'fsub'> <InPorts = 2> <OutPorts = 1>

State 20 <SV = 19> <Delay = 5.39>
ST_20 : Operation 74 [2/8] (5.39ns)   --->   "%sum_2_4 = fadd i32 %tmp_2, i32 %mul" [Convolutie/source/Convolutie.c:35]   --->   Operation 74 'fadd' 'sum_2_4' <Predicate = (icmp_ln34)> <Delay = 5.39> <CoreInst = "FAddSub_fulldsp">   --->   Core 18 'FAddSub_fulldsp' <Latency = 7> <II = 1> <Delay = 5.39> <FuncUnit> <Opcode : 'fadd' 'fsub'> <InPorts = 2> <OutPorts = 1>

State 21 <SV = 20> <Delay = 5.39>
ST_21 : Operation 75 [1/8] (5.39ns)   --->   "%sum_2_4 = fadd i32 %tmp_2, i32 %mul" [Convolutie/source/Convolutie.c:35]   --->   Operation 75 'fadd' 'sum_2_4' <Predicate = (icmp_ln34)> <Delay = 5.39> <CoreInst = "FAddSub_fulldsp">   --->   Core 18 'FAddSub_fulldsp' <Latency = 7> <II = 1> <Delay = 5.39> <FuncUnit> <Opcode : 'fadd' 'fsub'> <InPorts = 2> <OutPorts = 1>

State 22 <SV = 21> <Delay = 4.13>
ST_22 : Operation 76 [1/1] (1.56ns)   --->   "%icmp_ln35 = icmp_eq  i2 %trunc_ln35, i2 0" [Convolutie/source/Convolutie.c:35]   --->   Operation 76 'icmp' 'icmp_ln35' <Predicate = (icmp_ln34)> <Delay = 1.56> <CoreInst = "Cmp">   --->   Core 9 'Cmp' <Latency = 0> <II = 1> <Delay = 1.56> <FuncUnit> <Opcode : 'icmp'> <InPorts = 2> <OutPorts = 1>
ST_22 : Operation 77 [1/1] (1.56ns)   --->   "%icmp_ln35_1 = icmp_eq  i2 %trunc_ln35, i2 1" [Convolutie/source/Convolutie.c:35]   --->   Operation 77 'icmp' 'icmp_ln35_1' <Predicate = (icmp_ln34)> <Delay = 1.56> <CoreInst = "Cmp">   --->   Core 9 'Cmp' <Latency = 0> <II = 1> <Delay = 1.56> <FuncUnit> <Opcode : 'icmp'> <InPorts = 2> <OutPorts = 1>
ST_22 : Operation 78 [1/1] (0.00ns) (grouped into LUT with out node sum_2)   --->   "%or_ln35 = or i1 %icmp_ln35, i1 %icmp_ln35_1" [Convolutie/source/Convolutie.c:35]   --->   Operation 78 'or' 'or_ln35' <Predicate = (icmp_ln34)> <Delay = 0.00> <CoreInst = "LogicGate">   --->   Core 74 'LogicGate' <Latency = 0> <II = 1> <Delay = 0.97> <FuncUnit> <Opcode : 'and' 'or' 'xor'> <InPorts = 2> <OutPorts = 1>
ST_22 : Operation 79 [1/1] (0.97ns) (out node of the LUT)   --->   "%sum_2 = select i1 %or_ln35, i32 %sum_2_6_load_1, i32 %sum_2_4" [Convolutie/source/Convolutie.c:35]   --->   Operation 79 'select' 'sum_2' <Predicate = (icmp_ln34)> <Delay = 0.97> <CoreInst = "Sel">   --->   Core 73 'Sel' <Latency = 0> <II = 1> <Delay = 0.69> <FuncUnit> <Opcode : 'select'> <InPorts = 3> <OutPorts = 1>
ST_22 : Operation 80 [1/1] (0.69ns)   --->   "%sum_2_2 = select i1 %icmp_ln35_1, i32 %sum_2_4, i32 %sum_1_6_load_1" [Convolutie/source/Convolutie.c:35]   --->   Operation 80 'select' 'sum_2_2' <Predicate = (icmp_ln34)> <Delay = 0.69> <CoreInst = "Sel">   --->   Core 73 'Sel' <Latency = 0> <II = 1> <Delay = 0.69> <FuncUnit> <Opcode : 'select'> <InPorts = 3> <OutPorts = 1>
ST_22 : Operation 81 [1/1] (0.69ns)   --->   "%sum_2_3 = select i1 %icmp_ln35, i32 %sum_2_4, i32 %sum_0_6_load_1" [Convolutie/source/Convolutie.c:35]   --->   Operation 81 'select' 'sum_2_3' <Predicate = (icmp_ln34)> <Delay = 0.69> <CoreInst = "Sel">   --->   Core 73 'Sel' <Latency = 0> <II = 1> <Delay = 0.69> <FuncUnit> <Opcode : 'select'> <InPorts = 3> <OutPorts = 1>
ST_22 : Operation 82 [1/1] (1.58ns)   --->   "%store_ln35 = store i32 %sum_2, i32 %sum_2_6" [Convolutie/source/Convolutie.c:35]   --->   Operation 82 'store' 'store_ln35' <Predicate = (icmp_ln34)> <Delay = 1.58>
ST_22 : Operation 83 [1/1] (1.58ns)   --->   "%store_ln35 = store i32 %sum_2_2, i32 %sum_1_6" [Convolutie/source/Convolutie.c:35]   --->   Operation 83 'store' 'store_ln35' <Predicate = (icmp_ln34)> <Delay = 1.58>
ST_22 : Operation 84 [1/1] (1.58ns)   --->   "%store_ln35 = store i32 %sum_2_3, i32 %sum_0_6" [Convolutie/source/Convolutie.c:35]   --->   Operation 84 'store' 'store_ln35' <Predicate = (icmp_ln34)> <Delay = 1.58>
ST_22 : Operation 85 [1/1] (0.00ns)   --->   "%br_ln36 = br void %for.inc" [Convolutie/source/Convolutie.c:36]   --->   Operation 85 'br' 'br_ln36' <Predicate = (icmp_ln34)> <Delay = 0.00>


============================================================
+ Verbose Summary: Binding
============================================================
STG Binding: 
---------------- STG Properties BEGIN ----------------
- Is combinational: 0
- Is one-state seq: 0
- Is datapath-only: 0
- Is pipelined: 0
- Is top level: 0
Port [ Return ] is wired: 1; IO mode=ap_ctrl_hs:ce=0
Port [ sum_2_5]:  wired=1; compound=0; hidden=0; nouse=0; global=0; static=0; extern=0; dir=0; type=0; pingpong=0; private_global=0; IO mode=ap_none:ce=0
Port [ sum_1_5]:  wired=1; compound=0; hidden=0; nouse=0; global=0; static=0; extern=0; dir=0; type=0; pingpong=0; private_global=0; IO mode=ap_none:ce=0
Port [ sum_0_5]:  wired=1; compound=0; hidden=0; nouse=0; global=0; static=0; extern=0; dir=0; type=0; pingpong=0; private_global=0; IO mode=ap_none:ce=0
Port [ channels]:  wired=1; compound=0; hidden=0; nouse=0; global=0; static=0; extern=0; dir=0; type=0; pingpong=0; private_global=0; IO mode=ap_none:ce=0
Port [ image_r]:  wired=1; compound=1; hidden=0; nouse=0; global=0; static=0; extern=0; dir=0; type=0; pingpong=0; private_global=0; IO mode=axis:ce=0
Port [ kernel_load]:  wired=1; compound=0; hidden=0; nouse=0; global=0; static=0; extern=0; dir=0; type=0; pingpong=0; private_global=0; IO mode=ap_none:ce=0
Port [ sum_2_6_out]:  wired=1; compound=0; hidden=0; nouse=0; global=0; static=0; extern=0; dir=1; type=0; pingpong=0; private_global=0; IO mode=ap_vld:ce=0
Port [ sum_1_6_out]:  wired=1; compound=0; hidden=0; nouse=0; global=0; static=0; extern=0; dir=1; type=0; pingpong=0; private_global=0; IO mode=ap_vld:ce=0
Port [ sum_0_6_out]:  wired=1; compound=0; hidden=0; nouse=0; global=0; static=0; extern=0; dir=1; type=0; pingpong=0; private_global=0; IO mode=ap_vld:ce=0
---------------- STG Properties END ------------------

---------------- Datapath Model BEGIN ----------------

<LifeTime>
<method=bitvector/>
ch_1              (alloca       ) [ 01111111110000000000000]
sum_0_6           (alloca       ) [ 01111111111111111111111]
sum_1_6           (alloca       ) [ 01111111111111111111111]
sum_2_6           (alloca       ) [ 01111111111111111111111]
specinterface_ln0 (specinterface) [ 00000000000000000000000]
kernel_load_read  (read         ) [ 01111111111111000000000]
channels_read     (read         ) [ 00000000000000000000000]
sum_0_5_read      (read         ) [ 00000000000000000000000]
sum_1_5_read      (read         ) [ 00000000000000000000000]
sum_2_5_read      (read         ) [ 00000000000000000000000]
store_ln0         (store        ) [ 00000000000000000000000]
store_ln0         (store        ) [ 00000000000000000000000]
store_ln0         (store        ) [ 00000000000000000000000]
store_ln33        (store        ) [ 00000000000000000000000]
br_ln0            (br           ) [ 00000000000000000000000]
ch                (load         ) [ 00111111110000000000000]
zext_ln33         (zext         ) [ 00000000000000000000000]
icmp_ln33         (icmp         ) [ 01111111111111000000000]
br_ln33           (br           ) [ 00000000000000000000000]
specpipeline_ln33 (specpipeline ) [ 00000000000000000000000]
specloopname_ln33 (specloopname ) [ 00000000000000000000000]
icmp_ln34         (icmp         ) [ 01111111111111111111111]
br_ln34           (br           ) [ 00000000000000000000000]
image_r_read      (read         ) [ 00011111110000000000000]
add_ln33          (add          ) [ 00000000000000000000000]
conv              (sitofp       ) [ 01111000001111000000000]
trunc_ln35        (trunc        ) [ 01111111111111111111111]
store_ln33        (store        ) [ 00000000000000000000000]
br_ln33           (br           ) [ 00000000000000000000000]
sum_0_6_load_1    (load         ) [ 01111111110000111111111]
sum_1_6_load_1    (load         ) [ 01111111110000111111111]
sum_2_6_load_1    (load         ) [ 01111111110000111111111]
mul               (fmul         ) [ 01110111110000111111110]
tmp_2             (mux          ) [ 01110111110000111111110]
sum_2_4           (fadd         ) [ 00001000000000000000001]
icmp_ln35         (icmp         ) [ 00000000000000000000000]
icmp_ln35_1       (icmp         ) [ 00000000000000000000000]
or_ln35           (or           ) [ 00000000000000000000000]
sum_2             (select       ) [ 00000000000000000000000]
sum_2_2           (select       ) [ 00000000000000000000000]
sum_2_3           (select       ) [ 00000000000000000000000]
store_ln35        (store        ) [ 00000000000000000000000]
store_ln35        (store        ) [ 00000000000000000000000]
store_ln35        (store        ) [ 00000000000000000000000]
br_ln36           (br           ) [ 00000000000000000000000]
sum_0_6_load      (load         ) [ 00000000000000000000000]
sum_1_6_load      (load         ) [ 00000000000000000000000]
sum_2_6_load      (load         ) [ 00000000000000000000000]
write_ln0         (write        ) [ 00000000000000000000000]
write_ln0         (write        ) [ 00000000000000000000000]
write_ln0         (write        ) [ 00000000000000000000000]
ret_ln0           (ret          ) [ 00000000000000000000000]
</LifeTime>

<model>

<comp_list>
<comp id="0" class="1000" name="sum_2_5">
<pin_list>
<pin id="1" dir="1" index="0" bw="1" slack="0"/>
</pin_list>
<bind>
<StgValue><ssdm name="sum_2_5"/></StgValue>
</bind>
</comp>

<comp id="2" class="1000" name="sum_1_5">
<pin_list>
<pin id="3" dir="1" index="0" bw="1" slack="0"/>
</pin_list>
<bind>
<StgValue><ssdm name="sum_1_5"/></StgValue>
</bind>
</comp>

<comp id="4" class="1000" name="sum_0_5">
<pin_list>
<pin id="5" dir="1" index="0" bw="1" slack="0"/>
</pin_list>
<bind>
<StgValue><ssdm name="sum_0_5"/></StgValue>
</bind>
</comp>

<comp id="6" class="1000" name="channels">
<pin_list>
<pin id="7" dir="1" index="0" bw="1" slack="0"/>
</pin_list>
<bind>
<StgValue><ssdm name="channels"/></StgValue>
</bind>
</comp>

<comp id="8" class="1000" name="image_r">
<pin_list>
<pin id="9" dir="1" index="0" bw="1" slack="0"/>
</pin_list>
<bind>
<StgValue><ssdm name="image_r"/></StgValue>
</bind>
</comp>

<comp id="10" class="1000" name="kernel_load">
<pin_list>
<pin id="11" dir="1" index="0" bw="1" slack="0"/>
</pin_list>
<bind>
<StgValue><ssdm name="kernel_load"/></StgValue>
</bind>
</comp>

<comp id="12" class="1000" name="sum_2_6_out">
<pin_list>
<pin id="13" dir="1" index="0" bw="1" slack="0"/>
</pin_list>
<bind>
<StgValue><ssdm name="sum_2_6_out"/></StgValue>
</bind>
</comp>

<comp id="14" class="1000" name="sum_1_6_out">
<pin_list>
<pin id="15" dir="1" index="0" bw="1" slack="0"/>
</pin_list>
<bind>
<StgValue><ssdm name="sum_1_6_out"/></StgValue>
</bind>
</comp>

<comp id="16" class="1000" name="sum_0_6_out">
<pin_list>
<pin id="17" dir="1" index="0" bw="1" slack="0"/>
</pin_list>
<bind>
<StgValue><ssdm name="sum_0_6_out"/></StgValue>
</bind>
</comp>

<comp id="18" class="1001" name="const_18">
<pin_list>
<pin id="19" dir="1" index="0" bw="1" slack="0"/>
</pin_list>
<bind>
<StgValue><ssdm name=""/></StgValue>
</bind>
</comp>

<comp id="20" class="1001" name="const_20">
<pin_list>
<pin id="21" dir="1" index="0" bw="1" slack="2147483647"/>
</pin_list>
<bind>
<StgValue><ssdm name="_ssdm_op_SpecInterface"/></StgValue>
</bind>
</comp>

<comp id="22" class="1001" name="const_22">
<pin_list>
<pin id="23" dir="1" index="0" bw="1" slack="2147483647"/>
</pin_list>
<bind>
<StgValue><ssdm name="empty_0"/></StgValue>
</bind>
</comp>

<comp id="24" class="1001" name="const_24">
<pin_list>
<pin id="25" dir="1" index="0" bw="1" slack="2147483647"/>
</pin_list>
<bind>
<StgValue><ssdm name=""/></StgValue>
</bind>
</comp>

<comp id="26" class="1001" name="const_26">
<pin_list>
<pin id="27" dir="1" index="0" bw="1" slack="2147483647"/>
</pin_list>
<bind>
<StgValue><ssdm name="empty_1"/></StgValue>
</bind>
</comp>

<comp id="28" class="1001" name="const_28">
<pin_list>
<pin id="29" dir="1" index="0" bw="1" slack="2147483647"/>
</pin_list>
<bind>
<StgValue><ssdm name="empty"/></StgValue>
</bind>
</comp>

<comp id="30" class="1001" name="const_30">
<pin_list>
<pin id="31" dir="1" index="0" bw="1" slack="2147483647"/>
</pin_list>
<bind>
<StgValue><ssdm name=""/></StgValue>
</bind>
</comp>

<comp id="32" class="1001" name="const_32">
<pin_list>
<pin id="33" dir="1" index="0" bw="1" slack="0"/>
</pin_list>
<bind>
<StgValue><ssdm name="_ssdm_op_Read.ap_auto.float"/></StgValue>
</bind>
</comp>

<comp id="34" class="1001" name="const_34">
<pin_list>
<pin id="35" dir="1" index="0" bw="1" slack="0"/>
</pin_list>
<bind>
<StgValue><ssdm name="_ssdm_op_Read.ap_auto.i32"/></StgValue>
</bind>
</comp>

<comp id="36" class="1001" name="const_36">
<pin_list>
<pin id="37" dir="1" index="0" bw="1" slack="0"/>
</pin_list>
<bind>
<StgValue><ssdm name=""/></StgValue>
</bind>
</comp>

<comp id="38" class="1001" name="const_38">
<pin_list>
<pin id="39" dir="1" index="0" bw="1" slack="2147483647"/>
</pin_list>
<bind>
<StgValue><ssdm name="_ssdm_op_SpecPipeline"/></StgValue>
</bind>
</comp>

<comp id="40" class="1001" name="const_40">
<pin_list>
<pin id="41" dir="1" index="0" bw="1" slack="2147483647"/>
</pin_list>
<bind>
<StgValue><ssdm name="_ssdm_op_SpecLoopName"/></StgValue>
</bind>
</comp>

<comp id="42" class="1001" name="const_42">
<pin_list>
<pin id="43" dir="1" index="0" bw="1" slack="2147483647"/>
</pin_list>
<bind>
<StgValue><ssdm name="empty_10"/></StgValue>
</bind>
</comp>

<comp id="44" class="1001" name="const_44">
<pin_list>
<pin id="45" dir="1" index="0" bw="1" slack="0"/>
</pin_list>
<bind>
<StgValue><ssdm name=""/></StgValue>
</bind>
</comp>

<comp id="46" class="1001" name="const_46">
<pin_list>
<pin id="47" dir="1" index="0" bw="1" slack="0"/>
</pin_list>
<bind>
<StgValue><ssdm name="_ssdm_op_Read.axis.volatile.i32P128A"/></StgValue>
</bind>
</comp>

<comp id="48" class="1001" name="const_48">
<pin_list>
<pin id="49" dir="1" index="0" bw="1" slack="0"/>
</pin_list>
<bind>
<StgValue><ssdm name=""/></StgValue>
</bind>
</comp>

<comp id="50" class="1001" name="const_50">
<pin_list>
<pin id="51" dir="1" index="0" bw="1" slack="0"/>
</pin_list>
<bind>
<StgValue><ssdm name="_ssdm_op_Mux.ap_auto.3float.i2"/></StgValue>
</bind>
</comp>

<comp id="52" class="1001" name="const_52">
<pin_list>
<pin id="53" dir="1" index="0" bw="1" slack="0"/>
</pin_list>
<bind>
<StgValue><ssdm name=""/></StgValue>
</bind>
</comp>

<comp id="54" class="1001" name="const_54">
<pin_list>
<pin id="55" dir="1" index="0" bw="1" slack="0"/>
</pin_list>
<bind>
<StgValue><ssdm name=""/></StgValue>
</bind>
</comp>

<comp id="56" class="1001" name="const_56">
<pin_list>
<pin id="57" dir="1" index="0" bw="1" slack="0"/>
</pin_list>
<bind>
<StgValue><ssdm name="_ssdm_op_Write.ap_auto.floatP0A"/></StgValue>
</bind>
</comp>

<comp id="58" class="1004" name="ch_1_fu_58">
<pin_list>
<pin id="59" dir="0" index="0" bw="1" slack="0"/>
<pin id="60" dir="1" index="1" bw="31" slack="0"/>
</pin_list>
<bind>
<opcode="alloca(26) " fcode="alloca"/>
<opset="ch_1/1 "/>
</bind>
</comp>

<comp id="62" class="1004" name="sum_0_6_fu_62">
<pin_list>
<pin id="63" dir="0" index="0" bw="1" slack="0"/>
<pin id="64" dir="1" index="1" bw="32" slack="0"/>
</pin_list>
<bind>
<opcode="alloca(26) " fcode="alloca"/>
<opset="sum_0_6/1 "/>
</bind>
</comp>

<comp id="66" class="1004" name="sum_1_6_fu_66">
<pin_list>
<pin id="67" dir="0" index="0" bw="1" slack="0"/>
<pin id="68" dir="1" index="1" bw="32" slack="0"/>
</pin_list>
<bind>
<opcode="alloca(26) " fcode="alloca"/>
<opset="sum_1_6/1 "/>
</bind>
</comp>

<comp id="70" class="1004" name="sum_2_6_fu_70">
<pin_list>
<pin id="71" dir="0" index="0" bw="1" slack="0"/>
<pin id="72" dir="1" index="1" bw="32" slack="0"/>
</pin_list>
<bind>
<opcode="alloca(26) " fcode="alloca"/>
<opset="sum_2_6/1 "/>
</bind>
</comp>

<comp id="74" class="1004" name="kernel_load_read_read_fu_74">
<pin_list>
<pin id="75" dir="0" index="0" bw="32" slack="0"/>
<pin id="76" dir="0" index="1" bw="32" slack="0"/>
<pin id="77" dir="1" index="2" bw="32" slack="9"/>
</pin_list>
<bind>
<opcode="read(1150) " fcode="read"/>
<opset="kernel_load_read/1 "/>
</bind>
</comp>

<comp id="80" class="1004" name="channels_read_read_fu_80">
<pin_list>
<pin id="81" dir="0" index="0" bw="32" slack="0"/>
<pin id="82" dir="0" index="1" bw="32" slack="0"/>
<pin id="83" dir="1" index="2" bw="32" slack="0"/>
</pin_list>
<bind>
<opcode="read(1150) " fcode="read"/>
<opset="channels_read/1 "/>
</bind>
</comp>

<comp id="86" class="1004" name="sum_0_5_read_read_fu_86">
<pin_list>
<pin id="87" dir="0" index="0" bw="32" slack="0"/>
<pin id="88" dir="0" index="1" bw="32" slack="0"/>
<pin id="89" dir="1" index="2" bw="32" slack="0"/>
</pin_list>
<bind>
<opcode="read(1150) " fcode="read"/>
<opset="sum_0_5_read/1 "/>
</bind>
</comp>

<comp id="92" class="1004" name="sum_1_5_read_read_fu_92">
<pin_list>
<pin id="93" dir="0" index="0" bw="32" slack="0"/>
<pin id="94" dir="0" index="1" bw="32" slack="0"/>
<pin id="95" dir="1" index="2" bw="32" slack="0"/>
</pin_list>
<bind>
<opcode="read(1150) " fcode="read"/>
<opset="sum_1_5_read/1 "/>
</bind>
</comp>

<comp id="98" class="1004" name="sum_2_5_read_read_fu_98">
<pin_list>
<pin id="99" dir="0" index="0" bw="32" slack="0"/>
<pin id="100" dir="0" index="1" bw="32" slack="0"/>
<pin id="101" dir="1" index="2" bw="32" slack="0"/>
</pin_list>
<bind>
<opcode="read(1150) " fcode="read"/>
<opset="sum_2_5_read/1 "/>
</bind>
</comp>

<comp id="104" class="1004" name="image_r_read_read_fu_104">
<pin_list>
<pin id="105" dir="0" index="0" bw="32" slack="0"/>
<pin id="106" dir="0" index="1" bw="32" slack="0"/>
<pin id="107" dir="1" index="2" bw="32" slack="1"/>
</pin_list>
<bind>
<opcode="read(1150) " fcode="read"/>
<opset="image_r_read/2 "/>
</bind>
</comp>

<comp id="110" class="1004" name="write_ln0_write_fu_110">
<pin_list>
<pin id="111" dir="0" index="0" bw="0" slack="0"/>
<pin id="112" dir="0" index="1" bw="32" slack="0"/>
<pin id="113" dir="0" index="2" bw="32" slack="0"/>
<pin id="114" dir="1" index="3" bw="0" slack="2147483647"/>
</pin_list>
<bind>
<opcode="write(1151) " fcode="write"/>
<opset="write_ln0/13 "/>
</bind>
</comp>

<comp id="117" class="1004" name="write_ln0_write_fu_117">
<pin_list>
<pin id="118" dir="0" index="0" bw="0" slack="0"/>
<pin id="119" dir="0" index="1" bw="32" slack="0"/>
<pin id="120" dir="0" index="2" bw="32" slack="0"/>
<pin id="121" dir="1" index="3" bw="0" slack="2147483647"/>
</pin_list>
<bind>
<opcode="write(1151) " fcode="write"/>
<opset="write_ln0/13 "/>
</bind>
</comp>

<comp id="124" class="1004" name="write_ln0_write_fu_124">
<pin_list>
<pin id="125" dir="0" index="0" bw="0" slack="0"/>
<pin id="126" dir="0" index="1" bw="32" slack="0"/>
<pin id="127" dir="0" index="2" bw="32" slack="0"/>
<pin id="128" dir="1" index="3" bw="0" slack="2147483647"/>
</pin_list>
<bind>
<opcode="write(1151) " fcode="write"/>
<opset="write_ln0/13 "/>
</bind>
</comp>

<comp id="131" class="1004" name="grp_fu_131">
<pin_list>
<pin id="132" dir="0" index="0" bw="32" slack="1"/>
<pin id="133" dir="0" index="1" bw="32" slack="1"/>
<pin id="134" dir="1" index="2" bw="32" slack="1"/>
</pin_list>
<bind>
<opcode="fadd(9) " fcode="fadd"/>
<opset="sum_2_4/14 "/>
</bind>
</comp>

<comp id="135" class="1004" name="grp_fu_135">
<pin_list>
<pin id="136" dir="0" index="0" bw="32" slack="9"/>
<pin id="137" dir="0" index="1" bw="32" slack="1"/>
<pin id="138" dir="1" index="2" bw="32" slack="1"/>
</pin_list>
<bind>
<opcode="fmul(13) " fcode="fmul"/>
<opset="mul/10 "/>
</bind>
</comp>

<comp id="139" class="1004" name="grp_fu_139">
<pin_list>
<pin id="140" dir="0" index="0" bw="32" slack="1"/>
<pin id="141" dir="1" index="1" bw="32" slack="1"/>
</pin_list>
<bind>
<opcode="sitofp(39) " fcode="sitofp"/>
<opset="conv/3 "/>
</bind>
</comp>

<comp id="142" class="1004" name="store_ln0_store_fu_142">
<pin_list>
<pin id="143" dir="0" index="0" bw="32" slack="0"/>
<pin id="144" dir="0" index="1" bw="32" slack="0"/>
<pin id="145" dir="1" index="2" bw="0" slack="2147483647"/>
</pin_list>
<bind>
<opcode="store(28) " fcode="store"/>
<opset="store_ln0/1 "/>
</bind>
</comp>

<comp id="147" class="1004" name="store_ln0_store_fu_147">
<pin_list>
<pin id="148" dir="0" index="0" bw="32" slack="0"/>
<pin id="149" dir="0" index="1" bw="32" slack="0"/>
<pin id="150" dir="1" index="2" bw="0" slack="2147483647"/>
</pin_list>
<bind>
<opcode="store(28) " fcode="store"/>
<opset="store_ln0/1 "/>
</bind>
</comp>

<comp id="152" class="1004" name="store_ln0_store_fu_152">
<pin_list>
<pin id="153" dir="0" index="0" bw="32" slack="0"/>
<pin id="154" dir="0" index="1" bw="32" slack="0"/>
<pin id="155" dir="1" index="2" bw="0" slack="2147483647"/>
</pin_list>
<bind>
<opcode="store(28) " fcode="store"/>
<opset="store_ln0/1 "/>
</bind>
</comp>

<comp id="157" class="1004" name="store_ln33_store_fu_157">
<pin_list>
<pin id="158" dir="0" index="0" bw="1" slack="0"/>
<pin id="159" dir="0" index="1" bw="31" slack="0"/>
<pin id="160" dir="1" index="2" bw="0" slack="2147483647"/>
</pin_list>
<bind>
<opcode="store(28) " fcode="store"/>
<opset="store_ln33/1 "/>
</bind>
</comp>

<comp id="162" class="1004" name="ch_load_fu_162">
<pin_list>
<pin id="163" dir="0" index="0" bw="31" slack="0"/>
<pin id="164" dir="1" index="1" bw="31" slack="0"/>
</pin_list>
<bind>
<opcode="load(27) " fcode="load"/>
<opset="ch/1 "/>
</bind>
</comp>

<comp id="165" class="1004" name="zext_ln33_fu_165">
<pin_list>
<pin id="166" dir="0" index="0" bw="31" slack="0"/>
<pin id="167" dir="1" index="1" bw="32" slack="0"/>
</pin_list>
<bind>
<opcode="zext(34) " fcode="zext"/>
<opset="zext_ln33/1 "/>
</bind>
</comp>

<comp id="169" class="1004" name="icmp_ln33_fu_169">
<pin_list>
<pin id="170" dir="0" index="0" bw="31" slack="0"/>
<pin id="171" dir="0" index="1" bw="32" slack="0"/>
<pin id="172" dir="1" index="2" bw="1" slack="1"/>
</pin_list>
<bind>
<opcode="icmp(45) " fcode="icmp"/>
<opset="icmp_ln33/1 "/>
</bind>
</comp>

<comp id="175" class="1004" name="icmp_ln34_fu_175">
<pin_list>
<pin id="176" dir="0" index="0" bw="31" slack="0"/>
<pin id="177" dir="0" index="1" bw="3" slack="0"/>
<pin id="178" dir="1" index="2" bw="1" slack="1"/>
</pin_list>
<bind>
<opcode="icmp(45) " fcode="icmp"/>
<opset="icmp_ln34/1 "/>
</bind>
</comp>

<comp id="181" class="1004" name="add_ln33_fu_181">
<pin_list>
<pin id="182" dir="0" index="0" bw="31" slack="8"/>
<pin id="183" dir="0" index="1" bw="1" slack="0"/>
<pin id="184" dir="1" index="2" bw="31" slack="0"/>
</pin_list>
<bind>
<opcode="add(8) " fcode="add"/>
<opset="add_ln33/9 "/>
</bind>
</comp>

<comp id="186" class="1004" name="trunc_ln35_fu_186">
<pin_list>
<pin id="187" dir="0" index="0" bw="31" slack="8"/>
<pin id="188" dir="1" index="1" bw="2" slack="4"/>
</pin_list>
<bind>
<opcode="trunc(33) " fcode="trunc"/>
<opset="trunc_ln35/9 "/>
</bind>
</comp>

<comp id="189" class="1004" name="store_ln33_store_fu_189">
<pin_list>
<pin id="190" dir="0" index="0" bw="31" slack="0"/>
<pin id="191" dir="0" index="1" bw="31" slack="8"/>
<pin id="192" dir="1" index="2" bw="0" slack="2147483647"/>
</pin_list>
<bind>
<opcode="store(28) " fcode="store"/>
<opset="store_ln33/9 "/>
</bind>
</comp>

<comp id="194" class="1004" name="sum_0_6_load_1_load_fu_194">
<pin_list>
<pin id="195" dir="0" index="0" bw="32" slack="12"/>
<pin id="196" dir="1" index="1" bw="32" slack="0"/>
</pin_list>
<bind>
<opcode="load(27) " fcode="load"/>
<opset="sum_0_6_load_1/13 "/>
</bind>
</comp>

<comp id="197" class="1004" name="sum_1_6_load_1_load_fu_197">
<pin_list>
<pin id="198" dir="0" index="0" bw="32" slack="12"/>
<pin id="199" dir="1" index="1" bw="32" slack="0"/>
</pin_list>
<bind>
<opcode="load(27) " fcode="load"/>
<opset="sum_1_6_load_1/13 "/>
</bind>
</comp>

<comp id="200" class="1004" name="sum_2_6_load_1_load_fu_200">
<pin_list>
<pin id="201" dir="0" index="0" bw="32" slack="12"/>
<pin id="202" dir="1" index="1" bw="32" slack="0"/>
</pin_list>
<bind>
<opcode="load(27) " fcode="load"/>
<opset="sum_2_6_load_1/13 "/>
</bind>
</comp>

<comp id="203" class="1004" name="tmp_2_fu_203">
<pin_list>
<pin id="204" dir="0" index="0" bw="32" slack="0"/>
<pin id="205" dir="0" index="1" bw="32" slack="0"/>
<pin id="206" dir="0" index="2" bw="32" slack="0"/>
<pin id="207" dir="0" index="3" bw="32" slack="0"/>
<pin id="208" dir="0" index="4" bw="2" slack="4"/>
<pin id="209" dir="1" index="5" bw="32" slack="1"/>
</pin_list>
<bind>
<opcode="mux(1196) " fcode="mux"/>
<opset="tmp_2/13 "/>
</bind>
</comp>

<comp id="214" class="1004" name="icmp_ln35_fu_214">
<pin_list>
<pin id="215" dir="0" index="0" bw="2" slack="13"/>
<pin id="216" dir="0" index="1" bw="1" slack="0"/>
<pin id="217" dir="1" index="2" bw="1" slack="0"/>
</pin_list>
<bind>
<opcode="icmp(45) " fcode="icmp"/>
<opset="icmp_ln35/22 "/>
</bind>
</comp>

<comp id="219" class="1004" name="icmp_ln35_1_fu_219">
<pin_list>
<pin id="220" dir="0" index="0" bw="2" slack="13"/>
<pin id="221" dir="0" index="1" bw="1" slack="0"/>
<pin id="222" dir="1" index="2" bw="1" slack="0"/>
</pin_list>
<bind>
<opcode="icmp(45) " fcode="icmp"/>
<opset="icmp_ln35_1/22 "/>
</bind>
</comp>

<comp id="224" class="1004" name="or_ln35_fu_224">
<pin_list>
<pin id="225" dir="0" index="0" bw="1" slack="0"/>
<pin id="226" dir="0" index="1" bw="1" slack="0"/>
<pin id="227" dir="1" index="2" bw="1" slack="0"/>
</pin_list>
<bind>
<opcode="or(24) " fcode="or"/>
<opset="or_ln35/22 "/>
</bind>
</comp>

<comp id="230" class="1004" name="sum_2_fu_230">
<pin_list>
<pin id="231" dir="0" index="0" bw="1" slack="0"/>
<pin id="232" dir="0" index="1" bw="32" slack="9"/>
<pin id="233" dir="0" index="2" bw="32" slack="1"/>
<pin id="234" dir="1" index="3" bw="32" slack="0"/>
</pin_list>
<bind>
<opcode="select(49) " fcode="select"/>
<opset="sum_2/22 "/>
</bind>
</comp>

<comp id="236" class="1004" name="sum_2_2_fu_236">
<pin_list>
<pin id="237" dir="0" index="0" bw="1" slack="0"/>
<pin id="238" dir="0" index="1" bw="32" slack="1"/>
<pin id="239" dir="0" index="2" bw="32" slack="9"/>
<pin id="240" dir="1" index="3" bw="32" slack="0"/>
</pin_list>
<bind>
<opcode="select(49) " fcode="select"/>
<opset="sum_2_2/22 "/>
</bind>
</comp>

<comp id="242" class="1004" name="sum_2_3_fu_242">
<pin_list>
<pin id="243" dir="0" index="0" bw="1" slack="0"/>
<pin id="244" dir="0" index="1" bw="32" slack="1"/>
<pin id="245" dir="0" index="2" bw="32" slack="9"/>
<pin id="246" dir="1" index="3" bw="32" slack="0"/>
</pin_list>
<bind>
<opcode="select(49) " fcode="select"/>
<opset="sum_2_3/22 "/>
</bind>
</comp>

<comp id="248" class="1004" name="store_ln35_store_fu_248">
<pin_list>
<pin id="249" dir="0" index="0" bw="32" slack="0"/>
<pin id="250" dir="0" index="1" bw="32" slack="21"/>
<pin id="251" dir="1" index="2" bw="0" slack="2147483647"/>
</pin_list>
<bind>
<opcode="store(28) " fcode="store"/>
<opset="store_ln35/22 "/>
</bind>
</comp>

<comp id="253" class="1004" name="store_ln35_store_fu_253">
<pin_list>
<pin id="254" dir="0" index="0" bw="32" slack="0"/>
<pin id="255" dir="0" index="1" bw="32" slack="21"/>
<pin id="256" dir="1" index="2" bw="0" slack="2147483647"/>
</pin_list>
<bind>
<opcode="store(28) " fcode="store"/>
<opset="store_ln35/22 "/>
</bind>
</comp>

<comp id="258" class="1004" name="store_ln35_store_fu_258">
<pin_list>
<pin id="259" dir="0" index="0" bw="32" slack="0"/>
<pin id="260" dir="0" index="1" bw="32" slack="21"/>
<pin id="261" dir="1" index="2" bw="0" slack="2147483647"/>
</pin_list>
<bind>
<opcode="store(28) " fcode="store"/>
<opset="store_ln35/22 "/>
</bind>
</comp>

<comp id="263" class="1004" name="sum_0_6_load_load_fu_263">
<pin_list>
<pin id="264" dir="0" index="0" bw="32" slack="12"/>
<pin id="265" dir="1" index="1" bw="32" slack="0"/>
</pin_list>
<bind>
<opcode="load(27) " fcode="load"/>
<opset="sum_0_6_load/13 "/>
</bind>
</comp>

<comp id="267" class="1004" name="sum_1_6_load_load_fu_267">
<pin_list>
<pin id="268" dir="0" index="0" bw="32" slack="12"/>
<pin id="269" dir="1" index="1" bw="32" slack="0"/>
</pin_list>
<bind>
<opcode="load(27) " fcode="load"/>
<opset="sum_1_6_load/13 "/>
</bind>
</comp>

<comp id="271" class="1004" name="sum_2_6_load_load_fu_271">
<pin_list>
<pin id="272" dir="0" index="0" bw="32" slack="12"/>
<pin id="273" dir="1" index="1" bw="32" slack="0"/>
</pin_list>
<bind>
<opcode="load(27) " fcode="load"/>
<opset="sum_2_6_load/13 "/>
</bind>
</comp>

<comp id="275" class="1005" name="ch_1_reg_275">
<pin_list>
<pin id="276" dir="0" index="0" bw="31" slack="0"/>
<pin id="277" dir="1" index="1" bw="31" slack="0"/>
</pin_list>
<bind>
<opset="ch_1 "/>
</bind>
</comp>

<comp id="282" class="1005" name="sum_0_6_reg_282">
<pin_list>
<pin id="283" dir="0" index="0" bw="32" slack="0"/>
<pin id="284" dir="1" index="1" bw="32" slack="0"/>
</pin_list>
<bind>
<opset="sum_0_6 "/>
</bind>
</comp>

<comp id="290" class="1005" name="sum_1_6_reg_290">
<pin_list>
<pin id="291" dir="0" index="0" bw="32" slack="0"/>
<pin id="292" dir="1" index="1" bw="32" slack="0"/>
</pin_list>
<bind>
<opset="sum_1_6 "/>
</bind>
</comp>

<comp id="298" class="1005" name="sum_2_6_reg_298">
<pin_list>
<pin id="299" dir="0" index="0" bw="32" slack="0"/>
<pin id="300" dir="1" index="1" bw="32" slack="0"/>
</pin_list>
<bind>
<opset="sum_2_6 "/>
</bind>
</comp>

<comp id="306" class="1005" name="kernel_load_read_reg_306">
<pin_list>
<pin id="307" dir="0" index="0" bw="32" slack="9"/>
<pin id="308" dir="1" index="1" bw="32" slack="9"/>
</pin_list>
<bind>
<opset="kernel_load_read "/>
</bind>
</comp>

<comp id="311" class="1005" name="ch_reg_311">
<pin_list>
<pin id="312" dir="0" index="0" bw="31" slack="8"/>
<pin id="313" dir="1" index="1" bw="31" slack="8"/>
</pin_list>
<bind>
<opset="ch "/>
</bind>
</comp>

<comp id="317" class="1005" name="icmp_ln33_reg_317">
<pin_list>
<pin id="318" dir="0" index="0" bw="1" slack="1"/>
<pin id="319" dir="1" index="1" bw="1" slack="2147483647"/>
</pin_list>
<bind>
<opset="icmp_ln33 "/>
</bind>
</comp>

<comp id="321" class="1005" name="icmp_ln34_reg_321">
<pin_list>
<pin id="322" dir="0" index="0" bw="1" slack="1"/>
<pin id="323" dir="1" index="1" bw="1" slack="2147483647"/>
</pin_list>
<bind>
<opset="icmp_ln34 "/>
</bind>
</comp>

<comp id="325" class="1005" name="image_r_read_reg_325">
<pin_list>
<pin id="326" dir="0" index="0" bw="32" slack="1"/>
<pin id="327" dir="1" index="1" bw="32" slack="1"/>
</pin_list>
<bind>
<opset="image_r_read "/>
</bind>
</comp>

<comp id="330" class="1005" name="conv_reg_330">
<pin_list>
<pin id="331" dir="0" index="0" bw="32" slack="1"/>
<pin id="332" dir="1" index="1" bw="32" slack="1"/>
</pin_list>
<bind>
<opset="conv "/>
</bind>
</comp>

<comp id="335" class="1005" name="trunc_ln35_reg_335">
<pin_list>
<pin id="336" dir="0" index="0" bw="2" slack="4"/>
<pin id="337" dir="1" index="1" bw="2" slack="4"/>
</pin_list>
<bind>
<opset="trunc_ln35 "/>
</bind>
</comp>

<comp id="342" class="1005" name="sum_0_6_load_1_reg_342">
<pin_list>
<pin id="343" dir="0" index="0" bw="32" slack="9"/>
<pin id="344" dir="1" index="1" bw="32" slack="9"/>
</pin_list>
<bind>
<opset="sum_0_6_load_1 "/>
</bind>
</comp>

<comp id="347" class="1005" name="sum_1_6_load_1_reg_347">
<pin_list>
<pin id="348" dir="0" index="0" bw="32" slack="9"/>
<pin id="349" dir="1" index="1" bw="32" slack="9"/>
</pin_list>
<bind>
<opset="sum_1_6_load_1 "/>
</bind>
</comp>

<comp id="352" class="1005" name="sum_2_6_load_1_reg_352">
<pin_list>
<pin id="353" dir="0" index="0" bw="32" slack="9"/>
<pin id="354" dir="1" index="1" bw="32" slack="9"/>
</pin_list>
<bind>
<opset="sum_2_6_load_1 "/>
</bind>
</comp>

<comp id="357" class="1005" name="mul_reg_357">
<pin_list>
<pin id="358" dir="0" index="0" bw="32" slack="1"/>
<pin id="359" dir="1" index="1" bw="32" slack="1"/>
</pin_list>
<bind>
<opset="mul "/>
</bind>
</comp>

<comp id="362" class="1005" name="tmp_2_reg_362">
<pin_list>
<pin id="363" dir="0" index="0" bw="32" slack="1"/>
<pin id="364" dir="1" index="1" bw="32" slack="1"/>
</pin_list>
<bind>
<opset="tmp_2 "/>
</bind>
</comp>

<comp id="367" class="1005" name="sum_2_4_reg_367">
<pin_list>
<pin id="368" dir="0" index="0" bw="32" slack="1"/>
<pin id="369" dir="1" index="1" bw="32" slack="1"/>
</pin_list>
<bind>
<opset="sum_2_4 "/>
</bind>
</comp>

</comp_list>

<net_list>
<net id="61"><net_src comp="18" pin="0"/><net_sink comp="58" pin=0"/></net>

<net id="65"><net_src comp="18" pin="0"/><net_sink comp="62" pin=0"/></net>

<net id="69"><net_src comp="18" pin="0"/><net_sink comp="66" pin=0"/></net>

<net id="73"><net_src comp="18" pin="0"/><net_sink comp="70" pin=0"/></net>

<net id="78"><net_src comp="32" pin="0"/><net_sink comp="74" pin=0"/></net>

<net id="79"><net_src comp="10" pin="0"/><net_sink comp="74" pin=1"/></net>

<net id="84"><net_src comp="34" pin="0"/><net_sink comp="80" pin=0"/></net>

<net id="85"><net_src comp="6" pin="0"/><net_sink comp="80" pin=1"/></net>

<net id="90"><net_src comp="32" pin="0"/><net_sink comp="86" pin=0"/></net>

<net id="91"><net_src comp="4" pin="0"/><net_sink comp="86" pin=1"/></net>

<net id="96"><net_src comp="32" pin="0"/><net_sink comp="92" pin=0"/></net>

<net id="97"><net_src comp="2" pin="0"/><net_sink comp="92" pin=1"/></net>

<net id="102"><net_src comp="32" pin="0"/><net_sink comp="98" pin=0"/></net>

<net id="103"><net_src comp="0" pin="0"/><net_sink comp="98" pin=1"/></net>

<net id="108"><net_src comp="46" pin="0"/><net_sink comp="104" pin=0"/></net>

<net id="109"><net_src comp="8" pin="0"/><net_sink comp="104" pin=1"/></net>

<net id="115"><net_src comp="56" pin="0"/><net_sink comp="110" pin=0"/></net>

<net id="116"><net_src comp="12" pin="0"/><net_sink comp="110" pin=1"/></net>

<net id="122"><net_src comp="56" pin="0"/><net_sink comp="117" pin=0"/></net>

<net id="123"><net_src comp="14" pin="0"/><net_sink comp="117" pin=1"/></net>

<net id="129"><net_src comp="56" pin="0"/><net_sink comp="124" pin=0"/></net>

<net id="130"><net_src comp="16" pin="0"/><net_sink comp="124" pin=1"/></net>

<net id="146"><net_src comp="98" pin="2"/><net_sink comp="142" pin=0"/></net>

<net id="151"><net_src comp="92" pin="2"/><net_sink comp="147" pin=0"/></net>

<net id="156"><net_src comp="86" pin="2"/><net_sink comp="152" pin=0"/></net>

<net id="161"><net_src comp="36" pin="0"/><net_sink comp="157" pin=0"/></net>

<net id="168"><net_src comp="162" pin="1"/><net_sink comp="165" pin=0"/></net>

<net id="173"><net_src comp="165" pin="1"/><net_sink comp="169" pin=0"/></net>

<net id="174"><net_src comp="80" pin="2"/><net_sink comp="169" pin=1"/></net>

<net id="179"><net_src comp="162" pin="1"/><net_sink comp="175" pin=0"/></net>

<net id="180"><net_src comp="44" pin="0"/><net_sink comp="175" pin=1"/></net>

<net id="185"><net_src comp="48" pin="0"/><net_sink comp="181" pin=1"/></net>

<net id="193"><net_src comp="181" pin="2"/><net_sink comp="189" pin=0"/></net>

<net id="210"><net_src comp="50" pin="0"/><net_sink comp="203" pin=0"/></net>

<net id="211"><net_src comp="194" pin="1"/><net_sink comp="203" pin=1"/></net>

<net id="212"><net_src comp="197" pin="1"/><net_sink comp="203" pin=2"/></net>

<net id="213"><net_src comp="200" pin="1"/><net_sink comp="203" pin=3"/></net>

<net id="218"><net_src comp="52" pin="0"/><net_sink comp="214" pin=1"/></net>

<net id="223"><net_src comp="54" pin="0"/><net_sink comp="219" pin=1"/></net>

<net id="228"><net_src comp="214" pin="2"/><net_sink comp="224" pin=0"/></net>

<net id="229"><net_src comp="219" pin="2"/><net_sink comp="224" pin=1"/></net>

<net id="235"><net_src comp="224" pin="2"/><net_sink comp="230" pin=0"/></net>

<net id="241"><net_src comp="219" pin="2"/><net_sink comp="236" pin=0"/></net>

<net id="247"><net_src comp="214" pin="2"/><net_sink comp="242" pin=0"/></net>

<net id="252"><net_src comp="230" pin="3"/><net_sink comp="248" pin=0"/></net>

<net id="257"><net_src comp="236" pin="3"/><net_sink comp="253" pin=0"/></net>

<net id="262"><net_src comp="242" pin="3"/><net_sink comp="258" pin=0"/></net>

<net id="266"><net_src comp="263" pin="1"/><net_sink comp="124" pin=2"/></net>

<net id="270"><net_src comp="267" pin="1"/><net_sink comp="117" pin=2"/></net>

<net id="274"><net_src comp="271" pin="1"/><net_sink comp="110" pin=2"/></net>

<net id="278"><net_src comp="58" pin="1"/><net_sink comp="275" pin=0"/></net>

<net id="279"><net_src comp="275" pin="1"/><net_sink comp="157" pin=1"/></net>

<net id="280"><net_src comp="275" pin="1"/><net_sink comp="162" pin=0"/></net>

<net id="281"><net_src comp="275" pin="1"/><net_sink comp="189" pin=1"/></net>

<net id="285"><net_src comp="62" pin="1"/><net_sink comp="282" pin=0"/></net>

<net id="286"><net_src comp="282" pin="1"/><net_sink comp="152" pin=1"/></net>

<net id="287"><net_src comp="282" pin="1"/><net_sink comp="194" pin=0"/></net>

<net id="288"><net_src comp="282" pin="1"/><net_sink comp="258" pin=1"/></net>

<net id="289"><net_src comp="282" pin="1"/><net_sink comp="263" pin=0"/></net>

<net id="293"><net_src comp="66" pin="1"/><net_sink comp="290" pin=0"/></net>

<net id="294"><net_src comp="290" pin="1"/><net_sink comp="147" pin=1"/></net>

<net id="295"><net_src comp="290" pin="1"/><net_sink comp="197" pin=0"/></net>

<net id="296"><net_src comp="290" pin="1"/><net_sink comp="253" pin=1"/></net>

<net id="297"><net_src comp="290" pin="1"/><net_sink comp="267" pin=0"/></net>

<net id="301"><net_src comp="70" pin="1"/><net_sink comp="298" pin=0"/></net>

<net id="302"><net_src comp="298" pin="1"/><net_sink comp="142" pin=1"/></net>

<net id="303"><net_src comp="298" pin="1"/><net_sink comp="200" pin=0"/></net>

<net id="304"><net_src comp="298" pin="1"/><net_sink comp="248" pin=1"/></net>

<net id="305"><net_src comp="298" pin="1"/><net_sink comp="271" pin=0"/></net>

<net id="309"><net_src comp="74" pin="2"/><net_sink comp="306" pin=0"/></net>

<net id="310"><net_src comp="306" pin="1"/><net_sink comp="135" pin=0"/></net>

<net id="314"><net_src comp="162" pin="1"/><net_sink comp="311" pin=0"/></net>

<net id="315"><net_src comp="311" pin="1"/><net_sink comp="181" pin=0"/></net>

<net id="316"><net_src comp="311" pin="1"/><net_sink comp="186" pin=0"/></net>

<net id="320"><net_src comp="169" pin="2"/><net_sink comp="317" pin=0"/></net>

<net id="324"><net_src comp="175" pin="2"/><net_sink comp="321" pin=0"/></net>

<net id="328"><net_src comp="104" pin="2"/><net_sink comp="325" pin=0"/></net>

<net id="329"><net_src comp="325" pin="1"/><net_sink comp="139" pin=0"/></net>

<net id="333"><net_src comp="139" pin="1"/><net_sink comp="330" pin=0"/></net>

<net id="334"><net_src comp="330" pin="1"/><net_sink comp="135" pin=1"/></net>

<net id="338"><net_src comp="186" pin="1"/><net_sink comp="335" pin=0"/></net>

<net id="339"><net_src comp="335" pin="1"/><net_sink comp="203" pin=4"/></net>

<net id="340"><net_src comp="335" pin="1"/><net_sink comp="214" pin=0"/></net>

<net id="341"><net_src comp="335" pin="1"/><net_sink comp="219" pin=0"/></net>

<net id="345"><net_src comp="194" pin="1"/><net_sink comp="342" pin=0"/></net>

<net id="346"><net_src comp="342" pin="1"/><net_sink comp="242" pin=2"/></net>

<net id="350"><net_src comp="197" pin="1"/><net_sink comp="347" pin=0"/></net>

<net id="351"><net_src comp="347" pin="1"/><net_sink comp="236" pin=2"/></net>

<net id="355"><net_src comp="200" pin="1"/><net_sink comp="352" pin=0"/></net>

<net id="356"><net_src comp="352" pin="1"/><net_sink comp="230" pin=1"/></net>

<net id="360"><net_src comp="135" pin="2"/><net_sink comp="357" pin=0"/></net>

<net id="361"><net_src comp="357" pin="1"/><net_sink comp="131" pin=1"/></net>

<net id="365"><net_src comp="203" pin="5"/><net_sink comp="362" pin=0"/></net>

<net id="366"><net_src comp="362" pin="1"/><net_sink comp="131" pin=0"/></net>

<net id="370"><net_src comp="131" pin="2"/><net_sink comp="367" pin=0"/></net>

<net id="371"><net_src comp="367" pin="1"/><net_sink comp="230" pin=2"/></net>

<net id="372"><net_src comp="367" pin="1"/><net_sink comp="236" pin=1"/></net>

<net id="373"><net_src comp="367" pin="1"/><net_sink comp="242" pin=1"/></net>

</net_list>

</model> 
---------------- Datapath Model END ------------------

* FSMD analyzer results:
  - Output states:
	Port: sum_2_6_out | {13 }
	Port: sum_1_6_out | {13 }
	Port: sum_0_6_out | {13 }
 - Input state : 
	Port: applyConvolution_Pipeline_VITIS_LOOP_33_5 : sum_2_5 | {1 }
	Port: applyConvolution_Pipeline_VITIS_LOOP_33_5 : sum_1_5 | {1 }
	Port: applyConvolution_Pipeline_VITIS_LOOP_33_5 : sum_0_5 | {1 }
	Port: applyConvolution_Pipeline_VITIS_LOOP_33_5 : channels | {1 }
	Port: applyConvolution_Pipeline_VITIS_LOOP_33_5 : image_r | {2 }
	Port: applyConvolution_Pipeline_VITIS_LOOP_33_5 : kernel_load | {1 }
  - Chain level:
	State 1
		store_ln33 : 1
		ch : 1
		zext_ln33 : 2
		icmp_ln33 : 3
		br_ln33 : 4
		icmp_ln34 : 2
		br_ln34 : 3
	State 2
	State 3
	State 4
	State 5
	State 6
	State 7
	State 8
	State 9
		store_ln33 : 1
	State 10
	State 11
	State 12
	State 13
		tmp_2 : 1
		write_ln0 : 1
		write_ln0 : 1
		write_ln0 : 1
	State 14
	State 15
	State 16
	State 17
	State 18
	State 19
	State 20
	State 21
	State 22
		or_ln35 : 1
		sum_2 : 1
		sum_2_2 : 1
		sum_2_3 : 1
		store_ln35 : 2
		store_ln35 : 2
		store_ln35 : 2


============================================================
+ Verbose Summary: Datapath Resource usage 
============================================================

* Functional unit list:
|----------|-----------------------------|---------|---------|---------|
| Operation|       Functional Unit       |   DSP   |    FF   |   LUT   |
|----------|-----------------------------|---------|---------|---------|
|   fadd   |          grp_fu_131         |    2    |   296   |   438   |
|----------|-----------------------------|---------|---------|---------|
|   fmul   |          grp_fu_135         |    3    |   143   |   321   |
|----------|-----------------------------|---------|---------|---------|
|          |       icmp_ln33_fu_169      |    0    |    0    |    39   |
|   icmp   |       icmp_ln34_fu_175      |    0    |    0    |    38   |
|          |       icmp_ln35_fu_214      |    0    |    0    |    10   |
|          |      icmp_ln35_1_fu_219     |    0    |    0    |    10   |
|----------|-----------------------------|---------|---------|---------|
|          |         sum_2_fu_230        |    0    |    0    |    32   |
|  select  |        sum_2_2_fu_236       |    0    |    0    |    32   |
|          |        sum_2_3_fu_242       |    0    |    0    |    32   |
|----------|-----------------------------|---------|---------|---------|
|    add   |       add_ln33_fu_181       |    0    |    0    |    38   |
|----------|-----------------------------|---------|---------|---------|
|    mux   |         tmp_2_fu_203        |    0    |    0    |    14   |
|----------|-----------------------------|---------|---------|---------|
|    or    |        or_ln35_fu_224       |    0    |    0    |    2    |
|----------|-----------------------------|---------|---------|---------|
|          | kernel_load_read_read_fu_74 |    0    |    0    |    0    |
|          |   channels_read_read_fu_80  |    0    |    0    |    0    |
|   read   |   sum_0_5_read_read_fu_86   |    0    |    0    |    0    |
|          |   sum_1_5_read_read_fu_92   |    0    |    0    |    0    |
|          |   sum_2_5_read_read_fu_98   |    0    |    0    |    0    |
|          |   image_r_read_read_fu_104  |    0    |    0    |    0    |
|----------|-----------------------------|---------|---------|---------|
|          |    write_ln0_write_fu_110   |    0    |    0    |    0    |
|   write  |    write_ln0_write_fu_117   |    0    |    0    |    0    |
|          |    write_ln0_write_fu_124   |    0    |    0    |    0    |
|----------|-----------------------------|---------|---------|---------|
|  sitofp  |          grp_fu_139         |    0    |    0    |    0    |
|----------|-----------------------------|---------|---------|---------|
|   zext   |       zext_ln33_fu_165      |    0    |    0    |    0    |
|----------|-----------------------------|---------|---------|---------|
|   trunc  |      trunc_ln35_fu_186      |    0    |    0    |    0    |
|----------|-----------------------------|---------|---------|---------|
|   Total  |                             |    5    |   439   |   1006  |
|----------|-----------------------------|---------|---------|---------|

Memories:
N/A

* Register list:
+------------------------+--------+
|                        |   FF   |
+------------------------+--------+
|      ch_1_reg_275      |   31   |
|       ch_reg_311       |   31   |
|      conv_reg_330      |   32   |
|    icmp_ln33_reg_317   |    1   |
|    icmp_ln34_reg_321   |    1   |
|  image_r_read_reg_325  |   32   |
|kernel_load_read_reg_306|   32   |
|       mul_reg_357      |   32   |
| sum_0_6_load_1_reg_342 |   32   |
|     sum_0_6_reg_282    |   32   |
| sum_1_6_load_1_reg_347 |   32   |
|     sum_1_6_reg_290    |   32   |
|     sum_2_4_reg_367    |   32   |
| sum_2_6_load_1_reg_352 |   32   |
|     sum_2_6_reg_298    |   32   |
|      tmp_2_reg_362     |   32   |
|   trunc_ln35_reg_335   |    2   |
+------------------------+--------+
|          Total         |   450  |
+------------------------+--------+

* Multiplexer (MUX) list: 
|--------|------|------|------|--------|
|  Comp  |  Pin | Size |  BW  | S x BW |
|--------|------|------|------|--------|
|  Total |      |      |      |    0   |
|--------|------|------|------|--------|



* Summary:
+-----------+--------+--------+--------+
|           |   DSP  |   FF   |   LUT  |
+-----------+--------+--------+--------+
|  Function |    5   |   439  |  1006  |
|   Memory  |    -   |    -   |    -   |
|Multiplexer|    -   |    -   |    -   |
|  Register |    -   |   450  |    -   |
+-----------+--------+--------+--------+
|   Total   |    5   |   889  |  1006  |
+-----------+--------+--------+--------+
