C:/02_PXL/HAC_PXL_2024/Image_filter_taak/HLS/Convolutie/solution1/csynth.tcl:23:9: warning: HLS pragma dump _XLX_SEP_ PragmaIsValid=1_XLX_SEP_ PragmaType=top_XLX_SEP_ PragmaContext=directive_XLX_SEP_ PragmaFunction=applyConvolution_XLX_SEP_ PragmaOptions=name=applyConvolution_XLX_SEP_ [-Wdump-hls-pragmas]
#pragma HLSDIRECTIVE TOP name=applyConvolution
        ^
C:/02_PXL/HAC_PXL_2024/Image_filter_taak/HLS/Convolutie/solution1/directives.tcl:7:9: warning: HLS pragma dump _XLX_SEP_ PragmaIsValid=1_XLX_SEP_ PragmaType=interface_XLX_SEP_ PragmaContext=directive_XLX_SEP_ PragmaFunction=applyConvolution_XLX_SEP_ PragmaOptions=s_axilite port=return_XLX_SEP_ [-Wdump-hls-pragmas]
#pragma HLSDIRECTIVE INTERFACE s_axilite port=return
        ^
Convolutie/source/Convolutie.c:9:9: warning: HLS pragma dump _XLX_SEP_ PragmaIsValid=1_XLX_SEP_ PragmaType=interface_XLX_SEP_ PragmaContext=_XLX_SEP_ PragmaFunction=applyConvolution_XLX_SEP_ PragmaOptions=s_axilite port=return bundle=control_XLX_SEP_ [-Wdump-hls-pragmas]
#pragma HLS INTERFACE s_axilite port=return bundle=control
        ^
Convolutie/source/Convolutie.c:10:9: warning: HLS pragma dump _XLX_SEP_ PragmaIsValid=1_XLX_SEP_ PragmaType=interface_XLX_SEP_ PragmaContext=_XLX_SEP_ PragmaFunction=applyConvolution_XLX_SEP_ PragmaOptions=s_axilite port=image bundle=control_XLX_SEP_ [-Wdump-hls-pragmas]
#pragma HLS INTERFACE s_axilite port=image bundle=control
        ^
Convolutie/source/Convolutie.c:11:9: warning: HLS pragma dump _XLX_SEP_ PragmaIsValid=1_XLX_SEP_ PragmaType=interface_XLX_SEP_ PragmaContext=_XLX_SEP_ PragmaFunction=applyConvolution_XLX_SEP_ PragmaOptions=s_axilite port=output bundle=control_XLX_SEP_ [-Wdump-hls-pragmas]
#pragma HLS INTERFACE s_axilite port=output bundle=control
        ^
Convolutie/source/Convolutie.c:12:9: warning: HLS pragma dump _XLX_SEP_ PragmaIsValid=1_XLX_SEP_ PragmaType=interface_XLX_SEP_ PragmaContext=_XLX_SEP_ PragmaFunction=applyConvolution_XLX_SEP_ PragmaOptions=s_axilite port=width bundle=control_XLX_SEP_ [-Wdump-hls-pragmas]
#pragma HLS INTERFACE s_axilite port=width bundle=control
        ^
Convolutie/source/Convolutie.c:13:9: warning: HLS pragma dump _XLX_SEP_ PragmaIsValid=1_XLX_SEP_ PragmaType=interface_XLX_SEP_ PragmaContext=_XLX_SEP_ PragmaFunction=applyConvolution_XLX_SEP_ PragmaOptions=s_axilite port=height bundle=control_XLX_SEP_ [-Wdump-hls-pragmas]
#pragma HLS INTERFACE s_axilite port=height bundle=control
        ^
Convolutie/source/Convolutie.c:14:9: warning: HLS pragma dump _XLX_SEP_ PragmaIsValid=1_XLX_SEP_ PragmaType=interface_XLX_SEP_ PragmaContext=_XLX_SEP_ PragmaFunction=applyConvolution_XLX_SEP_ PragmaOptions=s_axilite port=channels bundle=control_XLX_SEP_ [-Wdump-hls-pragmas]
#pragma HLS INTERFACE s_axilite port=channels bundle=control
        ^
Convolutie/source/Convolutie.c:16:9: warning: HLS pragma dump _XLX_SEP_ PragmaIsValid=1_XLX_SEP_ PragmaType=interface_XLX_SEP_ PragmaContext=_XLX_SEP_ PragmaFunction=applyConvolution_XLX_SEP_ PragmaOptions=m_axi depth=65536 port=image offset=slave bundle=input_XLX_SEP_ [-Wdump-hls-pragmas]
#pragma HLS INTERFACE m_axi depth=65536 port=image offset=slave bundle=input
        ^
Convolutie/source/Convolutie.c:17:9: warning: HLS pragma dump _XLX_SEP_ PragmaIsValid=1_XLX_SEP_ PragmaType=interface_XLX_SEP_ PragmaContext=_XLX_SEP_ PragmaFunction=applyConvolution_XLX_SEP_ PragmaOptions=m_axi depth=65536 port=output offset=slave bundle=output_XLX_SEP_ [-Wdump-hls-pragmas]
#pragma HLS INTERFACE m_axi depth=65536 port=output offset=slave bundle=output
        ^
10 warnings generated.
