================================================================
== Design Size Report
================================================================

* Total Instructions per Compilation Phase
+---------------+-----------------------------+--------------+----------------------------------------------------------------------------------------+
| Phase         | Step                        | Instructions | Description                                                                            |
+---------------+-----------------------------+--------------+----------------------------------------------------------------------------------------+
| Compile/Link  |                             | 55,235       | After all functions are compiled and linked into a single design                       |
|               |                             |              |                                                                                        |
| Unroll/Inline |                             |              | After user unroll and inline pragmas are applied                                       |
|               | (1) unroll                  |  5,613       | user unroll pragmas are applied                                                        |
|               | (2) simplification          |  2,058       | simplification of applied user unroll pragmas                                          |
|               | (3) inline                  |  2,152       | user inline pragmas are applied                                                        |
|               | (4) simplification          |  1,366       | simplification of applied user inline pragmas                                          |
|               |                             |              |                                                                                        |
| Array/Struct  |                             |              | After user array partition and struct aggregate/disaggregate pragmas are applied       |
|               | (1) array partition         |  1,366       | user array partition pragmas are applied                                               |
|               | (2) simplification          |  1,366       | simplification of applied user array partition & struct aggregate/disaggregate pragmas |
|               | (3) aggregate/disaggregate  |  1,366       | user struct aggregate/disaggregate pragmas are applied                                 |
|               | (4) array reshape           |  1,366       | apply array reshape pragmas                                                            |
|               | (5) access patterns         |  1,392       | array access pattern optmizations                                                      |
|               |                             |              |                                                                                        |
| Performance   |                             |              | After transformations are applied to meet performance pragma targets                   |
|               | (1) loop simplification     |  1,290       | loop and instruction simplification                                                    |
|               | (2) parallelization         |  1,288       | loops are unrolled or pipelined to meet performance targets                            |
|               | (3) array partition         |  1,288       | arrays are partitioned to meet performance targets                                     |
|               | (4) simplification          |  1,288       | simplification of design after performance transformations                             |
|               |                             |              |                                                                                        |
| HW Transforms |                             |              | After hardware transfomations                                                          |
|               | (1) lowering                |  1,298       | initial conversion to HW specific instructions                                         |
|               | (2) optimizations           |  1,304       | high level synthesis optimizations                                                     |
+---------------+-----------------------------+--------------+----------------------------------------------------------------------------------------+

* Instructions per Function for each Compilation Phase
+---------------------------------------+-------------------+------------------+-----------------+-----------------+-----------------+-----------------+
| Function                              | Location          | Compile/Link     | Unroll/Inline   | Array/Struct    | Performance     | HW Transforms   |
+---------------------------------------+-------------------+------------------+-----------------+-----------------+-----------------+-----------------+
| + ImageTransform                      | hls_examen.c:8    | 55,235           | 1,366           | 1,392           | 1,288           | 1,304           |
|  + pow                                | powdouble.cpp:6   | 52,940 (2 calls) |                 |                 |                 |                 |
|   + pow_generic<double>               | hls_pow.h:291     | 52,936 (2 calls) |                 |                 |                 |                 |
|      fp_struct                        | x_hls_utils.h:456 | 1,248 (4 calls)  |                 |                 |                 |                 |
|      fp_struct                        | x_hls_utils.h:454 |     8 (2 calls)  |                 |                 |                 |                 |
|      expv                             | x_hls_utils.h:485 |   436 (4 calls)  |                 |                 |                 |                 |
|    + generic_isinf<double>            | hls_isinf.h:16    | 1,528 (4 calls)  |                 |                 |                 |                 |
|       fp_struct                       | x_hls_utils.h:456 | 1,248 (4 calls)  |                 |                 |                 |                 |
|    + generic_isnan<double>            | hls_isnan.h:16    | 1,532 (4 calls)  |                 |                 |                 |                 |
|       fp_struct                       | x_hls_utils.h:456 | 1,248 (4 calls)  |                 |                 |                 |                 |
|    + to_ieee                          | x_hls_utils.h:509 | 5,292 (18 calls) |                 |                 |                 |                 |
|     + to_double                       | x_hls_utils.h:494 | 5,256 (18 calls) |                 |                 |                 |                 |
|        data                           | x_hls_utils.h:475 | 4,932 (18 calls) |                 |                 |                 |                 |
|    + log_range_reduction<71>          | hls_pow.h:186     | 20,078 (2 calls) |                 |                 |                 |                 |
|       log_range_reduce<ap_fixed<12... | hls_pow.h:30      | 2,478 (2 calls)  |                 |                 |                 |                 |
|       log_range_reduce<ap_fixed<12... | hls_pow.h:30      | 2,420 (2 calls)  |                 |                 |                 |                 |
|       log_range_reduce<ap_fixed<12... | hls_pow.h:30      | 2,430 (2 calls)  |                 |                 |                 |                 |
|       log_range_reduce<ap_fixed<12... | hls_pow.h:30      | 2,438 (2 calls)  |                 |                 |                 |                 |
|       log_range_reduce<ap_fixed<12... | hls_pow.h:30      | 2,438 (2 calls)  |                 |                 |                 |                 |
|       log_range_reduce<ap_fixed<12... | hls_pow.h:30      | 2,438 (2 calls)  |                 |                 |                 |                 |
|       log_range_reduce<ap_fixed<12... | hls_pow.h:30      | 2,438 (2 calls)  |                 |                 |                 |                 |
|      exp_Z1P_m_1                      | hls_pow.h:224     | 5,370 (2 calls)  |                 |                 |                 |                 |
|  + pow_generic<double>                | hls_pow.h:291     |                  | 1,196 (2 calls) | 1,196 (2 calls) | 1,102 (2 calls) | 1,092 (2 calls) |
|     to_ieee                           | x_hls_utils.h:509 |                  |  144 (18 calls) |  144 (18 calls) |   90 (18 calls) |   90 (18 calls) |
|     log_range_reduction<71>           | hls_pow.h:186     |                  |  502 (2 calls)  |  502 (2 calls)  |  500 (2 calls)  |  500 (2 calls)  |
+---------------------------------------+-------------------+------------------+-----------------+-----------------+-----------------+-----------------+

* Design Size Message Settings
+---------------------------------------------+--------+------------------------------------------------------------------+
| Message Setting                             | Value  | Description                                                      |
+---------------------------------------------+--------+------------------------------------------------------------------+
| config_compile -design_size_maximum_warning | 100000 | Show a warning when total design instructions exceeds this value |
+---------------------------------------------+--------+------------------------------------------------------------------+


