================================================================
== Design Size Report
================================================================

* Total Instructions per Compilation Phase
+---------------+-----------------------------+--------------+----------------------------------------------------------------------------------------+
| Phase         | Step                        | Instructions | Description                                                                            |
+---------------+-----------------------------+--------------+----------------------------------------------------------------------------------------+
| Compile/Link  |                             | 2,266        | After all functions are compiled and linked into a single design                       |
|               |                             |              |                                                                                        |
| Unroll/Inline |                             |              | After user unroll and inline pragmas are applied                                       |
|               | (1) unroll                  |   320        | user unroll pragmas are applied                                                        |
|               | (2) simplification          |   179        | simplification of applied user unroll pragmas                                          |
|               | (3) inline                  |   178        | user inline pragmas are applied                                                        |
|               | (4) simplification          |   148        | simplification of applied user inline pragmas                                          |
|               |                             |              |                                                                                        |
| Array/Struct  |                             |              | After user array partition and struct aggregate/disaggregate pragmas are applied       |
|               | (1) array partition         |   148        | user array partition pragmas are applied                                               |
|               | (2) simplification          |   148        | simplification of applied user array partition & struct aggregate/disaggregate pragmas |
|               | (3) aggregate/disaggregate  |   148        | user struct aggregate/disaggregate pragmas are applied                                 |
|               | (4) array reshape           |   148        | apply array reshape pragmas                                                            |
|               | (5) access patterns         |   186        | array access pattern optmizations                                                      |
|               |                             |              |                                                                                        |
| Performance   |                             |              | After transformations are applied to meet performance pragma targets                   |
|               | (1) loop simplification     |   185        | loop and instruction simplification                                                    |
|               | (2) parallelization         |   184        | loops are unrolled or pipelined to meet performance targets                            |
|               | (3) array partition         |   184        | arrays are partitioned to meet performance targets                                     |
|               | (4) simplification          |   184        | simplification of design after performance transformations                             |
|               |                             |              |                                                                                        |
| HW Transforms |                             |              | After hardware transfomations                                                          |
|               | (1) lowering                |   194        | initial conversion to HW specific instructions                                         |
|               | (2) optimizations           |   202        | high level synthesis optimizations                                                     |
+---------------+-----------------------------+--------------+----------------------------------------------------------------------------------------+

* Instructions per Function for each Compilation Phase
+--------------------+----------------+--------------+---------------+--------------+-------------+---------------+
| Function           | Location       | Compile/Link | Unroll/Inline | Array/Struct | Performance | HW Transforms |
+--------------------+----------------+--------------+---------------+--------------+-------------+---------------+
|   applyConvolution | Convolutie.c:6 | 2,266        | 148           | 186          | 184         | 202           |
+--------------------+----------------+--------------+---------------+--------------+-------------+---------------+

* Design Size Message Settings
+---------------------------------------------+--------+------------------------------------------------------------------+
| Message Setting                             | Value  | Description                                                      |
+---------------------------------------------+--------+------------------------------------------------------------------+
| config_compile -design_size_maximum_warning | 100000 | Show a warning when total design instructions exceeds this value |
+---------------------------------------------+--------+------------------------------------------------------------------+


