ECHO is off.
ECHO is off.
INFO: [HLS 200-10] Running 'C:/Xilinx/Vitis_HLS/2023.2/bin/unwrapped/win64.o/vitis_hls.exe'
INFO: [HLS 200-10] For user 'kobed' on host 'beta' (Windows NT_amd64 version 6.2) on Thu May 23 14:21:17 +0200 2024
INFO: [HLS 200-10] In directory 'C:/XilinxDev/HACPXL2024/Image_filter_taak/HLS'
INFO: [HLS 200-2053] The vitis_hls executable is being deprecated. Consider using vitis-run --mode hls --tcl
Sourcing Tcl script 'C:/XilinxDev/HACPXL2024/Image_filter_taak/HLS/Convolutie/solution1/csim.tcl'
INFO: [HLS 200-1510] Running: source C:/XilinxDev/HACPXL2024/Image_filter_taak/HLS/Convolutie/solution1/csim.tcl
INFO: [HLS 200-1510] Running: open_project Convolutie 
INFO: [HLS 200-10] Opening project 'C:/XilinxDev/HACPXL2024/Image_filter_taak/HLS/Convolutie'.
INFO: [HLS 200-1510] Running: set_top Convolutie 
INFO: [HLS 200-1510] Running: add_files Convolutie/source/Convolutie.c 
INFO: [HLS 200-10] Adding design file 'Convolutie/source/Convolutie.c' to the project
INFO: [HLS 200-1510] Running: add_files Convolutie/source/Convolutie.h 
INFO: [HLS 200-10] Adding design file 'Convolutie/source/Convolutie.h' to the project
INFO: [HLS 200-1510] Running: add_files Convolutie/source/stb_image.h 
INFO: [HLS 200-10] Adding design file 'Convolutie/source/stb_image.h' to the project
INFO: [HLS 200-1510] Running: add_files Convolutie/source/stb_image_write.h 
INFO: [HLS 200-10] Adding design file 'Convolutie/source/stb_image_write.h' to the project
INFO: [HLS 200-1510] Running: add_files -tb Convolutie/source/Convolutie.h 
INFO: [HLS 200-10] Adding test bench file 'Convolutie/source/Convolutie.h' to the project
INFO: [HLS 200-1510] Running: add_files -tb Convolutie/source/Convolutie_TB.c -cflags -Wno-unknown-pragmas 
INFO: [HLS 200-10] Adding test bench file 'Convolutie/source/Convolutie_TB.c' to the project
INFO: [HLS 200-1510] Running: add_files -tb Convolutie/source/input.png 
INFO: [HLS 200-10] Adding test bench file 'Convolutie/source/input.png' to the project
INFO: [HLS 200-1510] Running: add_files -tb Convolutie/source/stb_image.h 
INFO: [HLS 200-10] Adding test bench file 'Convolutie/source/stb_image.h' to the project
INFO: [HLS 200-1510] Running: add_files -tb Convolutie/source/stb_image_write.h 
INFO: [HLS 200-10] Adding test bench file 'Convolutie/source/stb_image_write.h' to the project
INFO: [HLS 200-1510] Running: open_solution solution1 -flow_target vivado 
INFO: [HLS 200-10] Opening solution 'C:/XilinxDev/HACPXL2024/Image_filter_taak/HLS/Convolutie/solution1'.
INFO: [SYN 201-201] Setting up clock 'default' with a period of 8ns.
INFO: [HLS 200-1611] Setting target device to 'xc7z020-clg400-1'
INFO: [HLS 200-1505] Using flow_target 'vivado'
Resolution: For help on HLS 200-1505 see docs.xilinx.com/access/sources/dita/topic?Doc_Version=2023.2%20English&url=ug1448-hls-guidance&resourceid=200-1505.html
INFO: [HLS 200-1510] Running: set_part xc7z020-clg400-1 
INFO: [HLS 200-1510] Running: create_clock -period 8 -name default 
INFO: [HLS 200-1510] Running: csim_design -argv input.png -setup -quiet 
INFO: [SIM 211-2] *************** CSIM start ***************
INFO: [SIM 211-4] CSIM will launch GCC as the compiler.
INFO: [HLS 200-2036] Building debug C Simulation binaries
   Compiling(apcc) ../../../source/Convolutie.c in debug mode
ECHO is off.
ECHO is off.
INFO: [HLS 200-10] Running 'C:/Xilinx/Vitis_HLS/2023.2/bin/unwrapped/win64.o/apcc.exe'
INFO: [HLS 200-10] For user 'kobed' on host 'beta' (Windows NT_amd64 version 6.2) on Thu May 23 14:21:21 +0200 2024
INFO: [HLS 200-10] In directory 'C:/XilinxDev/HACPXL2024/Image_filter_taak/HLS/Convolutie/solution1/csim/build'
INFO: [APCC 202-3] Tmp directory is C:/XilinxDev/HACPXL2024/Image_filter_taak/HLS/Convolutie/solution1/csim/build/apcc_db_kobed/8108381839038
INFO: [APCC 202-1] APCC is done.
INFO: [HLS 200-112] Total CPU user time: 0 seconds. Total CPU system time: 0 seconds. Total elapsed time: 1.73 seconds; peak allocated memory: 0.000 MB.
   Generating csim.exe
INFO: [HLS 200-2035] Skipping execution of C Simulation due to 'setup' option
INFO: [SIM 211-1] CSim file generation done with 0 errors.
INFO: [SIM 211-3] *************** CSIM finish ***************
INFO: [HLS 200-111] Finished Command csim_design CPU user time: 0 seconds. CPU system time: 0 seconds. Elapsed time: 4.946 seconds; current allocated memory: 0.371 MB.
INFO: [HLS 200-112] Total CPU user time: 0 seconds. Total CPU system time: 0 seconds. Total elapsed time: 7.743 seconds; peak allocated memory: 117.094 MB.
